ERROR - 2024-02-06 13:07:48 --> Error connecting to the database: mysqli_sql_exception: No connection could be made because the target machine actively refused it in C:\xampp\htdocs\ASKIFY\system\Database\MySQLi\Connection.php:173
Stack trace:
#0 C:\xampp\htdocs\ASKIFY\system\Database\MySQLi\Connection.php(173): mysqli->real_connect('localhost', 'root', Object(SensitiveParameterValue), 'project', 3306, '', 0)
#1 C:\xampp\htdocs\ASKIFY\system\Database\BaseConnection.php(391): CodeIgniter\Database\MySQLi\Connection->connect(false)
#2 C:\xampp\htdocs\ASKIFY\system\Database\BaseConnection.php(573): CodeIgniter\Database\BaseConnection->initialize()
#3 C:\xampp\htdocs\ASKIFY\system\Database\BaseBuilder.php(1601): CodeIgniter\Database\BaseConnection->query('SELECT *\nFROM `...', Array, false)
#4 C:\xampp\htdocs\ASKIFY\system\Model.php(240): CodeIgniter\Database\BaseBuilder->get()
#5 C:\xampp\htdocs\ASKIFY\system\BaseModel.php(618): CodeIgniter\Model->doFindAll(0, 0)
#6 C:\xampp\htdocs\ASKIFY\app\Controllers\Home.php(11): CodeIgniter\BaseModel->findAll()
#7 C:\xampp\htdocs\ASKIFY\system\CodeIgniter.php(934): App\Controllers\Home->index()
#8 C:\xampp\htdocs\ASKIFY\system\CodeIgniter.php(499): CodeIgniter\CodeIgniter->runController(Object(App\Controllers\Home))
#9 C:\xampp\htdocs\ASKIFY\system\CodeIgniter.php(368): CodeIgniter\CodeIgniter->handleRequest(NULL, Object(Config\Cache), false)
#10 C:\xampp\htdocs\ASKIFY\public\index.php(67): CodeIgniter\CodeIgniter->run()
#11 C:\xampp\htdocs\ASKIFY\system\Commands\Server\rewrite.php(47): require_once('C:\\xampp\\htdocs...')
#12 {main}

Next CodeIgniter\Database\Exceptions\DatabaseException: No connection could be made because the target machine actively refused it in C:\xampp\htdocs\ASKIFY\system\Database\MySQLi\Connection.php:218
Stack trace:
#0 C:\xampp\htdocs\ASKIFY\system\Database\BaseConnection.php(391): CodeIgniter\Database\MySQLi\Connection->connect(false)
#1 C:\xampp\htdocs\ASKIFY\system\Database\BaseConnection.php(573): CodeIgniter\Database\BaseConnection->initialize()
#2 C:\xampp\htdocs\ASKIFY\system\Database\BaseBuilder.php(1601): CodeIgniter\Database\BaseConnection->query('SELECT *\nFROM `...', Array, false)
#3 C:\xampp\htdocs\ASKIFY\system\Model.php(240): CodeIgniter\Database\BaseBuilder->get()
#4 C:\xampp\htdocs\ASKIFY\system\BaseModel.php(618): CodeIgniter\Model->doFindAll(0, 0)
#5 C:\xampp\htdocs\ASKIFY\app\Controllers\Home.php(11): CodeIgniter\BaseModel->findAll()
#6 C:\xampp\htdocs\ASKIFY\system\CodeIgniter.php(934): App\Controllers\Home->index()
#7 C:\xampp\htdocs\ASKIFY\system\CodeIgniter.php(499): CodeIgniter\CodeIgniter->runController(Object(App\Controllers\Home))
#8 C:\xampp\htdocs\ASKIFY\system\CodeIgniter.php(368): CodeIgniter\CodeIgniter->handleRequest(NULL, Object(Config\Cache), false)
#9 C:\xampp\htdocs\ASKIFY\public\index.php(67): CodeIgniter\CodeIgniter->run()
#10 C:\xampp\htdocs\ASKIFY\system\Commands\Server\rewrite.php(47): require_once('C:\\xampp\\htdocs...')
#11 {main}
CRITICAL - 2024-02-06 13:07:48 --> Unable to connect to the database.
Main connection [MySQLi]: No connection could be made because the target machine actively refused it
in SYSTEMPATH\Database\BaseConnection.php on line 427.
 1 SYSTEMPATH\Database\BaseConnection.php(573): CodeIgniter\Database\BaseConnection->initialize()
 2 SYSTEMPATH\Database\BaseBuilder.php(1601): CodeIgniter\Database\BaseConnection->query('SELECT *
FROM `categories`', [], false)
 3 SYSTEMPATH\Model.php(240): CodeIgniter\Database\BaseBuilder->get()
 4 SYSTEMPATH\BaseModel.php(618): CodeIgniter\Model->doFindAll(0, 0)
 5 APPPATH\Controllers\Home.php(11): CodeIgniter\BaseModel->findAll()
 6 SYSTEMPATH\CodeIgniter.php(934): App\Controllers\Home->index()
 7 SYSTEMPATH\CodeIgniter.php(499): CodeIgniter\CodeIgniter->runController(Object(App\Controllers\Home))
 8 SYSTEMPATH\CodeIgniter.php(368): CodeIgniter\CodeIgniter->handleRequest(null, Object(Config\Cache), false)
 9 FCPATH\index.php(67): CodeIgniter\CodeIgniter->run()
10 SYSTEMPATH\Commands\Server\rewrite.php(47): require_once('FCPATH\\index.php')
CRITICAL - 2024-02-06 13:10:46 --> Invalid file: "user/selfprofile   .php"
in SYSTEMPATH\Exceptions\FrameworkException.php on line 33.
 1 SYSTEMPATH\View\View.php(201): CodeIgniter\Exceptions\FrameworkException::forInvalidFile('user/selfprofile   .php')
 2 SYSTEMPATH\Common.php(1177): CodeIgniter\View\View->render('user/selfprofile   ', [], true)
 3 APPPATH\Controllers\ProfileController.php(63): view('user/selfprofile   ', [...])
 4 SYSTEMPATH\CodeIgniter.php(934): App\Controllers\ProfileController->index()
 5 SYSTEMPATH\CodeIgniter.php(499): CodeIgniter\CodeIgniter->runController(Object(App\Controllers\ProfileController))
 6 SYSTEMPATH\CodeIgniter.php(368): CodeIgniter\CodeIgniter->handleRequest(null, Object(Config\Cache), false)
 7 FCPATH\index.php(67): CodeIgniter\CodeIgniter->run()
 8 SYSTEMPATH\Commands\Server\rewrite.php(47): require_once('FCPATH\\index.php')
CRITICAL - 2024-02-06 13:10:46 --> Invalid file: "user/selfprofile   .php"
in SYSTEMPATH\Exceptions\FrameworkException.php on line 33.
 1 SYSTEMPATH\View\View.php(201): CodeIgniter\Exceptions\FrameworkException::forInvalidFile('user/selfprofile   .php')
 2 SYSTEMPATH\Common.php(1177): CodeIgniter\View\View->render('user/selfprofile   ', [], true)
 3 APPPATH\Controllers\ProfileController.php(63): view('user/selfprofile   ', [...])
 4 SYSTEMPATH\CodeIgniter.php(934): App\Controllers\ProfileController->index()
 5 SYSTEMPATH\CodeIgniter.php(499): CodeIgniter\CodeIgniter->runController(Object(App\Controllers\ProfileController))
 6 SYSTEMPATH\CodeIgniter.php(368): CodeIgniter\CodeIgniter->handleRequest(null, Object(Config\Cache), false)
 7 FCPATH\index.php(67): CodeIgniter\CodeIgniter->run()
 8 SYSTEMPATH\Commands\Server\rewrite.php(47): require_once('FCPATH\\index.php')
CRITICAL - 2024-02-06 13:10:47 --> Invalid file: "user/selfprofile   .php"
in SYSTEMPATH\Exceptions\FrameworkException.php on line 33.
 1 SYSTEMPATH\View\View.php(201): CodeIgniter\Exceptions\FrameworkException::forInvalidFile('user/selfprofile   .php')
 2 SYSTEMPATH\Common.php(1177): CodeIgniter\View\View->render('user/selfprofile   ', [], true)
 3 APPPATH\Controllers\ProfileController.php(63): view('user/selfprofile   ', [...])
 4 SYSTEMPATH\CodeIgniter.php(934): App\Controllers\ProfileController->index()
 5 SYSTEMPATH\CodeIgniter.php(499): CodeIgniter\CodeIgniter->runController(Object(App\Controllers\ProfileController))
 6 SYSTEMPATH\CodeIgniter.php(368): CodeIgniter\CodeIgniter->handleRequest(null, Object(Config\Cache), false)
 7 FCPATH\index.php(67): CodeIgniter\CodeIgniter->run()
 8 SYSTEMPATH\Commands\Server\rewrite.php(47): require_once('FCPATH\\index.php')
CRITICAL - 2024-02-06 13:10:51 --> Invalid file: "user/selfprofile   .php"
in SYSTEMPATH\Exceptions\FrameworkException.php on line 33.
 1 SYSTEMPATH\View\View.php(201): CodeIgniter\Exceptions\FrameworkException::forInvalidFile('user/selfprofile   .php')
 2 SYSTEMPATH\Common.php(1177): CodeIgniter\View\View->render('user/selfprofile   ', [], true)
 3 APPPATH\Controllers\ProfileController.php(63): view('user/selfprofile   ', [...])
 4 SYSTEMPATH\CodeIgniter.php(934): App\Controllers\ProfileController->index()
 5 SYSTEMPATH\CodeIgniter.php(499): CodeIgniter\CodeIgniter->runController(Object(App\Controllers\ProfileController))
 6 SYSTEMPATH\CodeIgniter.php(368): CodeIgniter\CodeIgniter->handleRequest(null, Object(Config\Cache), false)
 7 FCPATH\index.php(67): CodeIgniter\CodeIgniter->run()
 8 SYSTEMPATH\Commands\Server\rewrite.php(47): require_once('FCPATH\\index.php')
CRITICAL - 2024-02-06 13:10:51 --> Invalid file: "user/selfprofile   .php"
in SYSTEMPATH\Exceptions\FrameworkException.php on line 33.
 1 SYSTEMPATH\View\View.php(201): CodeIgniter\Exceptions\FrameworkException::forInvalidFile('user/selfprofile   .php')
 2 SYSTEMPATH\Common.php(1177): CodeIgniter\View\View->render('user/selfprofile   ', [], true)
 3 APPPATH\Controllers\ProfileController.php(63): view('user/selfprofile   ', [...])
 4 SYSTEMPATH\CodeIgniter.php(934): App\Controllers\ProfileController->index()
 5 SYSTEMPATH\CodeIgniter.php(499): CodeIgniter\CodeIgniter->runController(Object(App\Controllers\ProfileController))
 6 SYSTEMPATH\CodeIgniter.php(368): CodeIgniter\CodeIgniter->handleRequest(null, Object(Config\Cache), false)
 7 FCPATH\index.php(67): CodeIgniter\CodeIgniter->run()
 8 SYSTEMPATH\Commands\Server\rewrite.php(47): require_once('FCPATH\\index.php')
CRITICAL - 2024-02-06 13:10:51 --> Invalid file: "user/selfprofile   .php"
in SYSTEMPATH\Exceptions\FrameworkException.php on line 33.
 1 SYSTEMPATH\View\View.php(201): CodeIgniter\Exceptions\FrameworkException::forInvalidFile('user/selfprofile   .php')
 2 SYSTEMPATH\Common.php(1177): CodeIgniter\View\View->render('user/selfprofile   ', [], true)
 3 APPPATH\Controllers\ProfileController.php(63): view('user/selfprofile   ', [...])
 4 SYSTEMPATH\CodeIgniter.php(934): App\Controllers\ProfileController->index()
 5 SYSTEMPATH\CodeIgniter.php(499): CodeIgniter\CodeIgniter->runController(Object(App\Controllers\ProfileController))
 6 SYSTEMPATH\CodeIgniter.php(368): CodeIgniter\CodeIgniter->handleRequest(null, Object(Config\Cache), false)
 7 FCPATH\index.php(67): CodeIgniter\CodeIgniter->run()
 8 SYSTEMPATH\Commands\Server\rewrite.php(47): require_once('FCPATH\\index.php')
CRITICAL - 2024-02-06 13:10:52 --> Invalid file: "user/selfprofile   .php"
in SYSTEMPATH\Exceptions\FrameworkException.php on line 33.
 1 SYSTEMPATH\View\View.php(201): CodeIgniter\Exceptions\FrameworkException::forInvalidFile('user/selfprofile   .php')
 2 SYSTEMPATH\Common.php(1177): CodeIgniter\View\View->render('user/selfprofile   ', [], true)
 3 APPPATH\Controllers\ProfileController.php(63): view('user/selfprofile   ', [...])
 4 SYSTEMPATH\CodeIgniter.php(934): App\Controllers\ProfileController->index()
 5 SYSTEMPATH\CodeIgniter.php(499): CodeIgniter\CodeIgniter->runController(Object(App\Controllers\ProfileController))
 6 SYSTEMPATH\CodeIgniter.php(368): CodeIgniter\CodeIgniter->handleRequest(null, Object(Config\Cache), false)
 7 FCPATH\index.php(67): CodeIgniter\CodeIgniter->run()
 8 SYSTEMPATH\Commands\Server\rewrite.php(47): require_once('FCPATH\\index.php')
CRITICAL - 2024-02-06 13:10:52 --> Invalid file: "user/selfprofile   .php"
in SYSTEMPATH\Exceptions\FrameworkException.php on line 33.
 1 SYSTEMPATH\View\View.php(201): CodeIgniter\Exceptions\FrameworkException::forInvalidFile('user/selfprofile   .php')
 2 SYSTEMPATH\Common.php(1177): CodeIgniter\View\View->render('user/selfprofile   ', [], true)
 3 APPPATH\Controllers\ProfileController.php(63): view('user/selfprofile   ', [...])
 4 SYSTEMPATH\CodeIgniter.php(934): App\Controllers\ProfileController->index()
 5 SYSTEMPATH\CodeIgniter.php(499): CodeIgniter\CodeIgniter->runController(Object(App\Controllers\ProfileController))
 6 SYSTEMPATH\CodeIgniter.php(368): CodeIgniter\CodeIgniter->handleRequest(null, Object(Config\Cache), false)
 7 FCPATH\index.php(67): CodeIgniter\CodeIgniter->run()
 8 SYSTEMPATH\Commands\Server\rewrite.php(47): require_once('FCPATH\\index.php')
CRITICAL - 2024-02-06 13:10:52 --> Invalid file: "user/selfprofile   .php"
in SYSTEMPATH\Exceptions\FrameworkException.php on line 33.
 1 SYSTEMPATH\View\View.php(201): CodeIgniter\Exceptions\FrameworkException::forInvalidFile('user/selfprofile   .php')
 2 SYSTEMPATH\Common.php(1177): CodeIgniter\View\View->render('user/selfprofile   ', [], true)
 3 APPPATH\Controllers\ProfileController.php(63): view('user/selfprofile   ', [...])
 4 SYSTEMPATH\CodeIgniter.php(934): App\Controllers\ProfileController->index()
 5 SYSTEMPATH\CodeIgniter.php(499): CodeIgniter\CodeIgniter->runController(Object(App\Controllers\ProfileController))
 6 SYSTEMPATH\CodeIgniter.php(368): CodeIgniter\CodeIgniter->handleRequest(null, Object(Config\Cache), false)
 7 FCPATH\index.php(67): CodeIgniter\CodeIgniter->run()
 8 SYSTEMPATH\Commands\Server\rewrite.php(47): require_once('FCPATH\\index.php')
CRITICAL - 2024-02-06 13:33:51 --> Undefined variable $desiredCategoryIds
in APPPATH\Views\user\selfprofile.php on line 30.
 1 APPPATH\Views\user\selfprofile.php(30): CodeIgniter\Debug\Exceptions->errorHandler(2, 'Undefined variable $desiredCategoryIds', 'APPPATH\\Views\\user\\selfprofile.php', 30)
 2 SYSTEMPATH\View\View.php(213): include('APPPATH\\Views\\user\\selfprofile.php')
 3 SYSTEMPATH\View\View.php(216): CodeIgniter\View\View->CodeIgniter\View\{closure}()
 4 SYSTEMPATH\Common.php(1177): CodeIgniter\View\View->render('user/selfprofile', [], true)
 5 APPPATH\Controllers\ProfileController.php(63): view('user/selfprofile', [...])
 6 SYSTEMPATH\CodeIgniter.php(934): App\Controllers\ProfileController->index()
 7 SYSTEMPATH\CodeIgniter.php(499): CodeIgniter\CodeIgniter->runController(Object(App\Controllers\ProfileController))
 8 SYSTEMPATH\CodeIgniter.php(368): CodeIgniter\CodeIgniter->handleRequest(null, Object(Config\Cache), false)
 9 FCPATH\index.php(67): CodeIgniter\CodeIgniter->run()
10 SYSTEMPATH\Commands\Server\rewrite.php(47): require_once('FCPATH\\index.php')
CRITICAL - 2024-02-06 13:33:51 --> Undefined variable $desiredCategoryIds
in APPPATH\Views\user\selfprofile.php on line 30.
 1 APPPATH\Views\user\selfprofile.php(30): CodeIgniter\Debug\Exceptions->errorHandler(2, 'Undefined variable $desiredCategoryIds', 'APPPATH\\Views\\user\\selfprofile.php', 30)
 2 SYSTEMPATH\View\View.php(213): include('APPPATH\\Views\\user\\selfprofile.php')
 3 SYSTEMPATH\View\View.php(216): CodeIgniter\View\View->CodeIgniter\View\{closure}()
 4 SYSTEMPATH\Common.php(1177): CodeIgniter\View\View->render('user/selfprofile', [], true)
 5 APPPATH\Controllers\ProfileController.php(63): view('user/selfprofile', [...])
 6 SYSTEMPATH\CodeIgniter.php(934): App\Controllers\ProfileController->index()
 7 SYSTEMPATH\CodeIgniter.php(499): CodeIgniter\CodeIgniter->runController(Object(App\Controllers\ProfileController))
 8 SYSTEMPATH\CodeIgniter.php(368): CodeIgniter\CodeIgniter->handleRequest(null, Object(Config\Cache), false)
 9 FCPATH\index.php(67): CodeIgniter\CodeIgniter->run()
10 SYSTEMPATH\Commands\Server\rewrite.php(47): require_once('FCPATH\\index.php')
CRITICAL - 2024-02-06 13:33:51 --> Undefined variable $desiredCategoryIds
in APPPATH\Views\user\selfprofile.php on line 30.
 1 APPPATH\Views\user\selfprofile.php(30): CodeIgniter\Debug\Exceptions->errorHandler(2, 'Undefined variable $desiredCategoryIds', 'APPPATH\\Views\\user\\selfprofile.php', 30)
 2 SYSTEMPATH\View\View.php(213): include('APPPATH\\Views\\user\\selfprofile.php')
 3 SYSTEMPATH\View\View.php(216): CodeIgniter\View\View->CodeIgniter\View\{closure}()
 4 SYSTEMPATH\Common.php(1177): CodeIgniter\View\View->render('user/selfprofile', [], true)
 5 APPPATH\Controllers\ProfileController.php(63): view('user/selfprofile', [...])
 6 SYSTEMPATH\CodeIgniter.php(934): App\Controllers\ProfileController->index()
 7 SYSTEMPATH\CodeIgniter.php(499): CodeIgniter\CodeIgniter->runController(Object(App\Controllers\ProfileController))
 8 SYSTEMPATH\CodeIgniter.php(368): CodeIgniter\CodeIgniter->handleRequest(null, Object(Config\Cache), false)
 9 FCPATH\index.php(67): CodeIgniter\CodeIgniter->run()
10 SYSTEMPATH\Commands\Server\rewrite.php(47): require_once('FCPATH\\index.php')
CRITICAL - 2024-02-06 13:33:51 --> Undefined variable $desiredCategoryIds
in APPPATH\Views\user\selfprofile.php on line 30.
 1 APPPATH\Views\user\selfprofile.php(30): CodeIgniter\Debug\Exceptions->errorHandler(2, 'Undefined variable $desiredCategoryIds', 'APPPATH\\Views\\user\\selfprofile.php', 30)
 2 SYSTEMPATH\View\View.php(213): include('APPPATH\\Views\\user\\selfprofile.php')
 3 SYSTEMPATH\View\View.php(216): CodeIgniter\View\View->CodeIgniter\View\{closure}()
 4 SYSTEMPATH\Common.php(1177): CodeIgniter\View\View->render('user/selfprofile', [], true)
 5 APPPATH\Controllers\ProfileController.php(63): view('user/selfprofile', [...])
 6 SYSTEMPATH\CodeIgniter.php(934): App\Controllers\ProfileController->index()
 7 SYSTEMPATH\CodeIgniter.php(499): CodeIgniter\CodeIgniter->runController(Object(App\Controllers\ProfileController))
 8 SYSTEMPATH\CodeIgniter.php(368): CodeIgniter\CodeIgniter->handleRequest(null, Object(Config\Cache), false)
 9 FCPATH\index.php(67): CodeIgniter\CodeIgniter->run()
10 SYSTEMPATH\Commands\Server\rewrite.php(47): require_once('FCPATH\\index.php')
CRITICAL - 2024-02-06 13:34:30 --> Undefined variable $desiredCategoryIds
in APPPATH\Views\user\selfprofile.php on line 30.
 1 APPPATH\Views\user\selfprofile.php(30): CodeIgniter\Debug\Exceptions->errorHandler(2, 'Undefined variable $desiredCategoryIds', 'APPPATH\\Views\\user\\selfprofile.php', 30)
 2 SYSTEMPATH\View\View.php(213): include('APPPATH\\Views\\user\\selfprofile.php')
 3 SYSTEMPATH\View\View.php(216): CodeIgniter\View\View->CodeIgniter\View\{closure}()
 4 SYSTEMPATH\Common.php(1177): CodeIgniter\View\View->render('user/selfprofile', [], true)
 5 APPPATH\Controllers\ProfileController.php(63): view('user/selfprofile', [...])
 6 SYSTEMPATH\CodeIgniter.php(934): App\Controllers\ProfileController->index()
 7 SYSTEMPATH\CodeIgniter.php(499): CodeIgniter\CodeIgniter->runController(Object(App\Controllers\ProfileController))
 8 SYSTEMPATH\CodeIgniter.php(368): CodeIgniter\CodeIgniter->handleRequest(null, Object(Config\Cache), false)
 9 FCPATH\index.php(67): CodeIgniter\CodeIgniter->run()
10 SYSTEMPATH\Commands\Server\rewrite.php(47): require_once('FCPATH\\index.php')
CRITICAL - 2024-02-06 13:34:30 --> Undefined variable $desiredCategoryIds
in APPPATH\Views\user\selfprofile.php on line 30.
 1 APPPATH\Views\user\selfprofile.php(30): CodeIgniter\Debug\Exceptions->errorHandler(2, 'Undefined variable $desiredCategoryIds', 'APPPATH\\Views\\user\\selfprofile.php', 30)
 2 SYSTEMPATH\View\View.php(213): include('APPPATH\\Views\\user\\selfprofile.php')
 3 SYSTEMPATH\View\View.php(216): CodeIgniter\View\View->CodeIgniter\View\{closure}()
 4 SYSTEMPATH\Common.php(1177): CodeIgniter\View\View->render('user/selfprofile', [], true)
 5 APPPATH\Controllers\ProfileController.php(63): view('user/selfprofile', [...])
 6 SYSTEMPATH\CodeIgniter.php(934): App\Controllers\ProfileController->index()
 7 SYSTEMPATH\CodeIgniter.php(499): CodeIgniter\CodeIgniter->runController(Object(App\Controllers\ProfileController))
 8 SYSTEMPATH\CodeIgniter.php(368): CodeIgniter\CodeIgniter->handleRequest(null, Object(Config\Cache), false)
 9 FCPATH\index.php(67): CodeIgniter\CodeIgniter->run()
10 SYSTEMPATH\Commands\Server\rewrite.php(47): require_once('FCPATH\\index.php')
CRITICAL - 2024-02-06 13:44:21 --> Invalid file: "viewbycategory.php"
in SYSTEMPATH\Exceptions\FrameworkException.php on line 33.
 1 SYSTEMPATH\View\View.php(201): CodeIgniter\Exceptions\FrameworkException::forInvalidFile('viewbycategory.php')
 2 SYSTEMPATH\Common.php(1177): CodeIgniter\View\View->render('viewbycategory', [], true)
 3 APPPATH\Controllers\HomepageController.php(131): view('viewbycategory')
 4 SYSTEMPATH\CodeIgniter.php(934): App\Controllers\HomepageController->CategoryByView()
 5 SYSTEMPATH\CodeIgniter.php(499): CodeIgniter\CodeIgniter->runController(Object(App\Controllers\HomepageController))
 6 SYSTEMPATH\CodeIgniter.php(368): CodeIgniter\CodeIgniter->handleRequest(null, Object(Config\Cache), false)
 7 FCPATH\index.php(67): CodeIgniter\CodeIgniter->run()
 8 SYSTEMPATH\Commands\Server\rewrite.php(47): require_once('FCPATH\\index.php')
ERROR - 2024-02-06 14:00:53 --> mysqli_sql_exception: Cannot add or update a child row: a foreign key constraint fails (`project`.`question`, CONSTRAINT `question` FOREIGN KEY (`category_id`) REFERENCES `categories` (`id`)) in C:\xampp\htdocs\ASKIFY\system\Database\MySQLi\Connection.php:295
Stack trace:
#0 C:\xampp\htdocs\ASKIFY\system\Database\MySQLi\Connection.php(295): mysqli->query('INSERT INTO `qu...', 0)
#1 C:\xampp\htdocs\ASKIFY\system\Database\BaseConnection.php(691): CodeIgniter\Database\MySQLi\Connection->execute('INSERT INTO `qu...')
#2 C:\xampp\htdocs\ASKIFY\system\Database\BaseConnection.php(605): CodeIgniter\Database\BaseConnection->simpleQuery('INSERT INTO `qu...')
#3 C:\xampp\htdocs\ASKIFY\system\Database\BaseBuilder.php(2294): CodeIgniter\Database\BaseConnection->query('INSERT INTO `qu...', Array, false)
#4 C:\xampp\htdocs\ASKIFY\system\Model.php(329): CodeIgniter\Database\BaseBuilder->insert()
#5 C:\xampp\htdocs\ASKIFY\system\BaseModel.php(782): CodeIgniter\Model->doInsert(Array)
#6 C:\xampp\htdocs\ASKIFY\system\Model.php(728): CodeIgniter\BaseModel->insert(Array, true)
#7 C:\xampp\htdocs\ASKIFY\app\Controllers\HomepageController.php(99): CodeIgniter\Model->insert(Array)
#8 C:\xampp\htdocs\ASKIFY\system\CodeIgniter.php(934): App\Controllers\HomepageController->SubmitPost()
#9 C:\xampp\htdocs\ASKIFY\system\CodeIgniter.php(499): CodeIgniter\CodeIgniter->runController(Object(App\Controllers\HomepageController))
#10 C:\xampp\htdocs\ASKIFY\system\CodeIgniter.php(368): CodeIgniter\CodeIgniter->handleRequest(NULL, Object(Config\Cache), false)
#11 C:\xampp\htdocs\ASKIFY\public\index.php(67): CodeIgniter\CodeIgniter->run()
#12 C:\xampp\htdocs\ASKIFY\system\Commands\Server\rewrite.php(47): require_once('C:\\xampp\\htdocs...')
#13 {main}
CRITICAL - 2024-02-06 14:00:53 --> Cannot add or update a child row: a foreign key constraint fails (`project`.`question`, CONSTRAINT `question` FOREIGN KEY (`category_id`) REFERENCES `categories` (`id`))
in SYSTEMPATH\Database\BaseConnection.php on line 645.
 1 SYSTEMPATH\Database\BaseBuilder.php(2294): CodeIgniter\Database\BaseConnection->query('INSERT INTO `question` (`title`, `description`, `media`, `user_id`) VALUES (:title:, :description:, :media:, :user_id:)', [...], false)
 2 SYSTEMPATH\Model.php(329): CodeIgniter\Database\BaseBuilder->insert()
 3 SYSTEMPATH\BaseModel.php(782): CodeIgniter\Model->doInsert([...])
 4 SYSTEMPATH\Model.php(728): CodeIgniter\BaseModel->insert([...], true)
 5 APPPATH\Controllers\HomepageController.php(99): CodeIgniter\Model->insert([...])
 6 SYSTEMPATH\CodeIgniter.php(934): App\Controllers\HomepageController->SubmitPost()
 7 SYSTEMPATH\CodeIgniter.php(499): CodeIgniter\CodeIgniter->runController(Object(App\Controllers\HomepageController))
 8 SYSTEMPATH\CodeIgniter.php(368): CodeIgniter\CodeIgniter->handleRequest(null, Object(Config\Cache), false)
 9 FCPATH\index.php(67): CodeIgniter\CodeIgniter->run()
10 SYSTEMPATH\Commands\Server\rewrite.php(47): require_once('FCPATH\\index.php')
ERROR - 2024-02-06 14:05:01 --> mysqli_sql_exception: Cannot add or update a child row: a foreign key constraint fails (`project`.`question`, CONSTRAINT `question` FOREIGN KEY (`category_id`) REFERENCES `categories` (`id`)) in C:\xampp\htdocs\ASKIFY\system\Database\MySQLi\Connection.php:295
Stack trace:
#0 C:\xampp\htdocs\ASKIFY\system\Database\MySQLi\Connection.php(295): mysqli->query('INSERT INTO `qu...', 0)
#1 C:\xampp\htdocs\ASKIFY\system\Database\BaseConnection.php(691): CodeIgniter\Database\MySQLi\Connection->execute('INSERT INTO `qu...')
#2 C:\xampp\htdocs\ASKIFY\system\Database\BaseConnection.php(605): CodeIgniter\Database\BaseConnection->simpleQuery('INSERT INTO `qu...')
#3 C:\xampp\htdocs\ASKIFY\system\Database\BaseBuilder.php(2294): CodeIgniter\Database\BaseConnection->query('INSERT INTO `qu...', Array, false)
#4 C:\xampp\htdocs\ASKIFY\system\Model.php(329): CodeIgniter\Database\BaseBuilder->insert()
#5 C:\xampp\htdocs\ASKIFY\system\BaseModel.php(782): CodeIgniter\Model->doInsert(Array)
#6 C:\xampp\htdocs\ASKIFY\system\Model.php(728): CodeIgniter\BaseModel->insert(Array, true)
#7 C:\xampp\htdocs\ASKIFY\app\Controllers\HomepageController.php(102): CodeIgniter\Model->insert(Array)
#8 C:\xampp\htdocs\ASKIFY\system\CodeIgniter.php(934): App\Controllers\HomepageController->SubmitPost()
#9 C:\xampp\htdocs\ASKIFY\system\CodeIgniter.php(499): CodeIgniter\CodeIgniter->runController(Object(App\Controllers\HomepageController))
#10 C:\xampp\htdocs\ASKIFY\system\CodeIgniter.php(368): CodeIgniter\CodeIgniter->handleRequest(NULL, Object(Config\Cache), false)
#11 C:\xampp\htdocs\ASKIFY\public\index.php(67): CodeIgniter\CodeIgniter->run()
#12 C:\xampp\htdocs\ASKIFY\system\Commands\Server\rewrite.php(47): require_once('C:\\xampp\\htdocs...')
#13 {main}
CRITICAL - 2024-02-06 14:05:01 --> Cannot add or update a child row: a foreign key constraint fails (`project`.`question`, CONSTRAINT `question` FOREIGN KEY (`category_id`) REFERENCES `categories` (`id`))
in SYSTEMPATH\Database\BaseConnection.php on line 645.
 1 SYSTEMPATH\Database\BaseBuilder.php(2294): CodeIgniter\Database\BaseConnection->query('INSERT INTO `question` (`title`, `description`, `media`, `user_id`) VALUES (:title:, :description:, :media:, :user_id:)', [...], false)
 2 SYSTEMPATH\Model.php(329): CodeIgniter\Database\BaseBuilder->insert()
 3 SYSTEMPATH\BaseModel.php(782): CodeIgniter\Model->doInsert([...])
 4 SYSTEMPATH\Model.php(728): CodeIgniter\BaseModel->insert([...], true)
 5 APPPATH\Controllers\HomepageController.php(102): CodeIgniter\Model->insert([...])
 6 SYSTEMPATH\CodeIgniter.php(934): App\Controllers\HomepageController->SubmitPost()
 7 SYSTEMPATH\CodeIgniter.php(499): CodeIgniter\CodeIgniter->runController(Object(App\Controllers\HomepageController))
 8 SYSTEMPATH\CodeIgniter.php(368): CodeIgniter\CodeIgniter->handleRequest(null, Object(Config\Cache), false)
 9 FCPATH\index.php(67): CodeIgniter\CodeIgniter->run()
10 SYSTEMPATH\Commands\Server\rewrite.php(47): require_once('FCPATH\\index.php')
ERROR - 2024-02-06 14:05:12 --> mysqli_sql_exception: Cannot add or update a child row: a foreign key constraint fails (`project`.`question`, CONSTRAINT `question` FOREIGN KEY (`category_id`) REFERENCES `categories` (`id`)) in C:\xampp\htdocs\ASKIFY\system\Database\MySQLi\Connection.php:295
Stack trace:
#0 C:\xampp\htdocs\ASKIFY\system\Database\MySQLi\Connection.php(295): mysqli->query('INSERT INTO `qu...', 0)
#1 C:\xampp\htdocs\ASKIFY\system\Database\BaseConnection.php(691): CodeIgniter\Database\MySQLi\Connection->execute('INSERT INTO `qu...')
#2 C:\xampp\htdocs\ASKIFY\system\Database\BaseConnection.php(605): CodeIgniter\Database\BaseConnection->simpleQuery('INSERT INTO `qu...')
#3 C:\xampp\htdocs\ASKIFY\system\Database\BaseBuilder.php(2294): CodeIgniter\Database\BaseConnection->query('INSERT INTO `qu...', Array, false)
#4 C:\xampp\htdocs\ASKIFY\system\Model.php(329): CodeIgniter\Database\BaseBuilder->insert()
#5 C:\xampp\htdocs\ASKIFY\system\BaseModel.php(782): CodeIgniter\Model->doInsert(Array)
#6 C:\xampp\htdocs\ASKIFY\system\Model.php(728): CodeIgniter\BaseModel->insert(Array, true)
#7 C:\xampp\htdocs\ASKIFY\app\Controllers\HomepageController.php(102): CodeIgniter\Model->insert(Array)
#8 C:\xampp\htdocs\ASKIFY\system\CodeIgniter.php(934): App\Controllers\HomepageController->SubmitPost()
#9 C:\xampp\htdocs\ASKIFY\system\CodeIgniter.php(499): CodeIgniter\CodeIgniter->runController(Object(App\Controllers\HomepageController))
#10 C:\xampp\htdocs\ASKIFY\system\CodeIgniter.php(368): CodeIgniter\CodeIgniter->handleRequest(NULL, Object(Config\Cache), false)
#11 C:\xampp\htdocs\ASKIFY\public\index.php(67): CodeIgniter\CodeIgniter->run()
#12 C:\xampp\htdocs\ASKIFY\system\Commands\Server\rewrite.php(47): require_once('C:\\xampp\\htdocs...')
#13 {main}
CRITICAL - 2024-02-06 14:05:12 --> Cannot add or update a child row: a foreign key constraint fails (`project`.`question`, CONSTRAINT `question` FOREIGN KEY (`category_id`) REFERENCES `categories` (`id`))
in SYSTEMPATH\Database\BaseConnection.php on line 645.
 1 SYSTEMPATH\Database\BaseBuilder.php(2294): CodeIgniter\Database\BaseConnection->query('INSERT INTO `question` (`title`, `description`, `media`, `user_id`) VALUES (:title:, :description:, :media:, :user_id:)', [...], false)
 2 SYSTEMPATH\Model.php(329): CodeIgniter\Database\BaseBuilder->insert()
 3 SYSTEMPATH\BaseModel.php(782): CodeIgniter\Model->doInsert([...])
 4 SYSTEMPATH\Model.php(728): CodeIgniter\BaseModel->insert([...], true)
 5 APPPATH\Controllers\HomepageController.php(102): CodeIgniter\Model->insert([...])
 6 SYSTEMPATH\CodeIgniter.php(934): App\Controllers\HomepageController->SubmitPost()
 7 SYSTEMPATH\CodeIgniter.php(499): CodeIgniter\CodeIgniter->runController(Object(App\Controllers\HomepageController))
 8 SYSTEMPATH\CodeIgniter.php(368): CodeIgniter\CodeIgniter->handleRequest(null, Object(Config\Cache), false)
 9 FCPATH\index.php(67): CodeIgniter\CodeIgniter->run()
10 SYSTEMPATH\Commands\Server\rewrite.php(47): require_once('FCPATH\\index.php')
ERROR - 2024-02-06 14:10:13 --> mysqli_sql_exception: Cannot add or update a child row: a foreign key constraint fails (`project`.`question`, CONSTRAINT `question` FOREIGN KEY (`category_id`) REFERENCES `categories` (`id`)) in C:\xampp\htdocs\ASKIFY\system\Database\MySQLi\Connection.php:295
Stack trace:
#0 C:\xampp\htdocs\ASKIFY\system\Database\MySQLi\Connection.php(295): mysqli->query('INSERT INTO `qu...', 0)
#1 C:\xampp\htdocs\ASKIFY\system\Database\BaseConnection.php(691): CodeIgniter\Database\MySQLi\Connection->execute('INSERT INTO `qu...')
#2 C:\xampp\htdocs\ASKIFY\system\Database\BaseConnection.php(605): CodeIgniter\Database\BaseConnection->simpleQuery('INSERT INTO `qu...')
#3 C:\xampp\htdocs\ASKIFY\system\Database\BaseBuilder.php(2294): CodeIgniter\Database\BaseConnection->query('INSERT INTO `qu...', Array, false)
#4 C:\xampp\htdocs\ASKIFY\system\Model.php(329): CodeIgniter\Database\BaseBuilder->insert()
#5 C:\xampp\htdocs\ASKIFY\system\BaseModel.php(782): CodeIgniter\Model->doInsert(Array)
#6 C:\xampp\htdocs\ASKIFY\system\Model.php(728): CodeIgniter\BaseModel->insert(Array, true)
#7 C:\xampp\htdocs\ASKIFY\app\Controllers\HomepageController.php(102): CodeIgniter\Model->insert(Array)
#8 C:\xampp\htdocs\ASKIFY\system\CodeIgniter.php(934): App\Controllers\HomepageController->SubmitPost()
#9 C:\xampp\htdocs\ASKIFY\system\CodeIgniter.php(499): CodeIgniter\CodeIgniter->runController(Object(App\Controllers\HomepageController))
#10 C:\xampp\htdocs\ASKIFY\system\CodeIgniter.php(368): CodeIgniter\CodeIgniter->handleRequest(NULL, Object(Config\Cache), false)
#11 C:\xampp\htdocs\ASKIFY\public\index.php(67): CodeIgniter\CodeIgniter->run()
#12 C:\xampp\htdocs\ASKIFY\system\Commands\Server\rewrite.php(47): require_once('C:\\xampp\\htdocs...')
#13 {main}
CRITICAL - 2024-02-06 14:10:13 --> Cannot add or update a child row: a foreign key constraint fails (`project`.`question`, CONSTRAINT `question` FOREIGN KEY (`category_id`) REFERENCES `categories` (`id`))
in SYSTEMPATH\Database\BaseConnection.php on line 645.
 1 SYSTEMPATH\Database\BaseBuilder.php(2294): CodeIgniter\Database\BaseConnection->query('INSERT INTO `question` (`title`, `description`, `media`, `user_id`) VALUES (:title:, :description:, :media:, :user_id:)', [...], false)
 2 SYSTEMPATH\Model.php(329): CodeIgniter\Database\BaseBuilder->insert()
 3 SYSTEMPATH\BaseModel.php(782): CodeIgniter\Model->doInsert([...])
 4 SYSTEMPATH\Model.php(728): CodeIgniter\BaseModel->insert([...], true)
 5 APPPATH\Controllers\HomepageController.php(102): CodeIgniter\Model->insert([...])
 6 SYSTEMPATH\CodeIgniter.php(934): App\Controllers\HomepageController->SubmitPost()
 7 SYSTEMPATH\CodeIgniter.php(499): CodeIgniter\CodeIgniter->runController(Object(App\Controllers\HomepageController))
 8 SYSTEMPATH\CodeIgniter.php(368): CodeIgniter\CodeIgniter->handleRequest(null, Object(Config\Cache), false)
 9 FCPATH\index.php(67): CodeIgniter\CodeIgniter->run()
10 SYSTEMPATH\Commands\Server\rewrite.php(47): require_once('FCPATH\\index.php')
ERROR - 2024-02-06 14:11:15 --> mysqli_sql_exception: Cannot add or update a child row: a foreign key constraint fails (`project`.`question`, CONSTRAINT `question` FOREIGN KEY (`category_id`) REFERENCES `categories` (`id`)) in C:\xampp\htdocs\ASKIFY\system\Database\MySQLi\Connection.php:295
Stack trace:
#0 C:\xampp\htdocs\ASKIFY\system\Database\MySQLi\Connection.php(295): mysqli->query('INSERT INTO `qu...', 0)
#1 C:\xampp\htdocs\ASKIFY\system\Database\BaseConnection.php(691): CodeIgniter\Database\MySQLi\Connection->execute('INSERT INTO `qu...')
#2 C:\xampp\htdocs\ASKIFY\system\Database\BaseConnection.php(605): CodeIgniter\Database\BaseConnection->simpleQuery('INSERT INTO `qu...')
#3 C:\xampp\htdocs\ASKIFY\system\Database\BaseBuilder.php(2294): CodeIgniter\Database\BaseConnection->query('INSERT INTO `qu...', Array, false)
#4 C:\xampp\htdocs\ASKIFY\system\Model.php(329): CodeIgniter\Database\BaseBuilder->insert()
#5 C:\xampp\htdocs\ASKIFY\system\BaseModel.php(782): CodeIgniter\Model->doInsert(Array)
#6 C:\xampp\htdocs\ASKIFY\system\Model.php(728): CodeIgniter\BaseModel->insert(Array, true)
#7 C:\xampp\htdocs\ASKIFY\app\Controllers\HomepageController.php(132): CodeIgniter\Model->insert(Array)
#8 C:\xampp\htdocs\ASKIFY\system\CodeIgniter.php(934): App\Controllers\HomepageController->SubmitQuestion()
#9 C:\xampp\htdocs\ASKIFY\system\CodeIgniter.php(499): CodeIgniter\CodeIgniter->runController(Object(App\Controllers\HomepageController))
#10 C:\xampp\htdocs\ASKIFY\system\CodeIgniter.php(368): CodeIgniter\CodeIgniter->handleRequest(NULL, Object(Config\Cache), false)
#11 C:\xampp\htdocs\ASKIFY\public\index.php(67): CodeIgniter\CodeIgniter->run()
#12 C:\xampp\htdocs\ASKIFY\system\Commands\Server\rewrite.php(47): require_once('C:\\xampp\\htdocs...')
#13 {main}
CRITICAL - 2024-02-06 14:11:15 --> Cannot add or update a child row: a foreign key constraint fails (`project`.`question`, CONSTRAINT `question` FOREIGN KEY (`category_id`) REFERENCES `categories` (`id`))
in SYSTEMPATH\Database\BaseConnection.php on line 645.
 1 SYSTEMPATH\Database\BaseBuilder.php(2294): CodeIgniter\Database\BaseConnection->query('INSERT INTO `question` (`title`, `description`, `user_id`) VALUES (:title:, :description:, :user_id:)', [...], false)
 2 SYSTEMPATH\Model.php(329): CodeIgniter\Database\BaseBuilder->insert()
 3 SYSTEMPATH\BaseModel.php(782): CodeIgniter\Model->doInsert([...])
 4 SYSTEMPATH\Model.php(728): CodeIgniter\BaseModel->insert([...], true)
 5 APPPATH\Controllers\HomepageController.php(132): CodeIgniter\Model->insert([...])
 6 SYSTEMPATH\CodeIgniter.php(934): App\Controllers\HomepageController->SubmitQuestion()
 7 SYSTEMPATH\CodeIgniter.php(499): CodeIgniter\CodeIgniter->runController(Object(App\Controllers\HomepageController))
 8 SYSTEMPATH\CodeIgniter.php(368): CodeIgniter\CodeIgniter->handleRequest(null, Object(Config\Cache), false)
 9 FCPATH\index.php(67): CodeIgniter\CodeIgniter->run()
10 SYSTEMPATH\Commands\Server\rewrite.php(47): require_once('FCPATH\\index.php')
ERROR - 2024-02-06 14:15:32 --> mysqli_sql_exception: Cannot add or update a child row: a foreign key constraint fails (`project`.`question`, CONSTRAINT `question` FOREIGN KEY (`category_id`) REFERENCES `categories` (`id`)) in C:\xampp\htdocs\ASKIFY\system\Database\MySQLi\Connection.php:295
Stack trace:
#0 C:\xampp\htdocs\ASKIFY\system\Database\MySQLi\Connection.php(295): mysqli->query('INSERT INTO `qu...', 0)
#1 C:\xampp\htdocs\ASKIFY\system\Database\BaseConnection.php(691): CodeIgniter\Database\MySQLi\Connection->execute('INSERT INTO `qu...')
#2 C:\xampp\htdocs\ASKIFY\system\Database\BaseConnection.php(605): CodeIgniter\Database\BaseConnection->simpleQuery('INSERT INTO `qu...')
#3 C:\xampp\htdocs\ASKIFY\system\Database\BaseBuilder.php(2294): CodeIgniter\Database\BaseConnection->query('INSERT INTO `qu...', Array, false)
#4 C:\xampp\htdocs\ASKIFY\system\Model.php(329): CodeIgniter\Database\BaseBuilder->insert()
#5 C:\xampp\htdocs\ASKIFY\system\BaseModel.php(782): CodeIgniter\Model->doInsert(Array)
#6 C:\xampp\htdocs\ASKIFY\system\Model.php(728): CodeIgniter\BaseModel->insert(Array, true)
#7 C:\xampp\htdocs\ASKIFY\app\Controllers\HomepageController.php(131): CodeIgniter\Model->insert(Array)
#8 C:\xampp\htdocs\ASKIFY\system\CodeIgniter.php(934): App\Controllers\HomepageController->SubmitQuestion()
#9 C:\xampp\htdocs\ASKIFY\system\CodeIgniter.php(499): CodeIgniter\CodeIgniter->runController(Object(App\Controllers\HomepageController))
#10 C:\xampp\htdocs\ASKIFY\system\CodeIgniter.php(368): CodeIgniter\CodeIgniter->handleRequest(NULL, Object(Config\Cache), false)
#11 C:\xampp\htdocs\ASKIFY\public\index.php(67): CodeIgniter\CodeIgniter->run()
#12 C:\xampp\htdocs\ASKIFY\system\Commands\Server\rewrite.php(47): require_once('C:\\xampp\\htdocs...')
#13 {main}
CRITICAL - 2024-02-06 14:15:32 --> Cannot add or update a child row: a foreign key constraint fails (`project`.`question`, CONSTRAINT `question` FOREIGN KEY (`category_id`) REFERENCES `categories` (`id`))
in SYSTEMPATH\Database\BaseConnection.php on line 645.
 1 SYSTEMPATH\Database\BaseBuilder.php(2294): CodeIgniter\Database\BaseConnection->query('INSERT INTO `question` (`title`, `description`, `user_id`) VALUES (:title:, :description:, :user_id:)', [...], false)
 2 SYSTEMPATH\Model.php(329): CodeIgniter\Database\BaseBuilder->insert()
 3 SYSTEMPATH\BaseModel.php(782): CodeIgniter\Model->doInsert([...])
 4 SYSTEMPATH\Model.php(728): CodeIgniter\BaseModel->insert([...], true)
 5 APPPATH\Controllers\HomepageController.php(131): CodeIgniter\Model->insert([...])
 6 SYSTEMPATH\CodeIgniter.php(934): App\Controllers\HomepageController->SubmitQuestion()
 7 SYSTEMPATH\CodeIgniter.php(499): CodeIgniter\CodeIgniter->runController(Object(App\Controllers\HomepageController))
 8 SYSTEMPATH\CodeIgniter.php(368): CodeIgniter\CodeIgniter->handleRequest(null, Object(Config\Cache), false)
 9 FCPATH\index.php(67): CodeIgniter\CodeIgniter->run()
10 SYSTEMPATH\Commands\Server\rewrite.php(47): require_once('FCPATH\\index.php')
ERROR - 2024-02-06 14:17:37 --> mysqli_sql_exception: Cannot add or update a child row: a foreign key constraint fails (`project`.`question`, CONSTRAINT `question` FOREIGN KEY (`category_id`) REFERENCES `categories` (`id`)) in C:\xampp\htdocs\ASKIFY\system\Database\MySQLi\Connection.php:295
Stack trace:
#0 C:\xampp\htdocs\ASKIFY\system\Database\MySQLi\Connection.php(295): mysqli->query('INSERT INTO `qu...', 0)
#1 C:\xampp\htdocs\ASKIFY\system\Database\BaseConnection.php(691): CodeIgniter\Database\MySQLi\Connection->execute('INSERT INTO `qu...')
#2 C:\xampp\htdocs\ASKIFY\system\Database\BaseConnection.php(605): CodeIgniter\Database\BaseConnection->simpleQuery('INSERT INTO `qu...')
#3 C:\xampp\htdocs\ASKIFY\system\Database\BaseBuilder.php(2294): CodeIgniter\Database\BaseConnection->query('INSERT INTO `qu...', Array, false)
#4 C:\xampp\htdocs\ASKIFY\system\Model.php(329): CodeIgniter\Database\BaseBuilder->insert()
#5 C:\xampp\htdocs\ASKIFY\system\BaseModel.php(782): CodeIgniter\Model->doInsert(Array)
#6 C:\xampp\htdocs\ASKIFY\system\Model.php(728): CodeIgniter\BaseModel->insert(Array, true)
#7 C:\xampp\htdocs\ASKIFY\app\Controllers\HomepageController.php(102): CodeIgniter\Model->insert(Array)
#8 C:\xampp\htdocs\ASKIFY\system\CodeIgniter.php(934): App\Controllers\HomepageController->SubmitPost()
#9 C:\xampp\htdocs\ASKIFY\system\CodeIgniter.php(499): CodeIgniter\CodeIgniter->runController(Object(App\Controllers\HomepageController))
#10 C:\xampp\htdocs\ASKIFY\system\CodeIgniter.php(368): CodeIgniter\CodeIgniter->handleRequest(NULL, Object(Config\Cache), false)
#11 C:\xampp\htdocs\ASKIFY\public\index.php(67): CodeIgniter\CodeIgniter->run()
#12 C:\xampp\htdocs\ASKIFY\system\Commands\Server\rewrite.php(47): require_once('C:\\xampp\\htdocs...')
#13 {main}
CRITICAL - 2024-02-06 14:17:37 --> Cannot add or update a child row: a foreign key constraint fails (`project`.`question`, CONSTRAINT `question` FOREIGN KEY (`category_id`) REFERENCES `categories` (`id`))
in SYSTEMPATH\Database\BaseConnection.php on line 645.
 1 SYSTEMPATH\Database\BaseBuilder.php(2294): CodeIgniter\Database\BaseConnection->query('INSERT INTO `question` (`title`, `description`, `media`, `user_id`) VALUES (:title:, :description:, :media:, :user_id:)', [...], false)
 2 SYSTEMPATH\Model.php(329): CodeIgniter\Database\BaseBuilder->insert()
 3 SYSTEMPATH\BaseModel.php(782): CodeIgniter\Model->doInsert([...])
 4 SYSTEMPATH\Model.php(728): CodeIgniter\BaseModel->insert([...], true)
 5 APPPATH\Controllers\HomepageController.php(102): CodeIgniter\Model->insert([...])
 6 SYSTEMPATH\CodeIgniter.php(934): App\Controllers\HomepageController->SubmitPost()
 7 SYSTEMPATH\CodeIgniter.php(499): CodeIgniter\CodeIgniter->runController(Object(App\Controllers\HomepageController))
 8 SYSTEMPATH\CodeIgniter.php(368): CodeIgniter\CodeIgniter->handleRequest(null, Object(Config\Cache), false)
 9 FCPATH\index.php(67): CodeIgniter\CodeIgniter->run()
10 SYSTEMPATH\Commands\Server\rewrite.php(47): require_once('FCPATH\\index.php')
ERROR - 2024-02-06 14:17:58 --> mysqli_sql_exception: Cannot add or update a child row: a foreign key constraint fails (`project`.`question`, CONSTRAINT `question` FOREIGN KEY (`category_id`) REFERENCES `categories` (`id`)) in C:\xampp\htdocs\ASKIFY\system\Database\MySQLi\Connection.php:295
Stack trace:
#0 C:\xampp\htdocs\ASKIFY\system\Database\MySQLi\Connection.php(295): mysqli->query('INSERT INTO `qu...', 0)
#1 C:\xampp\htdocs\ASKIFY\system\Database\BaseConnection.php(691): CodeIgniter\Database\MySQLi\Connection->execute('INSERT INTO `qu...')
#2 C:\xampp\htdocs\ASKIFY\system\Database\BaseConnection.php(605): CodeIgniter\Database\BaseConnection->simpleQuery('INSERT INTO `qu...')
#3 C:\xampp\htdocs\ASKIFY\system\Database\BaseBuilder.php(2294): CodeIgniter\Database\BaseConnection->query('INSERT INTO `qu...', Array, false)
#4 C:\xampp\htdocs\ASKIFY\system\Model.php(329): CodeIgniter\Database\BaseBuilder->insert()
#5 C:\xampp\htdocs\ASKIFY\system\BaseModel.php(782): CodeIgniter\Model->doInsert(Array)
#6 C:\xampp\htdocs\ASKIFY\system\Model.php(728): CodeIgniter\BaseModel->insert(Array, true)
#7 C:\xampp\htdocs\ASKIFY\app\Controllers\HomepageController.php(102): CodeIgniter\Model->insert(Array)
#8 C:\xampp\htdocs\ASKIFY\system\CodeIgniter.php(934): App\Controllers\HomepageController->SubmitPost()
#9 C:\xampp\htdocs\ASKIFY\system\CodeIgniter.php(499): CodeIgniter\CodeIgniter->runController(Object(App\Controllers\HomepageController))
#10 C:\xampp\htdocs\ASKIFY\system\CodeIgniter.php(368): CodeIgniter\CodeIgniter->handleRequest(NULL, Object(Config\Cache), false)
#11 C:\xampp\htdocs\ASKIFY\public\index.php(67): CodeIgniter\CodeIgniter->run()
#12 C:\xampp\htdocs\ASKIFY\system\Commands\Server\rewrite.php(47): require_once('C:\\xampp\\htdocs...')
#13 {main}
CRITICAL - 2024-02-06 14:17:58 --> Cannot add or update a child row: a foreign key constraint fails (`project`.`question`, CONSTRAINT `question` FOREIGN KEY (`category_id`) REFERENCES `categories` (`id`))
in SYSTEMPATH\Database\BaseConnection.php on line 645.
 1 SYSTEMPATH\Database\BaseBuilder.php(2294): CodeIgniter\Database\BaseConnection->query('INSERT INTO `question` (`title`, `description`, `media`, `user_id`) VALUES (:title:, :description:, :media:, :user_id:)', [...], false)
 2 SYSTEMPATH\Model.php(329): CodeIgniter\Database\BaseBuilder->insert()
 3 SYSTEMPATH\BaseModel.php(782): CodeIgniter\Model->doInsert([...])
 4 SYSTEMPATH\Model.php(728): CodeIgniter\BaseModel->insert([...], true)
 5 APPPATH\Controllers\HomepageController.php(102): CodeIgniter\Model->insert([...])
 6 SYSTEMPATH\CodeIgniter.php(934): App\Controllers\HomepageController->SubmitPost()
 7 SYSTEMPATH\CodeIgniter.php(499): CodeIgniter\CodeIgniter->runController(Object(App\Controllers\HomepageController))
 8 SYSTEMPATH\CodeIgniter.php(368): CodeIgniter\CodeIgniter->handleRequest(null, Object(Config\Cache), false)
 9 FCPATH\index.php(67): CodeIgniter\CodeIgniter->run()
10 SYSTEMPATH\Commands\Server\rewrite.php(47): require_once('FCPATH\\index.php')
ERROR - 2024-02-06 14:18:14 --> mysqli_sql_exception: Cannot add or update a child row: a foreign key constraint fails (`project`.`question`, CONSTRAINT `question` FOREIGN KEY (`category_id`) REFERENCES `categories` (`id`)) in C:\xampp\htdocs\ASKIFY\system\Database\MySQLi\Connection.php:295
Stack trace:
#0 C:\xampp\htdocs\ASKIFY\system\Database\MySQLi\Connection.php(295): mysqli->query('INSERT INTO `qu...', 0)
#1 C:\xampp\htdocs\ASKIFY\system\Database\BaseConnection.php(691): CodeIgniter\Database\MySQLi\Connection->execute('INSERT INTO `qu...')
#2 C:\xampp\htdocs\ASKIFY\system\Database\BaseConnection.php(605): CodeIgniter\Database\BaseConnection->simpleQuery('INSERT INTO `qu...')
#3 C:\xampp\htdocs\ASKIFY\system\Database\BaseBuilder.php(2294): CodeIgniter\Database\BaseConnection->query('INSERT INTO `qu...', Array, false)
#4 C:\xampp\htdocs\ASKIFY\system\Model.php(329): CodeIgniter\Database\BaseBuilder->insert()
#5 C:\xampp\htdocs\ASKIFY\system\BaseModel.php(782): CodeIgniter\Model->doInsert(Array)
#6 C:\xampp\htdocs\ASKIFY\system\Model.php(728): CodeIgniter\BaseModel->insert(Array, true)
#7 C:\xampp\htdocs\ASKIFY\app\Controllers\HomepageController.php(102): CodeIgniter\Model->insert(Array)
#8 C:\xampp\htdocs\ASKIFY\system\CodeIgniter.php(934): App\Controllers\HomepageController->SubmitPost()
#9 C:\xampp\htdocs\ASKIFY\system\CodeIgniter.php(499): CodeIgniter\CodeIgniter->runController(Object(App\Controllers\HomepageController))
#10 C:\xampp\htdocs\ASKIFY\system\CodeIgniter.php(368): CodeIgniter\CodeIgniter->handleRequest(NULL, Object(Config\Cache), false)
#11 C:\xampp\htdocs\ASKIFY\public\index.php(67): CodeIgniter\CodeIgniter->run()
#12 C:\xampp\htdocs\ASKIFY\system\Commands\Server\rewrite.php(47): require_once('C:\\xampp\\htdocs...')
#13 {main}
CRITICAL - 2024-02-06 14:18:14 --> Cannot add or update a child row: a foreign key constraint fails (`project`.`question`, CONSTRAINT `question` FOREIGN KEY (`category_id`) REFERENCES `categories` (`id`))
in SYSTEMPATH\Database\BaseConnection.php on line 645.
 1 SYSTEMPATH\Database\BaseBuilder.php(2294): CodeIgniter\Database\BaseConnection->query('INSERT INTO `question` (`title`, `description`, `media`, `user_id`) VALUES (:title:, :description:, :media:, :user_id:)', [...], false)
 2 SYSTEMPATH\Model.php(329): CodeIgniter\Database\BaseBuilder->insert()
 3 SYSTEMPATH\BaseModel.php(782): CodeIgniter\Model->doInsert([...])
 4 SYSTEMPATH\Model.php(728): CodeIgniter\BaseModel->insert([...], true)
 5 APPPATH\Controllers\HomepageController.php(102): CodeIgniter\Model->insert([...])
 6 SYSTEMPATH\CodeIgniter.php(934): App\Controllers\HomepageController->SubmitPost()
 7 SYSTEMPATH\CodeIgniter.php(499): CodeIgniter\CodeIgniter->runController(Object(App\Controllers\HomepageController))
 8 SYSTEMPATH\CodeIgniter.php(368): CodeIgniter\CodeIgniter->handleRequest(null, Object(Config\Cache), false)
 9 FCPATH\index.php(67): CodeIgniter\CodeIgniter->run()
10 SYSTEMPATH\Commands\Server\rewrite.php(47): require_once('FCPATH\\index.php')
ERROR - 2024-02-06 14:20:44 --> mysqli_sql_exception: Cannot add or update a child row: a foreign key constraint fails (`project`.`question`, CONSTRAINT `question` FOREIGN KEY (`category_id`) REFERENCES `categories` (`id`)) in C:\xampp\htdocs\ASKIFY\system\Database\MySQLi\Connection.php:295
Stack trace:
#0 C:\xampp\htdocs\ASKIFY\system\Database\MySQLi\Connection.php(295): mysqli->query('INSERT INTO `qu...', 0)
#1 C:\xampp\htdocs\ASKIFY\system\Database\BaseConnection.php(691): CodeIgniter\Database\MySQLi\Connection->execute('INSERT INTO `qu...')
#2 C:\xampp\htdocs\ASKIFY\system\Database\BaseConnection.php(605): CodeIgniter\Database\BaseConnection->simpleQuery('INSERT INTO `qu...')
#3 C:\xampp\htdocs\ASKIFY\system\Database\BaseBuilder.php(2294): CodeIgniter\Database\BaseConnection->query('INSERT INTO `qu...', Array, false)
#4 C:\xampp\htdocs\ASKIFY\system\Model.php(329): CodeIgniter\Database\BaseBuilder->insert()
#5 C:\xampp\htdocs\ASKIFY\system\BaseModel.php(782): CodeIgniter\Model->doInsert(Array)
#6 C:\xampp\htdocs\ASKIFY\system\Model.php(728): CodeIgniter\BaseModel->insert(Array, true)
#7 C:\xampp\htdocs\ASKIFY\app\Controllers\HomepageController.php(131): CodeIgniter\Model->insert(Array)
#8 C:\xampp\htdocs\ASKIFY\system\CodeIgniter.php(934): App\Controllers\HomepageController->SubmitQuestion()
#9 C:\xampp\htdocs\ASKIFY\system\CodeIgniter.php(499): CodeIgniter\CodeIgniter->runController(Object(App\Controllers\HomepageController))
#10 C:\xampp\htdocs\ASKIFY\system\CodeIgniter.php(368): CodeIgniter\CodeIgniter->handleRequest(NULL, Object(Config\Cache), false)
#11 C:\xampp\htdocs\ASKIFY\public\index.php(67): CodeIgniter\CodeIgniter->run()
#12 C:\xampp\htdocs\ASKIFY\system\Commands\Server\rewrite.php(47): require_once('C:\\xampp\\htdocs...')
#13 {main}
CRITICAL - 2024-02-06 14:20:44 --> Cannot add or update a child row: a foreign key constraint fails (`project`.`question`, CONSTRAINT `question` FOREIGN KEY (`category_id`) REFERENCES `categories` (`id`))
in SYSTEMPATH\Database\BaseConnection.php on line 645.
 1 SYSTEMPATH\Database\BaseBuilder.php(2294): CodeIgniter\Database\BaseConnection->query('INSERT INTO `question` (`title`, `description`, `user_id`) VALUES (:title:, :description:, :user_id:)', [...], false)
 2 SYSTEMPATH\Model.php(329): CodeIgniter\Database\BaseBuilder->insert()
 3 SYSTEMPATH\BaseModel.php(782): CodeIgniter\Model->doInsert([...])
 4 SYSTEMPATH\Model.php(728): CodeIgniter\BaseModel->insert([...], true)
 5 APPPATH\Controllers\HomepageController.php(131): CodeIgniter\Model->insert([...])
 6 SYSTEMPATH\CodeIgniter.php(934): App\Controllers\HomepageController->SubmitQuestion()
 7 SYSTEMPATH\CodeIgniter.php(499): CodeIgniter\CodeIgniter->runController(Object(App\Controllers\HomepageController))
 8 SYSTEMPATH\CodeIgniter.php(368): CodeIgniter\CodeIgniter->handleRequest(null, Object(Config\Cache), false)
 9 FCPATH\index.php(67): CodeIgniter\CodeIgniter->run()
10 SYSTEMPATH\Commands\Server\rewrite.php(47): require_once('FCPATH\\index.php')
CRITICAL - 2024-02-06 17:39:18 --> Undefined variable $categories
in APPPATH\Views\user\viewbycategories.php on line 38.
 1 APPPATH\Views\user\viewbycategories.php(38): CodeIgniter\Debug\Exceptions->errorHandler(2, 'Undefined variable $categories', 'APPPATH\\Views\\user\\viewbycategories.php', 38)
 2 SYSTEMPATH\View\View.php(213): include('APPPATH\\Views\\user\\viewbycategories.php')
 3 SYSTEMPATH\View\View.php(216): CodeIgniter\View\View->CodeIgniter\View\{closure}()
 4 SYSTEMPATH\Common.php(1177): CodeIgniter\View\View->render('user/viewbycategories', [], true)
 5 APPPATH\Controllers\HomepageController.php(137): view('user/viewbycategories')
 6 SYSTEMPATH\CodeIgniter.php(934): App\Controllers\HomepageController->CategoryByView()
 7 SYSTEMPATH\CodeIgniter.php(499): CodeIgniter\CodeIgniter->runController(Object(App\Controllers\HomepageController))
 8 SYSTEMPATH\CodeIgniter.php(368): CodeIgniter\CodeIgniter->handleRequest(null, Object(Config\Cache), false)
 9 FCPATH\index.php(67): CodeIgniter\CodeIgniter->run()
10 SYSTEMPATH\Commands\Server\rewrite.php(47): require_once('FCPATH\\index.php')
CRITICAL - 2024-02-06 17:39:18 --> Undefined variable $categories
in APPPATH\Views\user\viewbycategories.php on line 38.
 1 APPPATH\Views\user\viewbycategories.php(38): CodeIgniter\Debug\Exceptions->errorHandler(2, 'Undefined variable $categories', 'APPPATH\\Views\\user\\viewbycategories.php', 38)
 2 SYSTEMPATH\View\View.php(213): include('APPPATH\\Views\\user\\viewbycategories.php')
 3 SYSTEMPATH\View\View.php(216): CodeIgniter\View\View->CodeIgniter\View\{closure}()
 4 SYSTEMPATH\Common.php(1177): CodeIgniter\View\View->render('user/viewbycategories', [], true)
 5 APPPATH\Controllers\HomepageController.php(137): view('user/viewbycategories')
 6 SYSTEMPATH\CodeIgniter.php(934): App\Controllers\HomepageController->CategoryByView()
 7 SYSTEMPATH\CodeIgniter.php(499): CodeIgniter\CodeIgniter->runController(Object(App\Controllers\HomepageController))
 8 SYSTEMPATH\CodeIgniter.php(368): CodeIgniter\CodeIgniter->handleRequest(null, Object(Config\Cache), false)
 9 FCPATH\index.php(67): CodeIgniter\CodeIgniter->run()
10 SYSTEMPATH\Commands\Server\rewrite.php(47): require_once('FCPATH\\index.php')
