CRITICAL - 2024-01-12 07:35:44 --> Call to a member function isValid() on null
in APPPATH\Controllers\ProfileController.php on line 104.
 1 SYSTEMPATH\CodeIgniter.php(934): App\Controllers\ProfileController->updateprofile()
 2 SYSTEMPATH\CodeIgniter.php(499): CodeIgniter\CodeIgniter->runController(Object(App\Controllers\ProfileController))
 3 SYSTEMPATH\CodeIgniter.php(368): CodeIgniter\CodeIgniter->handleRequest(null, Object(Config\Cache), false)
 4 FCPATH\index.php(67): CodeIgniter\CodeIgniter->run()
 5 SYSTEMPATH\Commands\Server\rewrite.php(47): require_once('FCPATH\\index.php')
CRITICAL - 2024-01-12 07:45:45 --> Call to a member function isValid() on null
in APPPATH\Controllers\ProfileController.php on line 105.
 1 SYSTEMPATH\CodeIgniter.php(934): App\Controllers\ProfileController->updateprofile()
 2 SYSTEMPATH\CodeIgniter.php(499): CodeIgniter\CodeIgniter->runController(Object(App\Controllers\ProfileController))
 3 SYSTEMPATH\CodeIgniter.php(368): CodeIgniter\CodeIgniter->handleRequest(null, Object(Config\Cache), false)
 4 FCPATH\index.php(67): CodeIgniter\CodeIgniter->run()
 5 SYSTEMPATH\Commands\Server\rewrite.php(47): require_once('FCPATH\\index.php')
CRITICAL - 2024-01-12 07:46:26 --> Call to a member function isValid() on null
in APPPATH\Controllers\ProfileController.php on line 105.
 1 SYSTEMPATH\CodeIgniter.php(934): App\Controllers\ProfileController->updateprofile()
 2 SYSTEMPATH\CodeIgniter.php(499): CodeIgniter\CodeIgniter->runController(Object(App\Controllers\ProfileController))
 3 SYSTEMPATH\CodeIgniter.php(368): CodeIgniter\CodeIgniter->handleRequest(null, Object(Config\Cache), false)
 4 FCPATH\index.php(67): CodeIgniter\CodeIgniter->run()
 5 SYSTEMPATH\Commands\Server\rewrite.php(47): require_once('FCPATH\\index.php')
CRITICAL - 2024-01-12 07:46:26 --> Call to a member function isValid() on null
in APPPATH\Controllers\ProfileController.php on line 105.
 1 SYSTEMPATH\CodeIgniter.php(934): App\Controllers\ProfileController->updateprofile()
 2 SYSTEMPATH\CodeIgniter.php(499): CodeIgniter\CodeIgniter->runController(Object(App\Controllers\ProfileController))
 3 SYSTEMPATH\CodeIgniter.php(368): CodeIgniter\CodeIgniter->handleRequest(null, Object(Config\Cache), false)
 4 FCPATH\index.php(67): CodeIgniter\CodeIgniter->run()
 5 SYSTEMPATH\Commands\Server\rewrite.php(47): require_once('FCPATH\\index.php')
CRITICAL - 2024-01-12 07:46:26 --> Call to a member function isValid() on null
in APPPATH\Controllers\ProfileController.php on line 105.
 1 SYSTEMPATH\CodeIgniter.php(934): App\Controllers\ProfileController->updateprofile()
 2 SYSTEMPATH\CodeIgniter.php(499): CodeIgniter\CodeIgniter->runController(Object(App\Controllers\ProfileController))
 3 SYSTEMPATH\CodeIgniter.php(368): CodeIgniter\CodeIgniter->handleRequest(null, Object(Config\Cache), false)
 4 FCPATH\index.php(67): CodeIgniter\CodeIgniter->run()
 5 SYSTEMPATH\Commands\Server\rewrite.php(47): require_once('FCPATH\\index.php')
CRITICAL - 2024-01-12 07:46:26 --> Call to a member function isValid() on null
in APPPATH\Controllers\ProfileController.php on line 105.
 1 SYSTEMPATH\CodeIgniter.php(934): App\Controllers\ProfileController->updateprofile()
 2 SYSTEMPATH\CodeIgniter.php(499): CodeIgniter\CodeIgniter->runController(Object(App\Controllers\ProfileController))
 3 SYSTEMPATH\CodeIgniter.php(368): CodeIgniter\CodeIgniter->handleRequest(null, Object(Config\Cache), false)
 4 FCPATH\index.php(67): CodeIgniter\CodeIgniter->run()
 5 SYSTEMPATH\Commands\Server\rewrite.php(47): require_once('FCPATH\\index.php')
ERROR - 2024-01-12 07:55:24 --> mysqli_sql_exception: Unknown column 'question_id' in 'field list' in C:\xampp\htdocs\ASKIFY- NEW\system\Database\MySQLi\Connection.php:295
Stack trace:
#0 C:\xampp\htdocs\ASKIFY- NEW\system\Database\MySQLi\Connection.php(295): mysqli->query('SELECT DISTINCT...', 0)
#1 C:\xampp\htdocs\ASKIFY- NEW\system\Database\BaseConnection.php(691): CodeIgniter\Database\MySQLi\Connection->execute('SELECT DISTINCT...')
#2 C:\xampp\htdocs\ASKIFY- NEW\system\Database\BaseConnection.php(605): CodeIgniter\Database\BaseConnection->simpleQuery('SELECT DISTINCT...')
#3 C:\xampp\htdocs\ASKIFY- NEW\system\Database\BaseBuilder.php(1601): CodeIgniter\Database\BaseConnection->query('SELECT DISTINCT...', Array, false)
#4 C:\xampp\htdocs\ASKIFY- NEW\system\Model.php(240): CodeIgniter\Database\BaseBuilder->get()
#5 C:\xampp\htdocs\ASKIFY- NEW\system\BaseModel.php(618): CodeIgniter\Model->doFindAll(0, 0)
#6 C:\xampp\htdocs\ASKIFY- NEW\app\Controllers\ProfileController.php(45): CodeIgniter\BaseModel->findAll()
#7 C:\xampp\htdocs\ASKIFY- NEW\system\CodeIgniter.php(934): App\Controllers\ProfileController->index()
#8 C:\xampp\htdocs\ASKIFY- NEW\system\CodeIgniter.php(499): CodeIgniter\CodeIgniter->runController(Object(App\Controllers\ProfileController))
#9 C:\xampp\htdocs\ASKIFY- NEW\system\CodeIgniter.php(368): CodeIgniter\CodeIgniter->handleRequest(NULL, Object(Config\Cache), false)
#10 C:\xampp\htdocs\ASKIFY- NEW\public\index.php(67): CodeIgniter\CodeIgniter->run()
#11 C:\xampp\htdocs\ASKIFY- NEW\system\Commands\Server\rewrite.php(47): require_once('C:\\xampp\\htdocs...')
#12 {main}
CRITICAL - 2024-01-12 07:55:24 --> Unknown column 'question_id' in 'field list'
in SYSTEMPATH\Database\BaseConnection.php on line 645.
 1 SYSTEMPATH\Database\BaseBuilder.php(1601): CodeIgniter\Database\BaseConnection->query('SELECT DISTINCT `question_id`
FROM `liked_answer`', [], false)
 2 SYSTEMPATH\Model.php(240): CodeIgniter\Database\BaseBuilder->get()
 3 SYSTEMPATH\BaseModel.php(618): CodeIgniter\Model->doFindAll(0, 0)
 4 APPPATH\Controllers\ProfileController.php(45): CodeIgniter\BaseModel->findAll()
 5 SYSTEMPATH\CodeIgniter.php(934): App\Controllers\ProfileController->index()
 6 SYSTEMPATH\CodeIgniter.php(499): CodeIgniter\CodeIgniter->runController(Object(App\Controllers\ProfileController))
 7 SYSTEMPATH\CodeIgniter.php(368): CodeIgniter\CodeIgniter->handleRequest(null, Object(Config\Cache), false)
 8 FCPATH\index.php(67): CodeIgniter\CodeIgniter->run()
 9 SYSTEMPATH\Commands\Server\rewrite.php(47): require_once('FCPATH\\index.php')
CRITICAL - 2024-01-12 08:23:01 --> "" is not a valid rule.
in SYSTEMPATH\Validation\Validation.php on line 320.
 1 SYSTEMPATH\Validation\Validation.php(320): CodeIgniter\Validation\Exceptions\ValidationException::forRuleNotFound('ROOTPATH\\public')
 2 SYSTEMPATH\Validation\Validation.php(170): CodeIgniter\Validation\Validation->processRules('0', '0', null, [...], [...])
 3 APPPATH\Controllers\ProfileController.php(88): CodeIgniter\Validation\Validation->run()
 4 SYSTEMPATH\CodeIgniter.php(934): App\Controllers\ProfileController->updateprofile()
 5 SYSTEMPATH\CodeIgniter.php(499): CodeIgniter\CodeIgniter->runController(Object(App\Controllers\ProfileController))
 6 SYSTEMPATH\CodeIgniter.php(368): CodeIgniter\CodeIgniter->handleRequest(null, Object(Config\Cache), false)
 7 FCPATH\index.php(67): CodeIgniter\CodeIgniter->run()
 8 SYSTEMPATH\Commands\Server\rewrite.php(47): require_once('FCPATH\\index.php')
CRITICAL - 2024-01-12 08:47:25 --> Undefined variable $userId
in APPPATH\Controllers\ProfileController.php on line 118.
 1 APPPATH\Controllers\ProfileController.php(118): CodeIgniter\Debug\Exceptions->errorHandler(2, 'Undefined variable $userId', 'APPPATH\\Controllers\\ProfileController.php', 118)
 2 SYSTEMPATH\CodeIgniter.php(934): App\Controllers\ProfileController->updateprofile()
 3 SYSTEMPATH\CodeIgniter.php(499): CodeIgniter\CodeIgniter->runController(Object(App\Controllers\ProfileController))
 4 SYSTEMPATH\CodeIgniter.php(368): CodeIgniter\CodeIgniter->handleRequest(null, Object(Config\Cache), false)
 5 FCPATH\index.php(67): CodeIgniter\CodeIgniter->run()
 6 SYSTEMPATH\Commands\Server\rewrite.php(47): require_once('FCPATH\\index.php')
CRITICAL - 2024-01-12 08:47:26 --> Undefined variable $userId
in APPPATH\Controllers\ProfileController.php on line 118.
 1 APPPATH\Controllers\ProfileController.php(118): CodeIgniter\Debug\Exceptions->errorHandler(2, 'Undefined variable $userId', 'APPPATH\\Controllers\\ProfileController.php', 118)
 2 SYSTEMPATH\CodeIgniter.php(934): App\Controllers\ProfileController->updateprofile()
 3 SYSTEMPATH\CodeIgniter.php(499): CodeIgniter\CodeIgniter->runController(Object(App\Controllers\ProfileController))
 4 SYSTEMPATH\CodeIgniter.php(368): CodeIgniter\CodeIgniter->handleRequest(null, Object(Config\Cache), false)
 5 FCPATH\index.php(67): CodeIgniter\CodeIgniter->run()
 6 SYSTEMPATH\Commands\Server\rewrite.php(47): require_once('FCPATH\\index.php')
CRITICAL - 2024-01-12 08:47:27 --> Undefined variable $userId
in APPPATH\Controllers\ProfileController.php on line 118.
 1 APPPATH\Controllers\ProfileController.php(118): CodeIgniter\Debug\Exceptions->errorHandler(2, 'Undefined variable $userId', 'APPPATH\\Controllers\\ProfileController.php', 118)
 2 SYSTEMPATH\CodeIgniter.php(934): App\Controllers\ProfileController->updateprofile()
 3 SYSTEMPATH\CodeIgniter.php(499): CodeIgniter\CodeIgniter->runController(Object(App\Controllers\ProfileController))
 4 SYSTEMPATH\CodeIgniter.php(368): CodeIgniter\CodeIgniter->handleRequest(null, Object(Config\Cache), false)
 5 FCPATH\index.php(67): CodeIgniter\CodeIgniter->run()
 6 SYSTEMPATH\Commands\Server\rewrite.php(47): require_once('FCPATH\\index.php')
CRITICAL - 2024-01-12 08:47:28 --> Undefined variable $userId
in APPPATH\Controllers\ProfileController.php on line 118.
 1 APPPATH\Controllers\ProfileController.php(118): CodeIgniter\Debug\Exceptions->errorHandler(2, 'Undefined variable $userId', 'APPPATH\\Controllers\\ProfileController.php', 118)
 2 SYSTEMPATH\CodeIgniter.php(934): App\Controllers\ProfileController->updateprofile()
 3 SYSTEMPATH\CodeIgniter.php(499): CodeIgniter\CodeIgniter->runController(Object(App\Controllers\ProfileController))
 4 SYSTEMPATH\CodeIgniter.php(368): CodeIgniter\CodeIgniter->handleRequest(null, Object(Config\Cache), false)
 5 FCPATH\index.php(67): CodeIgniter\CodeIgniter->run()
 6 SYSTEMPATH\Commands\Server\rewrite.php(47): require_once('FCPATH\\index.php')
CRITICAL - 2024-01-12 08:47:29 --> Undefined variable $userId
in APPPATH\Controllers\ProfileController.php on line 118.
 1 APPPATH\Controllers\ProfileController.php(118): CodeIgniter\Debug\Exceptions->errorHandler(2, 'Undefined variable $userId', 'APPPATH\\Controllers\\ProfileController.php', 118)
 2 SYSTEMPATH\CodeIgniter.php(934): App\Controllers\ProfileController->updateprofile()
 3 SYSTEMPATH\CodeIgniter.php(499): CodeIgniter\CodeIgniter->runController(Object(App\Controllers\ProfileController))
 4 SYSTEMPATH\CodeIgniter.php(368): CodeIgniter\CodeIgniter->handleRequest(null, Object(Config\Cache), false)
 5 FCPATH\index.php(67): CodeIgniter\CodeIgniter->run()
 6 SYSTEMPATH\Commands\Server\rewrite.php(47): require_once('FCPATH\\index.php')
