ERROR - 2024-02-18 08:26:47 --> Error connecting to the database: mysqli_sql_exception: No connection could be made because the target machine actively refused it in C:\xampp\htdocs\ASKIFY\system\Database\MySQLi\Connection.php:173
Stack trace:
#0 C:\xampp\htdocs\ASKIFY\system\Database\MySQLi\Connection.php(173): mysqli->real_connect('localhost', 'root', Object(SensitiveParameterValue), 'project', 3306, '', 0)
#1 C:\xampp\htdocs\ASKIFY\system\Database\BaseConnection.php(391): CodeIgniter\Database\MySQLi\Connection->connect(false)
#2 C:\xampp\htdocs\ASKIFY\system\Database\BaseConnection.php(573): CodeIgniter\Database\BaseConnection->initialize()
#3 C:\xampp\htdocs\ASKIFY\system\Database\BaseBuilder.php(1601): CodeIgniter\Database\BaseConnection->query('SELECT *\nFROM `...', Array, false)
#4 C:\xampp\htdocs\ASKIFY\system\Model.php(240): CodeIgniter\Database\BaseBuilder->get()
#5 C:\xampp\htdocs\ASKIFY\system\BaseModel.php(618): CodeIgniter\Model->doFindAll(0, 0)
#6 C:\xampp\htdocs\ASKIFY\app\Controllers\Home.php(11): CodeIgniter\BaseModel->findAll()
#7 C:\xampp\htdocs\ASKIFY\system\CodeIgniter.php(934): App\Controllers\Home->index()
#8 C:\xampp\htdocs\ASKIFY\system\CodeIgniter.php(499): CodeIgniter\CodeIgniter->runController(Object(App\Controllers\Home))
#9 C:\xampp\htdocs\ASKIFY\system\CodeIgniter.php(368): CodeIgniter\CodeIgniter->handleRequest(NULL, Object(Config\Cache), false)
#10 C:\xampp\htdocs\ASKIFY\public\index.php(67): CodeIgniter\CodeIgniter->run()
#11 C:\xampp\htdocs\ASKIFY\system\Commands\Server\rewrite.php(47): require_once('C:\\xampp\\htdocs...')
#12 {main}

Next CodeIgniter\Database\Exceptions\DatabaseException: No connection could be made because the target machine actively refused it in C:\xampp\htdocs\ASKIFY\system\Database\MySQLi\Connection.php:218
Stack trace:
#0 C:\xampp\htdocs\ASKIFY\system\Database\BaseConnection.php(391): CodeIgniter\Database\MySQLi\Connection->connect(false)
#1 C:\xampp\htdocs\ASKIFY\system\Database\BaseConnection.php(573): CodeIgniter\Database\BaseConnection->initialize()
#2 C:\xampp\htdocs\ASKIFY\system\Database\BaseBuilder.php(1601): CodeIgniter\Database\BaseConnection->query('SELECT *\nFROM `...', Array, false)
#3 C:\xampp\htdocs\ASKIFY\system\Model.php(240): CodeIgniter\Database\BaseBuilder->get()
#4 C:\xampp\htdocs\ASKIFY\system\BaseModel.php(618): CodeIgniter\Model->doFindAll(0, 0)
#5 C:\xampp\htdocs\ASKIFY\app\Controllers\Home.php(11): CodeIgniter\BaseModel->findAll()
#6 C:\xampp\htdocs\ASKIFY\system\CodeIgniter.php(934): App\Controllers\Home->index()
#7 C:\xampp\htdocs\ASKIFY\system\CodeIgniter.php(499): CodeIgniter\CodeIgniter->runController(Object(App\Controllers\Home))
#8 C:\xampp\htdocs\ASKIFY\system\CodeIgniter.php(368): CodeIgniter\CodeIgniter->handleRequest(NULL, Object(Config\Cache), false)
#9 C:\xampp\htdocs\ASKIFY\public\index.php(67): CodeIgniter\CodeIgniter->run()
#10 C:\xampp\htdocs\ASKIFY\system\Commands\Server\rewrite.php(47): require_once('C:\\xampp\\htdocs...')
#11 {main}
CRITICAL - 2024-02-18 08:26:47 --> Unable to connect to the database.
Main connection [MySQLi]: No connection could be made because the target machine actively refused it
in SYSTEMPATH\Database\BaseConnection.php on line 427.
 1 SYSTEMPATH\Database\BaseConnection.php(573): CodeIgniter\Database\BaseConnection->initialize()
 2 SYSTEMPATH\Database\BaseBuilder.php(1601): CodeIgniter\Database\BaseConnection->query('SELECT *
FROM `categories`', [], false)
 3 SYSTEMPATH\Model.php(240): CodeIgniter\Database\BaseBuilder->get()
 4 SYSTEMPATH\BaseModel.php(618): CodeIgniter\Model->doFindAll(0, 0)
 5 APPPATH\Controllers\Home.php(11): CodeIgniter\BaseModel->findAll()
 6 SYSTEMPATH\CodeIgniter.php(934): App\Controllers\Home->index()
 7 SYSTEMPATH\CodeIgniter.php(499): CodeIgniter\CodeIgniter->runController(Object(App\Controllers\Home))
 8 SYSTEMPATH\CodeIgniter.php(368): CodeIgniter\CodeIgniter->handleRequest(null, Object(Config\Cache), false)
 9 FCPATH\index.php(67): CodeIgniter\CodeIgniter->run()
10 SYSTEMPATH\Commands\Server\rewrite.php(47): require_once('FCPATH\\index.php')
ERROR - 2024-02-18 17:25:05 --> Error connecting to the database: mysqli_sql_exception: No connection could be made because the target machine actively refused it in C:\xampp\htdocs\ASKIFY\system\Database\MySQLi\Connection.php:173
Stack trace:
#0 C:\xampp\htdocs\ASKIFY\system\Database\MySQLi\Connection.php(173): mysqli->real_connect('localhost', 'root', Object(SensitiveParameterValue), 'project', 3306, '', 0)
#1 C:\xampp\htdocs\ASKIFY\system\Database\BaseConnection.php(391): CodeIgniter\Database\MySQLi\Connection->connect(false)
#2 C:\xampp\htdocs\ASKIFY\system\Database\BaseConnection.php(573): CodeIgniter\Database\BaseConnection->initialize()
#3 C:\xampp\htdocs\ASKIFY\system\Database\BaseBuilder.php(1601): CodeIgniter\Database\BaseConnection->query('SELECT *\nFROM `...', Array, false)
#4 C:\xampp\htdocs\ASKIFY\system\Model.php(240): CodeIgniter\Database\BaseBuilder->get()
#5 C:\xampp\htdocs\ASKIFY\system\BaseModel.php(618): CodeIgniter\Model->doFindAll(0, 0)
#6 C:\xampp\htdocs\ASKIFY\app\Controllers\Home.php(11): CodeIgniter\BaseModel->findAll()
#7 C:\xampp\htdocs\ASKIFY\system\CodeIgniter.php(934): App\Controllers\Home->index()
#8 C:\xampp\htdocs\ASKIFY\system\CodeIgniter.php(499): CodeIgniter\CodeIgniter->runController(Object(App\Controllers\Home))
#9 C:\xampp\htdocs\ASKIFY\system\CodeIgniter.php(368): CodeIgniter\CodeIgniter->handleRequest(NULL, Object(Config\Cache), false)
#10 C:\xampp\htdocs\ASKIFY\public\index.php(67): CodeIgniter\CodeIgniter->run()
#11 C:\xampp\htdocs\ASKIFY\system\Commands\Server\rewrite.php(47): require_once('C:\\xampp\\htdocs...')
#12 {main}

Next CodeIgniter\Database\Exceptions\DatabaseException: No connection could be made because the target machine actively refused it in C:\xampp\htdocs\ASKIFY\system\Database\MySQLi\Connection.php:218
Stack trace:
#0 C:\xampp\htdocs\ASKIFY\system\Database\BaseConnection.php(391): CodeIgniter\Database\MySQLi\Connection->connect(false)
#1 C:\xampp\htdocs\ASKIFY\system\Database\BaseConnection.php(573): CodeIgniter\Database\BaseConnection->initialize()
#2 C:\xampp\htdocs\ASKIFY\system\Database\BaseBuilder.php(1601): CodeIgniter\Database\BaseConnection->query('SELECT *\nFROM `...', Array, false)
#3 C:\xampp\htdocs\ASKIFY\system\Model.php(240): CodeIgniter\Database\BaseBuilder->get()
#4 C:\xampp\htdocs\ASKIFY\system\BaseModel.php(618): CodeIgniter\Model->doFindAll(0, 0)
#5 C:\xampp\htdocs\ASKIFY\app\Controllers\Home.php(11): CodeIgniter\BaseModel->findAll()
#6 C:\xampp\htdocs\ASKIFY\system\CodeIgniter.php(934): App\Controllers\Home->index()
#7 C:\xampp\htdocs\ASKIFY\system\CodeIgniter.php(499): CodeIgniter\CodeIgniter->runController(Object(App\Controllers\Home))
#8 C:\xampp\htdocs\ASKIFY\system\CodeIgniter.php(368): CodeIgniter\CodeIgniter->handleRequest(NULL, Object(Config\Cache), false)
#9 C:\xampp\htdocs\ASKIFY\public\index.php(67): CodeIgniter\CodeIgniter->run()
#10 C:\xampp\htdocs\ASKIFY\system\Commands\Server\rewrite.php(47): require_once('C:\\xampp\\htdocs...')
#11 {main}
CRITICAL - 2024-02-18 17:25:05 --> Unable to connect to the database.
Main connection [MySQLi]: No connection could be made because the target machine actively refused it
in SYSTEMPATH\Database\BaseConnection.php on line 427.
 1 SYSTEMPATH\Database\BaseConnection.php(573): CodeIgniter\Database\BaseConnection->initialize()
 2 SYSTEMPATH\Database\BaseBuilder.php(1601): CodeIgniter\Database\BaseConnection->query('SELECT *
FROM `categories`', [], false)
 3 SYSTEMPATH\Model.php(240): CodeIgniter\Database\BaseBuilder->get()
 4 SYSTEMPATH\BaseModel.php(618): CodeIgniter\Model->doFindAll(0, 0)
 5 APPPATH\Controllers\Home.php(11): CodeIgniter\BaseModel->findAll()
 6 SYSTEMPATH\CodeIgniter.php(934): App\Controllers\Home->index()
 7 SYSTEMPATH\CodeIgniter.php(499): CodeIgniter\CodeIgniter->runController(Object(App\Controllers\Home))
 8 SYSTEMPATH\CodeIgniter.php(368): CodeIgniter\CodeIgniter->handleRequest(null, Object(Config\Cache), false)
 9 FCPATH\index.php(67): CodeIgniter\CodeIgniter->run()
10 SYSTEMPATH\Commands\Server\rewrite.php(47): require_once('FCPATH\\index.php')
CRITICAL - 2024-02-18 18:12:25 --> foreach() argument must be of type array|object, null given
in APPPATH\Models\UserCategoriesModel.php on line 16.
 1 APPPATH\Models\UserCategoriesModel.php(16): CodeIgniter\Debug\Exceptions->errorHandler(2, 'foreach() argument must be of type array|object, null given', 'APPPATH\\Models\\UserCategoriesModel.php', 16)
 2 APPPATH\Controllers\ProfileController.php(85): App\Models\UserCategoriesModel->storeUserCategories('63', null)
 3 SYSTEMPATH\CodeIgniter.php(934): App\Controllers\ProfileController->processCategorySelection()
 4 SYSTEMPATH\CodeIgniter.php(499): CodeIgniter\CodeIgniter->runController(Object(App\Controllers\ProfileController))
 5 SYSTEMPATH\CodeIgniter.php(368): CodeIgniter\CodeIgniter->handleRequest(null, Object(Config\Cache), false)
 6 FCPATH\index.php(67): CodeIgniter\CodeIgniter->run()
 7 SYSTEMPATH\Commands\Server\rewrite.php(47): require_once('FCPATH\\index.php')
CRITICAL - 2024-02-18 18:14:43 --> foreach() argument must be of type array|object, null given
in APPPATH\Models\UserCategoriesModel.php on line 16.
 1 APPPATH\Models\UserCategoriesModel.php(16): CodeIgniter\Debug\Exceptions->errorHandler(2, 'foreach() argument must be of type array|object, null given', 'APPPATH\\Models\\UserCategoriesModel.php', 16)
 2 APPPATH\Controllers\ProfileController.php(82): App\Models\UserCategoriesModel->storeUserCategories('63', null)
 3 SYSTEMPATH\CodeIgniter.php(934): App\Controllers\ProfileController->processCategorySelection()
 4 SYSTEMPATH\CodeIgniter.php(499): CodeIgniter\CodeIgniter->runController(Object(App\Controllers\ProfileController))
 5 SYSTEMPATH\CodeIgniter.php(368): CodeIgniter\CodeIgniter->handleRequest(null, Object(Config\Cache), false)
 6 FCPATH\index.php(67): CodeIgniter\CodeIgniter->run()
 7 SYSTEMPATH\Commands\Server\rewrite.php(47): require_once('FCPATH\\index.php')
CRITICAL - 2024-02-18 18:16:14 --> foreach() argument must be of type array|object, null given
in APPPATH\Models\UserCategoriesModel.php on line 16.
 1 APPPATH\Models\UserCategoriesModel.php(16): CodeIgniter\Debug\Exceptions->errorHandler(2, 'foreach() argument must be of type array|object, null given', 'APPPATH\\Models\\UserCategoriesModel.php', 16)
 2 APPPATH\Controllers\ProfileController.php(82): App\Models\UserCategoriesModel->storeUserCategories('63', null)
 3 SYSTEMPATH\CodeIgniter.php(934): App\Controllers\ProfileController->processCategorySelection()
 4 SYSTEMPATH\CodeIgniter.php(499): CodeIgniter\CodeIgniter->runController(Object(App\Controllers\ProfileController))
 5 SYSTEMPATH\CodeIgniter.php(368): CodeIgniter\CodeIgniter->handleRequest(null, Object(Config\Cache), false)
 6 FCPATH\index.php(67): CodeIgniter\CodeIgniter->run()
 7 SYSTEMPATH\Commands\Server\rewrite.php(47): require_once('FCPATH\\index.php')
CRITICAL - 2024-02-18 18:16:58 --> foreach() argument must be of type array|object, null given
in APPPATH\Models\UserCategoriesModel.php on line 16.
 1 APPPATH\Models\UserCategoriesModel.php(16): CodeIgniter\Debug\Exceptions->errorHandler(2, 'foreach() argument must be of type array|object, null given', 'APPPATH\\Models\\UserCategoriesModel.php', 16)
 2 APPPATH\Controllers\ProfileController.php(82): App\Models\UserCategoriesModel->storeUserCategories('63', null)
 3 SYSTEMPATH\CodeIgniter.php(934): App\Controllers\ProfileController->processCategorySelection()
 4 SYSTEMPATH\CodeIgniter.php(499): CodeIgniter\CodeIgniter->runController(Object(App\Controllers\ProfileController))
 5 SYSTEMPATH\CodeIgniter.php(368): CodeIgniter\CodeIgniter->handleRequest(null, Object(Config\Cache), false)
 6 FCPATH\index.php(67): CodeIgniter\CodeIgniter->run()
 7 SYSTEMPATH\Commands\Server\rewrite.php(47): require_once('FCPATH\\index.php')
CRITICAL - 2024-02-18 18:17:04 --> foreach() argument must be of type array|object, null given
in APPPATH\Models\UserCategoriesModel.php on line 16.
 1 APPPATH\Models\UserCategoriesModel.php(16): CodeIgniter\Debug\Exceptions->errorHandler(2, 'foreach() argument must be of type array|object, null given', 'APPPATH\\Models\\UserCategoriesModel.php', 16)
 2 APPPATH\Controllers\ProfileController.php(82): App\Models\UserCategoriesModel->storeUserCategories('63', null)
 3 SYSTEMPATH\CodeIgniter.php(934): App\Controllers\ProfileController->processCategorySelection()
 4 SYSTEMPATH\CodeIgniter.php(499): CodeIgniter\CodeIgniter->runController(Object(App\Controllers\ProfileController))
 5 SYSTEMPATH\CodeIgniter.php(368): CodeIgniter\CodeIgniter->handleRequest(null, Object(Config\Cache), false)
 6 FCPATH\index.php(67): CodeIgniter\CodeIgniter->run()
 7 SYSTEMPATH\Commands\Server\rewrite.php(47): require_once('FCPATH\\index.php')
CRITICAL - 2024-02-18 18:17:09 --> foreach() argument must be of type array|object, null given
in APPPATH\Models\UserCategoriesModel.php on line 16.
 1 APPPATH\Models\UserCategoriesModel.php(16): CodeIgniter\Debug\Exceptions->errorHandler(2, 'foreach() argument must be of type array|object, null given', 'APPPATH\\Models\\UserCategoriesModel.php', 16)
 2 APPPATH\Controllers\ProfileController.php(82): App\Models\UserCategoriesModel->storeUserCategories('63', null)
 3 SYSTEMPATH\CodeIgniter.php(934): App\Controllers\ProfileController->processCategorySelection()
 4 SYSTEMPATH\CodeIgniter.php(499): CodeIgniter\CodeIgniter->runController(Object(App\Controllers\ProfileController))
 5 SYSTEMPATH\CodeIgniter.php(368): CodeIgniter\CodeIgniter->handleRequest(null, Object(Config\Cache), false)
 6 FCPATH\index.php(67): CodeIgniter\CodeIgniter->run()
 7 SYSTEMPATH\Commands\Server\rewrite.php(47): require_once('FCPATH\\index.php')
CRITICAL - 2024-02-18 18:19:42 --> foreach() argument must be of type array|object, null given
in APPPATH\Models\UserCategoriesModel.php on line 16.
 1 APPPATH\Models\UserCategoriesModel.php(16): CodeIgniter\Debug\Exceptions->errorHandler(2, 'foreach() argument must be of type array|object, null given', 'APPPATH\\Models\\UserCategoriesModel.php', 16)
 2 APPPATH\Controllers\ProfileController.php(82): App\Models\UserCategoriesModel->storeUserCategories('63', null)
 3 SYSTEMPATH\CodeIgniter.php(934): App\Controllers\ProfileController->processCategorySelection()
 4 SYSTEMPATH\CodeIgniter.php(499): CodeIgniter\CodeIgniter->runController(Object(App\Controllers\ProfileController))
 5 SYSTEMPATH\CodeIgniter.php(368): CodeIgniter\CodeIgniter->handleRequest(null, Object(Config\Cache), false)
 6 FCPATH\index.php(67): CodeIgniter\CodeIgniter->run()
 7 SYSTEMPATH\Commands\Server\rewrite.php(47): require_once('FCPATH\\index.php')
ERROR - 2024-02-18 18:23:54 --> Invalid or empty $selectedCategories in storeUserCategories
CRITICAL - 2024-02-18 18:23:54 --> The route for "/profile" cannot be found.
in SYSTEMPATH\HTTP\RedirectResponse.php on line 60.
 1 SYSTEMPATH\HTTP\RedirectResponse.php(60): CodeIgniter\HTTP\Exceptions\HTTPException::forInvalidRedirectRoute('/profile')
 2 SYSTEMPATH\Common.php(869): CodeIgniter\HTTP\RedirectResponse->route(false)
 3 APPPATH\Controllers\ProfileController.php(84): redirect('/profile')
 4 SYSTEMPATH\CodeIgniter.php(934): App\Controllers\ProfileController->processCategorySelection()
 5 SYSTEMPATH\CodeIgniter.php(499): CodeIgniter\CodeIgniter->runController(Object(App\Controllers\ProfileController))
 6 SYSTEMPATH\CodeIgniter.php(368): CodeIgniter\CodeIgniter->handleRequest(null, Object(Config\Cache), false)
 7 FCPATH\index.php(67): CodeIgniter\CodeIgniter->run()
 8 SYSTEMPATH\Commands\Server\rewrite.php(47): require_once('FCPATH\\index.php')
ERROR - 2024-02-18 18:24:46 --> Invalid or empty $selectedCategories in storeUserCategories
CRITICAL - 2024-02-18 18:24:46 --> The route for "/profile" cannot be found.
in SYSTEMPATH\HTTP\RedirectResponse.php on line 60.
 1 SYSTEMPATH\HTTP\RedirectResponse.php(60): CodeIgniter\HTTP\Exceptions\HTTPException::forInvalidRedirectRoute('/profile')
 2 SYSTEMPATH\Common.php(869): CodeIgniter\HTTP\RedirectResponse->route(false)
 3 APPPATH\Controllers\ProfileController.php(86): redirect('/profile')
 4 SYSTEMPATH\CodeIgniter.php(934): App\Controllers\ProfileController->processCategorySelection()
 5 SYSTEMPATH\CodeIgniter.php(499): CodeIgniter\CodeIgniter->runController(Object(App\Controllers\ProfileController))
 6 SYSTEMPATH\CodeIgniter.php(368): CodeIgniter\CodeIgniter->handleRequest(null, Object(Config\Cache), false)
 7 FCPATH\index.php(67): CodeIgniter\CodeIgniter->run()
 8 SYSTEMPATH\Commands\Server\rewrite.php(47): require_once('FCPATH\\index.php')
ERROR - 2024-02-18 18:24:50 --> Invalid or empty $selectedCategories in storeUserCategories
CRITICAL - 2024-02-18 18:24:50 --> The route for "/profile" cannot be found.
in SYSTEMPATH\HTTP\RedirectResponse.php on line 60.
 1 SYSTEMPATH\HTTP\RedirectResponse.php(60): CodeIgniter\HTTP\Exceptions\HTTPException::forInvalidRedirectRoute('/profile')
 2 SYSTEMPATH\Common.php(869): CodeIgniter\HTTP\RedirectResponse->route(false)
 3 APPPATH\Controllers\ProfileController.php(86): redirect('/profile')
 4 SYSTEMPATH\CodeIgniter.php(934): App\Controllers\ProfileController->processCategorySelection()
 5 SYSTEMPATH\CodeIgniter.php(499): CodeIgniter\CodeIgniter->runController(Object(App\Controllers\ProfileController))
 6 SYSTEMPATH\CodeIgniter.php(368): CodeIgniter\CodeIgniter->handleRequest(null, Object(Config\Cache), false)
 7 FCPATH\index.php(67): CodeIgniter\CodeIgniter->run()
 8 SYSTEMPATH\Commands\Server\rewrite.php(47): require_once('FCPATH\\index.php')
ERROR - 2024-02-18 18:25:40 --> Invalid or empty $selectedCategories in storeUserCategories
CRITICAL - 2024-02-18 18:25:40 --> The route for "/profile" cannot be found.
in SYSTEMPATH\HTTP\RedirectResponse.php on line 60.
 1 SYSTEMPATH\HTTP\RedirectResponse.php(60): CodeIgniter\HTTP\Exceptions\HTTPException::forInvalidRedirectRoute('/profile')
 2 SYSTEMPATH\Common.php(869): CodeIgniter\HTTP\RedirectResponse->route(false)
 3 APPPATH\Controllers\ProfileController.php(86): redirect('/profile')
 4 SYSTEMPATH\CodeIgniter.php(934): App\Controllers\ProfileController->processCategorySelection()
 5 SYSTEMPATH\CodeIgniter.php(499): CodeIgniter\CodeIgniter->runController(Object(App\Controllers\ProfileController))
 6 SYSTEMPATH\CodeIgniter.php(368): CodeIgniter\CodeIgniter->handleRequest(null, Object(Config\Cache), false)
 7 FCPATH\index.php(67): CodeIgniter\CodeIgniter->run()
 8 SYSTEMPATH\Commands\Server\rewrite.php(47): require_once('FCPATH\\index.php')
ERROR - 2024-02-18 18:25:41 --> Invalid or empty $selectedCategories in storeUserCategories
CRITICAL - 2024-02-18 18:25:41 --> The route for "/profile" cannot be found.
in SYSTEMPATH\HTTP\RedirectResponse.php on line 60.
 1 SYSTEMPATH\HTTP\RedirectResponse.php(60): CodeIgniter\HTTP\Exceptions\HTTPException::forInvalidRedirectRoute('/profile')
 2 SYSTEMPATH\Common.php(869): CodeIgniter\HTTP\RedirectResponse->route(false)
 3 APPPATH\Controllers\ProfileController.php(86): redirect('/profile')
 4 SYSTEMPATH\CodeIgniter.php(934): App\Controllers\ProfileController->processCategorySelection()
 5 SYSTEMPATH\CodeIgniter.php(499): CodeIgniter\CodeIgniter->runController(Object(App\Controllers\ProfileController))
 6 SYSTEMPATH\CodeIgniter.php(368): CodeIgniter\CodeIgniter->handleRequest(null, Object(Config\Cache), false)
 7 FCPATH\index.php(67): CodeIgniter\CodeIgniter->run()
 8 SYSTEMPATH\Commands\Server\rewrite.php(47): require_once('FCPATH\\index.php')
ERROR - 2024-02-18 18:25:44 --> Invalid or empty $selectedCategories in storeUserCategories
CRITICAL - 2024-02-18 18:25:44 --> The route for "/profile" cannot be found.
in SYSTEMPATH\HTTP\RedirectResponse.php on line 60.
 1 SYSTEMPATH\HTTP\RedirectResponse.php(60): CodeIgniter\HTTP\Exceptions\HTTPException::forInvalidRedirectRoute('/profile')
 2 SYSTEMPATH\Common.php(869): CodeIgniter\HTTP\RedirectResponse->route(false)
 3 APPPATH\Controllers\ProfileController.php(86): redirect('/profile')
 4 SYSTEMPATH\CodeIgniter.php(934): App\Controllers\ProfileController->processCategorySelection()
 5 SYSTEMPATH\CodeIgniter.php(499): CodeIgniter\CodeIgniter->runController(Object(App\Controllers\ProfileController))
 6 SYSTEMPATH\CodeIgniter.php(368): CodeIgniter\CodeIgniter->handleRequest(null, Object(Config\Cache), false)
 7 FCPATH\index.php(67): CodeIgniter\CodeIgniter->run()
 8 SYSTEMPATH\Commands\Server\rewrite.php(47): require_once('FCPATH\\index.php')
ERROR - 2024-02-18 18:26:57 --> Invalid or empty $selectedCategories in storeUserCategories
CRITICAL - 2024-02-18 18:26:57 --> The route for "/profile" cannot be found.
in SYSTEMPATH\HTTP\RedirectResponse.php on line 60.
 1 SYSTEMPATH\HTTP\RedirectResponse.php(60): CodeIgniter\HTTP\Exceptions\HTTPException::forInvalidRedirectRoute('/profile')
 2 SYSTEMPATH\Common.php(869): CodeIgniter\HTTP\RedirectResponse->route(false)
 3 APPPATH\Controllers\ProfileController.php(86): redirect('/profile')
 4 SYSTEMPATH\CodeIgniter.php(934): App\Controllers\ProfileController->processCategorySelection()
 5 SYSTEMPATH\CodeIgniter.php(499): CodeIgniter\CodeIgniter->runController(Object(App\Controllers\ProfileController))
 6 SYSTEMPATH\CodeIgniter.php(368): CodeIgniter\CodeIgniter->handleRequest(null, Object(Config\Cache), false)
 7 FCPATH\index.php(67): CodeIgniter\CodeIgniter->run()
 8 SYSTEMPATH\Commands\Server\rewrite.php(47): require_once('FCPATH\\index.php')
ERROR - 2024-02-18 18:27:00 --> Invalid or empty $selectedCategories in storeUserCategories
CRITICAL - 2024-02-18 18:27:00 --> The route for "/profile" cannot be found.
in SYSTEMPATH\HTTP\RedirectResponse.php on line 60.
 1 SYSTEMPATH\HTTP\RedirectResponse.php(60): CodeIgniter\HTTP\Exceptions\HTTPException::forInvalidRedirectRoute('/profile')
 2 SYSTEMPATH\Common.php(869): CodeIgniter\HTTP\RedirectResponse->route(false)
 3 APPPATH\Controllers\ProfileController.php(86): redirect('/profile')
 4 SYSTEMPATH\CodeIgniter.php(934): App\Controllers\ProfileController->processCategorySelection()
 5 SYSTEMPATH\CodeIgniter.php(499): CodeIgniter\CodeIgniter->runController(Object(App\Controllers\ProfileController))
 6 SYSTEMPATH\CodeIgniter.php(368): CodeIgniter\CodeIgniter->handleRequest(null, Object(Config\Cache), false)
 7 FCPATH\index.php(67): CodeIgniter\CodeIgniter->run()
 8 SYSTEMPATH\Commands\Server\rewrite.php(47): require_once('FCPATH\\index.php')
ERROR - 2024-02-18 18:27:58 --> Invalid or empty $selectedCategories in storeUserCategories
CRITICAL - 2024-02-18 18:27:58 --> Undefined variable $categories
in APPPATH\Views\user\profile.php on line 33.
 1 APPPATH\Views\user\profile.php(33): CodeIgniter\Debug\Exceptions->errorHandler(2, 'Undefined variable $categories', 'APPPATH\\Views\\user\\profile.php', 33)
 2 SYSTEMPATH\View\View.php(213): include('APPPATH\\Views\\user\\profile.php')
 3 SYSTEMPATH\View\View.php(216): CodeIgniter\View\View->CodeIgniter\View\{closure}()
 4 SYSTEMPATH\Common.php(1177): CodeIgniter\View\View->render('user/profile', [], true)
 5 APPPATH\Controllers\ProfileController.php(86): view('user/profile')
 6 SYSTEMPATH\CodeIgniter.php(934): App\Controllers\ProfileController->processCategorySelection()
 7 SYSTEMPATH\CodeIgniter.php(499): CodeIgniter\CodeIgniter->runController(Object(App\Controllers\ProfileController))
 8 SYSTEMPATH\CodeIgniter.php(368): CodeIgniter\CodeIgniter->handleRequest(null, Object(Config\Cache), false)
 9 FCPATH\index.php(67): CodeIgniter\CodeIgniter->run()
10 SYSTEMPATH\Commands\Server\rewrite.php(47): require_once('FCPATH\\index.php')
ERROR - 2024-02-18 18:28:01 --> Invalid or empty $selectedCategories in storeUserCategories
CRITICAL - 2024-02-18 18:28:01 --> Undefined variable $categories
in APPPATH\Views\user\profile.php on line 33.
 1 APPPATH\Views\user\profile.php(33): CodeIgniter\Debug\Exceptions->errorHandler(2, 'Undefined variable $categories', 'APPPATH\\Views\\user\\profile.php', 33)
 2 SYSTEMPATH\View\View.php(213): include('APPPATH\\Views\\user\\profile.php')
 3 SYSTEMPATH\View\View.php(216): CodeIgniter\View\View->CodeIgniter\View\{closure}()
 4 SYSTEMPATH\Common.php(1177): CodeIgniter\View\View->render('user/profile', [], true)
 5 APPPATH\Controllers\ProfileController.php(86): view('user/profile')
 6 SYSTEMPATH\CodeIgniter.php(934): App\Controllers\ProfileController->processCategorySelection()
 7 SYSTEMPATH\CodeIgniter.php(499): CodeIgniter\CodeIgniter->runController(Object(App\Controllers\ProfileController))
 8 SYSTEMPATH\CodeIgniter.php(368): CodeIgniter\CodeIgniter->handleRequest(null, Object(Config\Cache), false)
 9 FCPATH\index.php(67): CodeIgniter\CodeIgniter->run()
10 SYSTEMPATH\Commands\Server\rewrite.php(47): require_once('FCPATH\\index.php')
ERROR - 2024-02-18 18:30:49 --> Invalid or empty $selectedCategories in storeUserCategories
CRITICAL - 2024-02-18 18:30:49 --> Undefined variable $categories
in APPPATH\Views\user\profile.php on line 33.
 1 APPPATH\Views\user\profile.php(33): CodeIgniter\Debug\Exceptions->errorHandler(2, 'Undefined variable $categories', 'APPPATH\\Views\\user\\profile.php', 33)
 2 SYSTEMPATH\View\View.php(213): include('APPPATH\\Views\\user\\profile.php')
 3 SYSTEMPATH\View\View.php(216): CodeIgniter\View\View->CodeIgniter\View\{closure}()
 4 SYSTEMPATH\Common.php(1177): CodeIgniter\View\View->render('user/profile', [], true)
 5 APPPATH\Controllers\ProfileController.php(86): view('user/profile')
 6 SYSTEMPATH\CodeIgniter.php(934): App\Controllers\ProfileController->processCategorySelection()
 7 SYSTEMPATH\CodeIgniter.php(499): CodeIgniter\CodeIgniter->runController(Object(App\Controllers\ProfileController))
 8 SYSTEMPATH\CodeIgniter.php(368): CodeIgniter\CodeIgniter->handleRequest(null, Object(Config\Cache), false)
 9 FCPATH\index.php(67): CodeIgniter\CodeIgniter->run()
10 SYSTEMPATH\Commands\Server\rewrite.php(47): require_once('FCPATH\\index.php')
ERROR - 2024-02-18 18:33:01 --> mysqli_sql_exception: Cannot add or update a child row: a foreign key constraint fails (`project`.`user_categories`, CONSTRAINT `UserCat_Fk_2` FOREIGN KEY (`category_id`) REFERENCES `categories` (`id`) ON DELETE CASCADE ON UPDATE CASCADE) in C:\xampp\htdocs\ASKIFY\system\Database\MySQLi\Connection.php:295
Stack trace:
#0 C:\xampp\htdocs\ASKIFY\system\Database\MySQLi\Connection.php(295): mysqli->query('INSERT INTO `us...', 0)
#1 C:\xampp\htdocs\ASKIFY\system\Database\BaseConnection.php(691): CodeIgniter\Database\MySQLi\Connection->execute('INSERT INTO `us...')
#2 C:\xampp\htdocs\ASKIFY\system\Database\BaseConnection.php(605): CodeIgniter\Database\BaseConnection->simpleQuery('INSERT INTO `us...')
#3 C:\xampp\htdocs\ASKIFY\system\Database\BaseBuilder.php(2294): CodeIgniter\Database\BaseConnection->query('INSERT INTO `us...', Array, false)
#4 C:\xampp\htdocs\ASKIFY\system\Model.php(329): CodeIgniter\Database\BaseBuilder->insert()
#5 C:\xampp\htdocs\ASKIFY\system\BaseModel.php(782): CodeIgniter\Model->doInsert(Array)
#6 C:\xampp\htdocs\ASKIFY\system\Model.php(728): CodeIgniter\BaseModel->insert(Array, true)
#7 C:\xampp\htdocs\ASKIFY\app\Models\UserCategoriesModel.php(23): CodeIgniter\Model->insert(Array)
#8 C:\xampp\htdocs\ASKIFY\app\Controllers\ProfileController.php(85): App\Models\UserCategoriesModel->storeUserCategories('63', Array)
#9 C:\xampp\htdocs\ASKIFY\system\CodeIgniter.php(934): App\Controllers\ProfileController->processCategorySelection()
#10 C:\xampp\htdocs\ASKIFY\system\CodeIgniter.php(499): CodeIgniter\CodeIgniter->runController(Object(App\Controllers\ProfileController))
#11 C:\xampp\htdocs\ASKIFY\system\CodeIgniter.php(368): CodeIgniter\CodeIgniter->handleRequest(NULL, Object(Config\Cache), false)
#12 C:\xampp\htdocs\ASKIFY\public\index.php(67): CodeIgniter\CodeIgniter->run()
#13 C:\xampp\htdocs\ASKIFY\system\Commands\Server\rewrite.php(47): require_once('C:\\xampp\\htdocs...')
#14 {main}
CRITICAL - 2024-02-18 18:33:01 --> Cannot add or update a child row: a foreign key constraint fails (`project`.`user_categories`, CONSTRAINT `UserCat_Fk_2` FOREIGN KEY (`category_id`) REFERENCES `categories` (`id`) ON DELETE CASCADE ON UPDATE CASCADE)
in SYSTEMPATH\Database\BaseConnection.php on line 645.
 1 SYSTEMPATH\Database\BaseBuilder.php(2294): CodeIgniter\Database\BaseConnection->query('INSERT INTO `user_categories` (`user_id`, `category_id`) VALUES (:user_id:, :category_id:)', [...], false)
 2 SYSTEMPATH\Model.php(329): CodeIgniter\Database\BaseBuilder->insert()
 3 SYSTEMPATH\BaseModel.php(782): CodeIgniter\Model->doInsert([...])
 4 SYSTEMPATH\Model.php(728): CodeIgniter\BaseModel->insert([...], true)
 5 APPPATH\Models\UserCategoriesModel.php(23): CodeIgniter\Model->insert([...])
 6 APPPATH\Controllers\ProfileController.php(85): App\Models\UserCategoriesModel->storeUserCategories('63', [...])
 7 SYSTEMPATH\CodeIgniter.php(934): App\Controllers\ProfileController->processCategorySelection()
 8 SYSTEMPATH\CodeIgniter.php(499): CodeIgniter\CodeIgniter->runController(Object(App\Controllers\ProfileController))
 9 SYSTEMPATH\CodeIgniter.php(368): CodeIgniter\CodeIgniter->handleRequest(null, Object(Config\Cache), false)
10 FCPATH\index.php(67): CodeIgniter\CodeIgniter->run()
11 SYSTEMPATH\Commands\Server\rewrite.php(47): require_once('FCPATH\\index.php')
ERROR - 2024-02-18 18:34:17 --> Invalid or empty $selectedCategories in storeUserCategories
CRITICAL - 2024-02-18 18:34:17 --> The route for "/profile" cannot be found.
in SYSTEMPATH\HTTP\RedirectResponse.php on line 60.
 1 SYSTEMPATH\HTTP\RedirectResponse.php(60): CodeIgniter\HTTP\Exceptions\HTTPException::forInvalidRedirectRoute('/profile')
 2 SYSTEMPATH\Common.php(869): CodeIgniter\HTTP\RedirectResponse->route(false)
 3 APPPATH\Controllers\ProfileController.php(86): redirect('/profile')
 4 SYSTEMPATH\CodeIgniter.php(934): App\Controllers\ProfileController->processCategorySelection()
 5 SYSTEMPATH\CodeIgniter.php(499): CodeIgniter\CodeIgniter->runController(Object(App\Controllers\ProfileController))
 6 SYSTEMPATH\CodeIgniter.php(368): CodeIgniter\CodeIgniter->handleRequest(null, Object(Config\Cache), false)
 7 FCPATH\index.php(67): CodeIgniter\CodeIgniter->run()
 8 SYSTEMPATH\Commands\Server\rewrite.php(47): require_once('FCPATH\\index.php')
ERROR - 2024-02-18 18:34:32 --> Invalid or empty $selectedCategories in storeUserCategories
CRITICAL - 2024-02-18 18:34:32 --> The route for "/profile" cannot be found.
in SYSTEMPATH\HTTP\RedirectResponse.php on line 60.
 1 SYSTEMPATH\HTTP\RedirectResponse.php(60): CodeIgniter\HTTP\Exceptions\HTTPException::forInvalidRedirectRoute('/profile')
 2 SYSTEMPATH\Common.php(869): CodeIgniter\HTTP\RedirectResponse->route(false)
 3 APPPATH\Controllers\ProfileController.php(86): redirect('/profile')
 4 SYSTEMPATH\CodeIgniter.php(934): App\Controllers\ProfileController->processCategorySelection()
 5 SYSTEMPATH\CodeIgniter.php(499): CodeIgniter\CodeIgniter->runController(Object(App\Controllers\ProfileController))
 6 SYSTEMPATH\CodeIgniter.php(368): CodeIgniter\CodeIgniter->handleRequest(null, Object(Config\Cache), false)
 7 FCPATH\index.php(67): CodeIgniter\CodeIgniter->run()
 8 SYSTEMPATH\Commands\Server\rewrite.php(47): require_once('FCPATH\\index.php')
ERROR - 2024-02-18 18:34:37 --> Invalid or empty $selectedCategories in storeUserCategories
CRITICAL - 2024-02-18 18:34:37 --> The route for "/profile" cannot be found.
in SYSTEMPATH\HTTP\RedirectResponse.php on line 60.
 1 SYSTEMPATH\HTTP\RedirectResponse.php(60): CodeIgniter\HTTP\Exceptions\HTTPException::forInvalidRedirectRoute('/profile')
 2 SYSTEMPATH\Common.php(869): CodeIgniter\HTTP\RedirectResponse->route(false)
 3 APPPATH\Controllers\ProfileController.php(86): redirect('/profile')
 4 SYSTEMPATH\CodeIgniter.php(934): App\Controllers\ProfileController->processCategorySelection()
 5 SYSTEMPATH\CodeIgniter.php(499): CodeIgniter\CodeIgniter->runController(Object(App\Controllers\ProfileController))
 6 SYSTEMPATH\CodeIgniter.php(368): CodeIgniter\CodeIgniter->handleRequest(null, Object(Config\Cache), false)
 7 FCPATH\index.php(67): CodeIgniter\CodeIgniter->run()
 8 SYSTEMPATH\Commands\Server\rewrite.php(47): require_once('FCPATH\\index.php')
CRITICAL - 2024-02-18 18:34:50 --> Cannot use [] for reading
in APPPATH\Controllers\ProfileController.php on line 79.
 1 SYSTEMPATH\CodeIgniter.php(934): App\Controllers\ProfileController->processCategorySelection()
 2 SYSTEMPATH\CodeIgniter.php(499): CodeIgniter\CodeIgniter->runController(Object(App\Controllers\ProfileController))
 3 SYSTEMPATH\CodeIgniter.php(368): CodeIgniter\CodeIgniter->handleRequest(null, Object(Config\Cache), false)
 4 FCPATH\index.php(67): CodeIgniter\CodeIgniter->run()
 5 SYSTEMPATH\Commands\Server\rewrite.php(47): require_once('FCPATH\\index.php')
ERROR - 2024-02-18 18:37:08 --> Invalid or empty $selectedCategories in storeUserCategories
CRITICAL - 2024-02-18 18:37:08 --> The route for "/profile" cannot be found.
in SYSTEMPATH\HTTP\RedirectResponse.php on line 60.
 1 SYSTEMPATH\HTTP\RedirectResponse.php(60): CodeIgniter\HTTP\Exceptions\HTTPException::forInvalidRedirectRoute('/profile')
 2 SYSTEMPATH\Common.php(869): CodeIgniter\HTTP\RedirectResponse->route(false)
 3 APPPATH\Controllers\ProfileController.php(86): redirect('/profile')
 4 SYSTEMPATH\CodeIgniter.php(934): App\Controllers\ProfileController->processCategorySelection()
 5 SYSTEMPATH\CodeIgniter.php(499): CodeIgniter\CodeIgniter->runController(Object(App\Controllers\ProfileController))
 6 SYSTEMPATH\CodeIgniter.php(368): CodeIgniter\CodeIgniter->handleRequest(null, Object(Config\Cache), false)
 7 FCPATH\index.php(67): CodeIgniter\CodeIgniter->run()
 8 SYSTEMPATH\Commands\Server\rewrite.php(47): require_once('FCPATH\\index.php')
ERROR - 2024-02-18 18:39:02 --> Invalid or empty $selectedCategories in storeUserCategories
ERROR - 2024-02-18 18:39:38 --> Invalid or empty $selectedCategories in storeUserCategories
ERROR - 2024-02-18 18:40:26 --> Invalid or empty $selectedCategories in storeUserCategories
CRITICAL - 2024-02-18 18:40:26 --> CodeIgniter\HTTP\Response::setJSON(): Argument #2 ($unencoded) must be of type bool, array given, called in C:\xampp\htdocs\ASKIFY\app\Controllers\ProfileController.php on line 90
in SYSTEMPATH\HTTP\ResponseTrait.php on line 248.
 1 APPPATH\Controllers\ProfileController.php(90): CodeIgniter\HTTP\Response->setJSON([...], [])
 2 SYSTEMPATH\CodeIgniter.php(934): App\Controllers\ProfileController->processCategorySelection()
 3 SYSTEMPATH\CodeIgniter.php(499): CodeIgniter\CodeIgniter->runController(Object(App\Controllers\ProfileController))
 4 SYSTEMPATH\CodeIgniter.php(368): CodeIgniter\CodeIgniter->handleRequest(null, Object(Config\Cache), false)
 5 FCPATH\index.php(67): CodeIgniter\CodeIgniter->run()
 6 SYSTEMPATH\Commands\Server\rewrite.php(47): require_once('FCPATH\\index.php')
ERROR - 2024-02-18 18:42:01 --> Invalid or empty $selectedCategories in storeUserCategories
ERROR - 2024-02-18 18:46:38 --> Invalid or empty $selectedCategories in storeUserCategories
ERROR - 2024-02-18 18:47:21 --> Invalid or empty $selectedCategories in storeUserCategories
ERROR - 2024-02-18 18:50:30 --> Invalid or empty $selectedCategories in storeUserCategories
ERROR - 2024-02-18 18:50:46 --> Invalid or empty $selectedCategories in storeUserCategories
ERROR - 2024-02-18 18:50:59 --> Invalid or empty $selectedCategories in storeUserCategories
ERROR - 2024-02-18 18:51:00 --> Invalid or empty $selectedCategories in storeUserCategories
CRITICAL - 2024-02-18 18:53:07 --> The route for "/profile" cannot be found.
in SYSTEMPATH\HTTP\RedirectResponse.php on line 60.
 1 SYSTEMPATH\HTTP\RedirectResponse.php(60): CodeIgniter\HTTP\Exceptions\HTTPException::forInvalidRedirectRoute('/profile')
 2 SYSTEMPATH\Common.php(869): CodeIgniter\HTTP\RedirectResponse->route(false)
 3 APPPATH\Controllers\ProfileController.php(89): redirect('/profile')
 4 SYSTEMPATH\CodeIgniter.php(934): App\Controllers\ProfileController->processCategorySelection()
 5 SYSTEMPATH\CodeIgniter.php(499): CodeIgniter\CodeIgniter->runController(Object(App\Controllers\ProfileController))
 6 SYSTEMPATH\CodeIgniter.php(368): CodeIgniter\CodeIgniter->handleRequest(null, Object(Config\Cache), false)
 7 FCPATH\index.php(67): CodeIgniter\CodeIgniter->run()
 8 SYSTEMPATH\Commands\Server\rewrite.php(47): require_once('FCPATH\\index.php')
CRITICAL - 2024-02-18 18:54:08 --> The route for "/homepage" cannot be found.
in SYSTEMPATH\HTTP\RedirectResponse.php on line 60.
 1 SYSTEMPATH\HTTP\RedirectResponse.php(60): CodeIgniter\HTTP\Exceptions\HTTPException::forInvalidRedirectRoute('/homepage')
 2 SYSTEMPATH\Common.php(869): CodeIgniter\HTTP\RedirectResponse->route(false)
 3 APPPATH\Controllers\ProfileController.php(89): redirect('/homepage')
 4 SYSTEMPATH\CodeIgniter.php(934): App\Controllers\ProfileController->processCategorySelection()
 5 SYSTEMPATH\CodeIgniter.php(499): CodeIgniter\CodeIgniter->runController(Object(App\Controllers\ProfileController))
 6 SYSTEMPATH\CodeIgniter.php(368): CodeIgniter\CodeIgniter->handleRequest(null, Object(Config\Cache), false)
 7 FCPATH\index.php(67): CodeIgniter\CodeIgniter->run()
 8 SYSTEMPATH\Commands\Server\rewrite.php(47): require_once('FCPATH\\index.php')
