CRITICAL - 2024-02-01 08:45:16 --> syntax error, unexpected end of file
in APPPATH\Views\user\profile.php on line 350.
 1 SYSTEMPATH\View\View.php(216): CodeIgniter\View\View->CodeIgniter\View\{closure}()
 2 SYSTEMPATH\Common.php(1177): CodeIgniter\View\View->render('user/profile', [], true)
 3 APPPATH\Controllers\ProfileController.php(63): view('user/profile', [...])
 4 SYSTEMPATH\CodeIgniter.php(934): App\Controllers\ProfileController->index()
 5 SYSTEMPATH\CodeIgniter.php(499): CodeIgniter\CodeIgniter->runController(Object(App\Controllers\ProfileController))
 6 SYSTEMPATH\CodeIgniter.php(368): CodeIgniter\CodeIgniter->handleRequest(null, Object(Config\Cache), false)
 7 FCPATH\index.php(67): CodeIgniter\CodeIgniter->run()
 8 SYSTEMPATH\Commands\Server\rewrite.php(47): require_once('FCPATH\\index.php')
CRITICAL - 2024-02-01 08:45:16 --> syntax error, unexpected end of file
in APPPATH\Views\user\profile.php on line 350.
 1 SYSTEMPATH\View\View.php(216): CodeIgniter\View\View->CodeIgniter\View\{closure}()
 2 SYSTEMPATH\Common.php(1177): CodeIgniter\View\View->render('user/profile', [], true)
 3 APPPATH\Controllers\ProfileController.php(63): view('user/profile', [...])
 4 SYSTEMPATH\CodeIgniter.php(934): App\Controllers\ProfileController->index()
 5 SYSTEMPATH\CodeIgniter.php(499): CodeIgniter\CodeIgniter->runController(Object(App\Controllers\ProfileController))
 6 SYSTEMPATH\CodeIgniter.php(368): CodeIgniter\CodeIgniter->handleRequest(null, Object(Config\Cache), false)
 7 FCPATH\index.php(67): CodeIgniter\CodeIgniter->run()
 8 SYSTEMPATH\Commands\Server\rewrite.php(47): require_once('FCPATH\\index.php')
CRITICAL - 2024-02-01 08:45:46 --> syntax error, unexpected end of file
in APPPATH\Views\user\profile.php on line 350.
 1 SYSTEMPATH\View\View.php(216): CodeIgniter\View\View->CodeIgniter\View\{closure}()
 2 SYSTEMPATH\Common.php(1177): CodeIgniter\View\View->render('user/profile', [], true)
 3 APPPATH\Controllers\ProfileController.php(63): view('user/profile', [...])
 4 SYSTEMPATH\CodeIgniter.php(934): App\Controllers\ProfileController->index()
 5 SYSTEMPATH\CodeIgniter.php(499): CodeIgniter\CodeIgniter->runController(Object(App\Controllers\ProfileController))
 6 SYSTEMPATH\CodeIgniter.php(368): CodeIgniter\CodeIgniter->handleRequest(null, Object(Config\Cache), false)
 7 FCPATH\index.php(67): CodeIgniter\CodeIgniter->run()
 8 SYSTEMPATH\Commands\Server\rewrite.php(47): require_once('FCPATH\\index.php')
CRITICAL - 2024-02-01 08:45:47 --> syntax error, unexpected end of file
in APPPATH\Views\user\profile.php on line 350.
 1 SYSTEMPATH\View\View.php(216): CodeIgniter\View\View->CodeIgniter\View\{closure}()
 2 SYSTEMPATH\Common.php(1177): CodeIgniter\View\View->render('user/profile', [], true)
 3 APPPATH\Controllers\ProfileController.php(63): view('user/profile', [...])
 4 SYSTEMPATH\CodeIgniter.php(934): App\Controllers\ProfileController->index()
 5 SYSTEMPATH\CodeIgniter.php(499): CodeIgniter\CodeIgniter->runController(Object(App\Controllers\ProfileController))
 6 SYSTEMPATH\CodeIgniter.php(368): CodeIgniter\CodeIgniter->handleRequest(null, Object(Config\Cache), false)
 7 FCPATH\index.php(67): CodeIgniter\CodeIgniter->run()
 8 SYSTEMPATH\Commands\Server\rewrite.php(47): require_once('FCPATH\\index.php')
CRITICAL - 2024-02-01 08:45:47 --> syntax error, unexpected end of file
in APPPATH\Views\user\profile.php on line 350.
 1 SYSTEMPATH\View\View.php(216): CodeIgniter\View\View->CodeIgniter\View\{closure}()
 2 SYSTEMPATH\Common.php(1177): CodeIgniter\View\View->render('user/profile', [], true)
 3 APPPATH\Controllers\ProfileController.php(63): view('user/profile', [...])
 4 SYSTEMPATH\CodeIgniter.php(934): App\Controllers\ProfileController->index()
 5 SYSTEMPATH\CodeIgniter.php(499): CodeIgniter\CodeIgniter->runController(Object(App\Controllers\ProfileController))
 6 SYSTEMPATH\CodeIgniter.php(368): CodeIgniter\CodeIgniter->handleRequest(null, Object(Config\Cache), false)
 7 FCPATH\index.php(67): CodeIgniter\CodeIgniter->run()
 8 SYSTEMPATH\Commands\Server\rewrite.php(47): require_once('FCPATH\\index.php')
CRITICAL - 2024-02-01 08:45:47 --> syntax error, unexpected end of file
in APPPATH\Views\user\profile.php on line 350.
 1 SYSTEMPATH\View\View.php(216): CodeIgniter\View\View->CodeIgniter\View\{closure}()
 2 SYSTEMPATH\Common.php(1177): CodeIgniter\View\View->render('user/profile', [], true)
 3 APPPATH\Controllers\ProfileController.php(63): view('user/profile', [...])
 4 SYSTEMPATH\CodeIgniter.php(934): App\Controllers\ProfileController->index()
 5 SYSTEMPATH\CodeIgniter.php(499): CodeIgniter\CodeIgniter->runController(Object(App\Controllers\ProfileController))
 6 SYSTEMPATH\CodeIgniter.php(368): CodeIgniter\CodeIgniter->handleRequest(null, Object(Config\Cache), false)
 7 FCPATH\index.php(67): CodeIgniter\CodeIgniter->run()
 8 SYSTEMPATH\Commands\Server\rewrite.php(47): require_once('FCPATH\\index.php')
CRITICAL - 2024-02-01 08:45:47 --> syntax error, unexpected end of file
in APPPATH\Views\user\profile.php on line 350.
 1 SYSTEMPATH\View\View.php(216): CodeIgniter\View\View->CodeIgniter\View\{closure}()
 2 SYSTEMPATH\Common.php(1177): CodeIgniter\View\View->render('user/profile', [], true)
 3 APPPATH\Controllers\ProfileController.php(63): view('user/profile', [...])
 4 SYSTEMPATH\CodeIgniter.php(934): App\Controllers\ProfileController->index()
 5 SYSTEMPATH\CodeIgniter.php(499): CodeIgniter\CodeIgniter->runController(Object(App\Controllers\ProfileController))
 6 SYSTEMPATH\CodeIgniter.php(368): CodeIgniter\CodeIgniter->handleRequest(null, Object(Config\Cache), false)
 7 FCPATH\index.php(67): CodeIgniter\CodeIgniter->run()
 8 SYSTEMPATH\Commands\Server\rewrite.php(47): require_once('FCPATH\\index.php')
CRITICAL - 2024-02-01 08:45:47 --> syntax error, unexpected end of file
in APPPATH\Views\user\profile.php on line 350.
 1 SYSTEMPATH\View\View.php(216): CodeIgniter\View\View->CodeIgniter\View\{closure}()
 2 SYSTEMPATH\Common.php(1177): CodeIgniter\View\View->render('user/profile', [], true)
 3 APPPATH\Controllers\ProfileController.php(63): view('user/profile', [...])
 4 SYSTEMPATH\CodeIgniter.php(934): App\Controllers\ProfileController->index()
 5 SYSTEMPATH\CodeIgniter.php(499): CodeIgniter\CodeIgniter->runController(Object(App\Controllers\ProfileController))
 6 SYSTEMPATH\CodeIgniter.php(368): CodeIgniter\CodeIgniter->handleRequest(null, Object(Config\Cache), false)
 7 FCPATH\index.php(67): CodeIgniter\CodeIgniter->run()
 8 SYSTEMPATH\Commands\Server\rewrite.php(47): require_once('FCPATH\\index.php')
CRITICAL - 2024-02-01 08:45:47 --> syntax error, unexpected end of file
in APPPATH\Views\user\profile.php on line 350.
 1 SYSTEMPATH\View\View.php(216): CodeIgniter\View\View->CodeIgniter\View\{closure}()
 2 SYSTEMPATH\Common.php(1177): CodeIgniter\View\View->render('user/profile', [], true)
 3 APPPATH\Controllers\ProfileController.php(63): view('user/profile', [...])
 4 SYSTEMPATH\CodeIgniter.php(934): App\Controllers\ProfileController->index()
 5 SYSTEMPATH\CodeIgniter.php(499): CodeIgniter\CodeIgniter->runController(Object(App\Controllers\ProfileController))
 6 SYSTEMPATH\CodeIgniter.php(368): CodeIgniter\CodeIgniter->handleRequest(null, Object(Config\Cache), false)
 7 FCPATH\index.php(67): CodeIgniter\CodeIgniter->run()
 8 SYSTEMPATH\Commands\Server\rewrite.php(47): require_once('FCPATH\\index.php')
CRITICAL - 2024-02-01 08:45:47 --> syntax error, unexpected end of file
in APPPATH\Views\user\profile.php on line 350.
 1 SYSTEMPATH\View\View.php(216): CodeIgniter\View\View->CodeIgniter\View\{closure}()
 2 SYSTEMPATH\Common.php(1177): CodeIgniter\View\View->render('user/profile', [], true)
 3 APPPATH\Controllers\ProfileController.php(63): view('user/profile', [...])
 4 SYSTEMPATH\CodeIgniter.php(934): App\Controllers\ProfileController->index()
 5 SYSTEMPATH\CodeIgniter.php(499): CodeIgniter\CodeIgniter->runController(Object(App\Controllers\ProfileController))
 6 SYSTEMPATH\CodeIgniter.php(368): CodeIgniter\CodeIgniter->handleRequest(null, Object(Config\Cache), false)
 7 FCPATH\index.php(67): CodeIgniter\CodeIgniter->run()
 8 SYSTEMPATH\Commands\Server\rewrite.php(47): require_once('FCPATH\\index.php')
CRITICAL - 2024-02-01 09:10:50 --> Undefined variable $totalAllAnswersLikes
in APPPATH\Views\user\profile.php on line 120.
 1 APPPATH\Views\user\profile.php(120): CodeIgniter\Debug\Exceptions->errorHandler(2, 'Undefined variable $totalAllAnswersLikes', 'APPPATH\\Views\\user\\profile.php', 120)
 2 SYSTEMPATH\View\View.php(213): include('APPPATH\\Views\\user\\profile.php')
 3 SYSTEMPATH\View\View.php(216): CodeIgniter\View\View->CodeIgniter\View\{closure}()
 4 SYSTEMPATH\Common.php(1177): CodeIgniter\View\View->render('user/profile', [], true)
 5 APPPATH\Controllers\ProfileController.php(63): view('user/profile', [...])
 6 SYSTEMPATH\CodeIgniter.php(934): App\Controllers\ProfileController->index()
 7 SYSTEMPATH\CodeIgniter.php(499): CodeIgniter\CodeIgniter->runController(Object(App\Controllers\ProfileController))
 8 SYSTEMPATH\CodeIgniter.php(368): CodeIgniter\CodeIgniter->handleRequest(null, Object(Config\Cache), false)
 9 FCPATH\index.php(67): CodeIgniter\CodeIgniter->run()
10 SYSTEMPATH\Commands\Server\rewrite.php(47): require_once('FCPATH\\index.php')
CRITICAL - 2024-02-01 09:10:50 --> Undefined variable $totalAllAnswersLikes
in APPPATH\Views\user\profile.php on line 120.
 1 APPPATH\Views\user\profile.php(120): CodeIgniter\Debug\Exceptions->errorHandler(2, 'Undefined variable $totalAllAnswersLikes', 'APPPATH\\Views\\user\\profile.php', 120)
 2 SYSTEMPATH\View\View.php(213): include('APPPATH\\Views\\user\\profile.php')
 3 SYSTEMPATH\View\View.php(216): CodeIgniter\View\View->CodeIgniter\View\{closure}()
 4 SYSTEMPATH\Common.php(1177): CodeIgniter\View\View->render('user/profile', [], true)
 5 APPPATH\Controllers\ProfileController.php(63): view('user/profile', [...])
 6 SYSTEMPATH\CodeIgniter.php(934): App\Controllers\ProfileController->index()
 7 SYSTEMPATH\CodeIgniter.php(499): CodeIgniter\CodeIgniter->runController(Object(App\Controllers\ProfileController))
 8 SYSTEMPATH\CodeIgniter.php(368): CodeIgniter\CodeIgniter->handleRequest(null, Object(Config\Cache), false)
 9 FCPATH\index.php(67): CodeIgniter\CodeIgniter->run()
10 SYSTEMPATH\Commands\Server\rewrite.php(47): require_once('FCPATH\\index.php')
CRITICAL - 2024-02-01 09:10:51 --> Undefined variable $totalAllAnswersLikes
in APPPATH\Views\user\profile.php on line 120.
 1 APPPATH\Views\user\profile.php(120): CodeIgniter\Debug\Exceptions->errorHandler(2, 'Undefined variable $totalAllAnswersLikes', 'APPPATH\\Views\\user\\profile.php', 120)
 2 SYSTEMPATH\View\View.php(213): include('APPPATH\\Views\\user\\profile.php')
 3 SYSTEMPATH\View\View.php(216): CodeIgniter\View\View->CodeIgniter\View\{closure}()
 4 SYSTEMPATH\Common.php(1177): CodeIgniter\View\View->render('user/profile', [], true)
 5 APPPATH\Controllers\ProfileController.php(63): view('user/profile', [...])
 6 SYSTEMPATH\CodeIgniter.php(934): App\Controllers\ProfileController->index()
 7 SYSTEMPATH\CodeIgniter.php(499): CodeIgniter\CodeIgniter->runController(Object(App\Controllers\ProfileController))
 8 SYSTEMPATH\CodeIgniter.php(368): CodeIgniter\CodeIgniter->handleRequest(null, Object(Config\Cache), false)
 9 FCPATH\index.php(67): CodeIgniter\CodeIgniter->run()
10 SYSTEMPATH\Commands\Server\rewrite.php(47): require_once('FCPATH\\index.php')
CRITICAL - 2024-02-01 09:10:51 --> Undefined variable $totalAllAnswersLikes
in APPPATH\Views\user\profile.php on line 120.
 1 APPPATH\Views\user\profile.php(120): CodeIgniter\Debug\Exceptions->errorHandler(2, 'Undefined variable $totalAllAnswersLikes', 'APPPATH\\Views\\user\\profile.php', 120)
 2 SYSTEMPATH\View\View.php(213): include('APPPATH\\Views\\user\\profile.php')
 3 SYSTEMPATH\View\View.php(216): CodeIgniter\View\View->CodeIgniter\View\{closure}()
 4 SYSTEMPATH\Common.php(1177): CodeIgniter\View\View->render('user/profile', [], true)
 5 APPPATH\Controllers\ProfileController.php(63): view('user/profile', [...])
 6 SYSTEMPATH\CodeIgniter.php(934): App\Controllers\ProfileController->index()
 7 SYSTEMPATH\CodeIgniter.php(499): CodeIgniter\CodeIgniter->runController(Object(App\Controllers\ProfileController))
 8 SYSTEMPATH\CodeIgniter.php(368): CodeIgniter\CodeIgniter->handleRequest(null, Object(Config\Cache), false)
 9 FCPATH\index.php(67): CodeIgniter\CodeIgniter->run()
10 SYSTEMPATH\Commands\Server\rewrite.php(47): require_once('FCPATH\\index.php')
CRITICAL - 2024-02-01 09:11:37 --> Undefined variable $totalAllAnswersLikes
in APPPATH\Views\user\profile.php on line 120.
 1 APPPATH\Views\user\profile.php(120): CodeIgniter\Debug\Exceptions->errorHandler(2, 'Undefined variable $totalAllAnswersLikes', 'APPPATH\\Views\\user\\profile.php', 120)
 2 SYSTEMPATH\View\View.php(213): include('APPPATH\\Views\\user\\profile.php')
 3 SYSTEMPATH\View\View.php(216): CodeIgniter\View\View->CodeIgniter\View\{closure}()
 4 SYSTEMPATH\Common.php(1177): CodeIgniter\View\View->render('user/profile', [], true)
 5 APPPATH\Controllers\ProfileController.php(63): view('user/profile', [...])
 6 SYSTEMPATH\CodeIgniter.php(934): App\Controllers\ProfileController->index()
 7 SYSTEMPATH\CodeIgniter.php(499): CodeIgniter\CodeIgniter->runController(Object(App\Controllers\ProfileController))
 8 SYSTEMPATH\CodeIgniter.php(368): CodeIgniter\CodeIgniter->handleRequest(null, Object(Config\Cache), false)
 9 FCPATH\index.php(67): CodeIgniter\CodeIgniter->run()
10 SYSTEMPATH\Commands\Server\rewrite.php(47): require_once('FCPATH\\index.php')
CRITICAL - 2024-02-01 09:11:37 --> Undefined variable $totalAllAnswersLikes
in APPPATH\Views\user\profile.php on line 120.
 1 APPPATH\Views\user\profile.php(120): CodeIgniter\Debug\Exceptions->errorHandler(2, 'Undefined variable $totalAllAnswersLikes', 'APPPATH\\Views\\user\\profile.php', 120)
 2 SYSTEMPATH\View\View.php(213): include('APPPATH\\Views\\user\\profile.php')
 3 SYSTEMPATH\View\View.php(216): CodeIgniter\View\View->CodeIgniter\View\{closure}()
 4 SYSTEMPATH\Common.php(1177): CodeIgniter\View\View->render('user/profile', [], true)
 5 APPPATH\Controllers\ProfileController.php(63): view('user/profile', [...])
 6 SYSTEMPATH\CodeIgniter.php(934): App\Controllers\ProfileController->index()
 7 SYSTEMPATH\CodeIgniter.php(499): CodeIgniter\CodeIgniter->runController(Object(App\Controllers\ProfileController))
 8 SYSTEMPATH\CodeIgniter.php(368): CodeIgniter\CodeIgniter->handleRequest(null, Object(Config\Cache), false)
 9 FCPATH\index.php(67): CodeIgniter\CodeIgniter->run()
10 SYSTEMPATH\Commands\Server\rewrite.php(47): require_once('FCPATH\\index.php')
CRITICAL - 2024-02-01 09:11:37 --> Undefined variable $totalAllAnswersLikes
in APPPATH\Views\user\profile.php on line 120.
 1 APPPATH\Views\user\profile.php(120): CodeIgniter\Debug\Exceptions->errorHandler(2, 'Undefined variable $totalAllAnswersLikes', 'APPPATH\\Views\\user\\profile.php', 120)
 2 SYSTEMPATH\View\View.php(213): include('APPPATH\\Views\\user\\profile.php')
 3 SYSTEMPATH\View\View.php(216): CodeIgniter\View\View->CodeIgniter\View\{closure}()
 4 SYSTEMPATH\Common.php(1177): CodeIgniter\View\View->render('user/profile', [], true)
 5 APPPATH\Controllers\ProfileController.php(63): view('user/profile', [...])
 6 SYSTEMPATH\CodeIgniter.php(934): App\Controllers\ProfileController->index()
 7 SYSTEMPATH\CodeIgniter.php(499): CodeIgniter\CodeIgniter->runController(Object(App\Controllers\ProfileController))
 8 SYSTEMPATH\CodeIgniter.php(368): CodeIgniter\CodeIgniter->handleRequest(null, Object(Config\Cache), false)
 9 FCPATH\index.php(67): CodeIgniter\CodeIgniter->run()
10 SYSTEMPATH\Commands\Server\rewrite.php(47): require_once('FCPATH\\index.php')
CRITICAL - 2024-02-01 09:11:37 --> Undefined variable $totalAllAnswersLikes
in APPPATH\Views\user\profile.php on line 120.
 1 APPPATH\Views\user\profile.php(120): CodeIgniter\Debug\Exceptions->errorHandler(2, 'Undefined variable $totalAllAnswersLikes', 'APPPATH\\Views\\user\\profile.php', 120)
 2 SYSTEMPATH\View\View.php(213): include('APPPATH\\Views\\user\\profile.php')
 3 SYSTEMPATH\View\View.php(216): CodeIgniter\View\View->CodeIgniter\View\{closure}()
 4 SYSTEMPATH\Common.php(1177): CodeIgniter\View\View->render('user/profile', [], true)
 5 APPPATH\Controllers\ProfileController.php(63): view('user/profile', [...])
 6 SYSTEMPATH\CodeIgniter.php(934): App\Controllers\ProfileController->index()
 7 SYSTEMPATH\CodeIgniter.php(499): CodeIgniter\CodeIgniter->runController(Object(App\Controllers\ProfileController))
 8 SYSTEMPATH\CodeIgniter.php(368): CodeIgniter\CodeIgniter->handleRequest(null, Object(Config\Cache), false)
 9 FCPATH\index.php(67): CodeIgniter\CodeIgniter->run()
10 SYSTEMPATH\Commands\Server\rewrite.php(47): require_once('FCPATH\\index.php')
CRITICAL - 2024-02-01 09:11:37 --> Undefined variable $totalAllAnswersLikes
in APPPATH\Views\user\profile.php on line 120.
 1 APPPATH\Views\user\profile.php(120): CodeIgniter\Debug\Exceptions->errorHandler(2, 'Undefined variable $totalAllAnswersLikes', 'APPPATH\\Views\\user\\profile.php', 120)
 2 SYSTEMPATH\View\View.php(213): include('APPPATH\\Views\\user\\profile.php')
 3 SYSTEMPATH\View\View.php(216): CodeIgniter\View\View->CodeIgniter\View\{closure}()
 4 SYSTEMPATH\Common.php(1177): CodeIgniter\View\View->render('user/profile', [], true)
 5 APPPATH\Controllers\ProfileController.php(63): view('user/profile', [...])
 6 SYSTEMPATH\CodeIgniter.php(934): App\Controllers\ProfileController->index()
 7 SYSTEMPATH\CodeIgniter.php(499): CodeIgniter\CodeIgniter->runController(Object(App\Controllers\ProfileController))
 8 SYSTEMPATH\CodeIgniter.php(368): CodeIgniter\CodeIgniter->handleRequest(null, Object(Config\Cache), false)
 9 FCPATH\index.php(67): CodeIgniter\CodeIgniter->run()
10 SYSTEMPATH\Commands\Server\rewrite.php(47): require_once('FCPATH\\index.php')
CRITICAL - 2024-02-01 09:11:38 --> Undefined variable $totalAllAnswersLikes
in APPPATH\Views\user\profile.php on line 120.
 1 APPPATH\Views\user\profile.php(120): CodeIgniter\Debug\Exceptions->errorHandler(2, 'Undefined variable $totalAllAnswersLikes', 'APPPATH\\Views\\user\\profile.php', 120)
 2 SYSTEMPATH\View\View.php(213): include('APPPATH\\Views\\user\\profile.php')
 3 SYSTEMPATH\View\View.php(216): CodeIgniter\View\View->CodeIgniter\View\{closure}()
 4 SYSTEMPATH\Common.php(1177): CodeIgniter\View\View->render('user/profile', [], true)
 5 APPPATH\Controllers\ProfileController.php(63): view('user/profile', [...])
 6 SYSTEMPATH\CodeIgniter.php(934): App\Controllers\ProfileController->index()
 7 SYSTEMPATH\CodeIgniter.php(499): CodeIgniter\CodeIgniter->runController(Object(App\Controllers\ProfileController))
 8 SYSTEMPATH\CodeIgniter.php(368): CodeIgniter\CodeIgniter->handleRequest(null, Object(Config\Cache), false)
 9 FCPATH\index.php(67): CodeIgniter\CodeIgniter->run()
10 SYSTEMPATH\Commands\Server\rewrite.php(47): require_once('FCPATH\\index.php')
CRITICAL - 2024-02-01 09:11:38 --> Undefined variable $totalAllAnswersLikes
in APPPATH\Views\user\profile.php on line 120.
 1 APPPATH\Views\user\profile.php(120): CodeIgniter\Debug\Exceptions->errorHandler(2, 'Undefined variable $totalAllAnswersLikes', 'APPPATH\\Views\\user\\profile.php', 120)
 2 SYSTEMPATH\View\View.php(213): include('APPPATH\\Views\\user\\profile.php')
 3 SYSTEMPATH\View\View.php(216): CodeIgniter\View\View->CodeIgniter\View\{closure}()
 4 SYSTEMPATH\Common.php(1177): CodeIgniter\View\View->render('user/profile', [], true)
 5 APPPATH\Controllers\ProfileController.php(63): view('user/profile', [...])
 6 SYSTEMPATH\CodeIgniter.php(934): App\Controllers\ProfileController->index()
 7 SYSTEMPATH\CodeIgniter.php(499): CodeIgniter\CodeIgniter->runController(Object(App\Controllers\ProfileController))
 8 SYSTEMPATH\CodeIgniter.php(368): CodeIgniter\CodeIgniter->handleRequest(null, Object(Config\Cache), false)
 9 FCPATH\index.php(67): CodeIgniter\CodeIgniter->run()
10 SYSTEMPATH\Commands\Server\rewrite.php(47): require_once('FCPATH\\index.php')
CRITICAL - 2024-02-01 09:11:38 --> Undefined variable $totalAllAnswersLikes
in APPPATH\Views\user\profile.php on line 120.
 1 APPPATH\Views\user\profile.php(120): CodeIgniter\Debug\Exceptions->errorHandler(2, 'Undefined variable $ rsLikes', 'APPPATH\\Views\\user\\profile.php', 120)
 2 SYSTEMPATH\View\View.php(213): include('APPPATH\\Views\\user\\profile.php')
 3 SYSTEMPATH\View\View.php(216): CodeIgniter\View\View->CodeIgniter\View\{closure}()
 4 SYSTEMPATH\Common.php(1177): CodeIgniter\View\View->render('user/profile', [], true)
 5 APPPATH\Controllers\ProfileController.php(63): view('user/profile', [...])
 6 SYSTEMPATH\CodeIgniter.php(934): App\Controllers\ProfileController->index()
 7 SYSTEMPATH\CodeIgniter.php(499): CodeIgniter\CodeIgniter->runController(Object(App\Controllers\ProfileController))
 8 SYSTEMPATH\CodeIgniter.php(368): CodeIgniter\CodeIgniter->handleRequest(null, Object(Config\Cache), false)
 9 FCPATH\index.php(67): CodeIgniter\CodeIgniter->run()
10 SYSTEMPATH\Commands\Server\rewrite.php(47): require_once('FCPATH\\index.php')
ERROR - 2024-02-01 09:52:04 --> mysqli_sql_exception: Cannot add or update a child row: a foreign key constraint fails (`project`.`question`, CONSTRAINT `question_FK_1` FOREIGN KEY (`user_id`) REFERENCES `users` (`id`)) in C:\xampp\htdocs\ASKIFY\system\Database\MySQLi\Connection.php:295
Stack trace:
#0 C:\xampp\htdocs\ASKIFY\system\Database\MySQLi\Connection.php(295): mysqli->query('INSERT INTO `qu...', 0)
#1 C:\xampp\htdocs\ASKIFY\system\Database\BaseConnection.php(691): CodeIgniter\Database\MySQLi\Connection->execute('INSERT INTO `qu...')
#2 C:\xampp\htdocs\ASKIFY\system\Database\BaseConnection.php(605): CodeIgniter\Database\BaseConnection->simpleQuery('INSERT INTO `qu...')
#3 C:\xampp\htdocs\ASKIFY\system\Database\BaseBuilder.php(2294): CodeIgniter\Database\BaseConnection->query('INSERT INTO `qu...', Array, false)
#4 C:\xampp\htdocs\ASKIFY\system\Model.php(329): CodeIgniter\Database\BaseBuilder->insert()
#5 C:\xampp\htdocs\ASKIFY\system\BaseModel.php(782): CodeIgniter\Model->doInsert(Array)
#6 C:\xampp\htdocs\ASKIFY\system\Model.php(728): CodeIgniter\BaseModel->insert(Array, true)
#7 C:\xampp\htdocs\ASKIFY\app\Controllers\HomepageController.php(97): CodeIgniter\Model->insert(Array)
#8 C:\xampp\htdocs\ASKIFY\system\CodeIgniter.php(934): App\Controllers\HomepageController->submitQuestion()
#9 C:\xampp\htdocs\ASKIFY\system\CodeIgniter.php(499): CodeIgniter\CodeIgniter->runController(Object(App\Controllers\HomepageController))
#10 C:\xampp\htdocs\ASKIFY\system\CodeIgniter.php(368): CodeIgniter\CodeIgniter->handleRequest(NULL, Object(Config\Cache), false)
#11 C:\xampp\htdocs\ASKIFY\public\index.php(67): CodeIgniter\CodeIgniter->run()
#12 C:\xampp\htdocs\ASKIFY\system\Commands\Server\rewrite.php(47): require_once('C:\\xampp\\htdocs...')
#13 {main}
CRITICAL - 2024-02-01 09:52:04 --> Cannot add or update a child row: a foreign key constraint fails (`project`.`question`, CONSTRAINT `question_FK_1` FOREIGN KEY (`user_id`) REFERENCES `users` (`id`))
in SYSTEMPATH\Database\BaseConnection.php on line 645.
 1 SYSTEMPATH\Database\BaseBuilder.php(2294): CodeIgniter\Database\BaseConnection->query('INSERT INTO `question` (`title`, `description`) VALUES (:title:, :description:)', [...], false)
 2 SYSTEMPATH\Model.php(329): CodeIgniter\Database\BaseBuilder->insert()
 3 SYSTEMPATH\BaseModel.php(782): CodeIgniter\Model->doInsert([...])
 4 SYSTEMPATH\Model.php(728): CodeIgniter\BaseModel->insert([...], true)
 5 APPPATH\Controllers\HomepageController.php(97): CodeIgniter\Model->insert([...]) 
 6 SYSTEMPATH\CodeIgniter.php(934): App\Controllers\HomepageController->submitQuestion()
 7 SYSTEMPATH\CodeIgniter.php(499): CodeIgniter\CodeIgniter->runController(Object(App\Controllers\HomepageController))
 8 SYSTEMPATH\CodeIgniter.php(368): CodeIgniter\CodeIgniter->handleRequest(null, Object(Config\Cache), false)
 9 FCPATH\index.php(67): CodeIgniter\CodeIgniter->run()
10 SYSTEMPATH\Commands\Server\rewrite.php(47): require_once('FCPATH\\index.php')
