ERROR - 2024-01-18 06:57:27 --> Error connecting to the database: mysqli_sql_exception: No connection could be made because the target machine actively refused it in C:\xampp\htdocs\ASKIFY- NEW\system\Database\MySQLi\Connection.php:173
Stack trace:
#0 C:\xampp\htdocs\ASKIFY- NEW\system\Database\MySQLi\Connection.php(173): mysqli->real_connect('localhost', 'root', Object(SensitiveParameterValue), 'project', 3306, '', 0)
#1 C:\xampp\htdocs\ASKIFY- NEW\system\Database\BaseConnection.php(391): CodeIgniter\Database\MySQLi\Connection->connect(false)
#2 C:\xampp\htdocs\ASKIFY- NEW\system\Database\BaseConnection.php(573): CodeIgniter\Database\BaseConnection->initialize()
#3 C:\xampp\htdocs\ASKIFY- NEW\system\Database\BaseBuilder.php(1601): CodeIgniter\Database\BaseConnection->query('SELECT `users`....', Array, false)
#4 C:\xampp\htdocs\ASKIFY- NEW\system\Model.php(240): CodeIgniter\Database\BaseBuilder->get()
#5 C:\xampp\htdocs\ASKIFY- NEW\system\BaseModel.php(618): CodeIgniter\Model->doFindAll(0, 0)
#6 C:\xampp\htdocs\ASKIFY- NEW\app\Controllers\HomepageController.php(28): CodeIgniter\BaseModel->findAll()
#7 C:\xampp\htdocs\ASKIFY- NEW\system\CodeIgniter.php(934): App\Controllers\HomepageController->getQuestions()
#8 C:\xampp\htdocs\ASKIFY- NEW\system\CodeIgniter.php(499): CodeIgniter\CodeIgniter->runController(Object(App\Controllers\HomepageController))
#9 C:\xampp\htdocs\ASKIFY- NEW\system\CodeIgniter.php(368): CodeIgniter\CodeIgniter->handleRequest(NULL, Object(Config\Cache), false)
#10 C:\xampp\htdocs\ASKIFY- NEW\public\index.php(67): CodeIgniter\CodeIgniter->run()
#11 C:\xampp\htdocs\ASKIFY- NEW\system\Commands\Server\rewrite.php(47): require_once('C:\\xampp\\htdocs...')
#12 {main}

Next CodeIgniter\Database\Exceptions\DatabaseException: No connection could be made because the target machine actively refused it in C:\xampp\htdocs\ASKIFY- NEW\system\Database\MySQLi\Connection.php:218
Stack trace:
#0 C:\xampp\htdocs\ASKIFY- NEW\system\Database\BaseConnection.php(391): CodeIgniter\Database\MySQLi\Connection->connect(false)
#1 C:\xampp\htdocs\ASKIFY- NEW\system\Database\BaseConnection.php(573): CodeIgniter\Database\BaseConnection->initialize()
#2 C:\xampp\htdocs\ASKIFY- NEW\system\Database\BaseBuilder.php(1601): CodeIgniter\Database\BaseConnection->query('SELECT `users`....', Array, false)
#3 C:\xampp\htdocs\ASKIFY- NEW\system\Model.php(240): CodeIgniter\Database\BaseBuilder->get()
#4 C:\xampp\htdocs\ASKIFY- NEW\system\BaseModel.php(618): CodeIgniter\Model->doFindAll(0, 0)
#5 C:\xampp\htdocs\ASKIFY- NEW\app\Controllers\HomepageController.php(28): CodeIgniter\BaseModel->findAll()
#6 C:\xampp\htdocs\ASKIFY- NEW\system\CodeIgniter.php(934): App\Controllers\HomepageController->getQuestions()
#7 C:\xampp\htdocs\ASKIFY- NEW\system\CodeIgniter.php(499): CodeIgniter\CodeIgniter->runController(Object(App\Controllers\HomepageController))
#8 C:\xampp\htdocs\ASKIFY- NEW\system\CodeIgniter.php(368): CodeIgniter\CodeIgniter->handleRequest(NULL, Object(Config\Cache), false)
#9 C:\xampp\htdocs\ASKIFY- NEW\public\index.php(67): CodeIgniter\CodeIgniter->run()
#10 C:\xampp\htdocs\ASKIFY- NEW\system\Commands\Server\rewrite.php(47): require_once('C:\\xampp\\htdocs...')
#11 {main}
CRITICAL - 2024-01-18 06:57:27 --> Unable to connect to the database.
Main connection [MySQLi]: No connection could be made because the target machine actively refused it
in SYSTEMPATH\Database\BaseConnection.php on line 427.
 1 SYSTEMPATH\Database\BaseConnection.php(573): CodeIgniter\Database\BaseConnection->initialize()
 2 SYSTEMPATH\Database\BaseBuilder.php(1601): CodeIgniter\Database\BaseConnection->query('SELECT `users`.`username`, `question`.`id`, `question`.`title`, `question`.`description`, `question`.`media`, `question`.`user_id`, `question`.`likes`, `question`.`views`, `question`.`followers`, `question`.`created_at`
FROM `question`
JOIN `users` ON `question`.`user_id` = `users`.`id`', [], false)
 3 SYSTEMPATH\Model.php(240): CodeIgniter\Database\BaseBuilder->get()
 4 SYSTEMPATH\BaseModel.php(618): CodeIgniter\Model->doFindAll(0, 0)
 5 APPPATH\Controllers\HomepageController.php(28): CodeIgniter\BaseModel->findAll()
 6 SYSTEMPATH\CodeIgniter.php(934): App\Controllers\HomepageController->getQuestions()
 7 SYSTEMPATH\CodeIgniter.php(499): CodeIgniter\CodeIgniter->runController(Object(App\Controllers\HomepageController))
 8 SYSTEMPATH\CodeIgniter.php(368): CodeIgniter\CodeIgniter->handleRequest(null, Object(Config\Cache), false)
 9 FCPATH\index.php(67): CodeIgniter\CodeIgniter->run()
10 SYSTEMPATH\Commands\Server\rewrite.php(47): require_once('FCPATH\\index.php')
ERROR - 2024-01-18 06:59:13 --> mysqli_sql_exception: Table 'project.messages' doesn't exist in C:\xampp\htdocs\ASKIFY- NEW\system\Database\MySQLi\Connection.php:295
Stack trace:
#0 C:\xampp\htdocs\ASKIFY- NEW\system\Database\MySQLi\Connection.php(295): mysqli->query('SELECT *\nFROM `...', 0)
#1 C:\xampp\htdocs\ASKIFY- NEW\system\Database\BaseConnection.php(691): CodeIgniter\Database\MySQLi\Connection->execute('SELECT *\nFROM `...')
#2 C:\xampp\htdocs\ASKIFY- NEW\system\Database\BaseConnection.php(605): CodeIgniter\Database\BaseConnection->simpleQuery('SELECT *\nFROM `...')
#3 C:\xampp\htdocs\ASKIFY- NEW\system\Database\BaseBuilder.php(1601): CodeIgniter\Database\BaseConnection->query('SELECT *\nFROM `...', Array, false)
#4 C:\xampp\htdocs\ASKIFY- NEW\system\Model.php(240): CodeIgniter\Database\BaseBuilder->get()
#5 C:\xampp\htdocs\ASKIFY- NEW\system\BaseModel.php(618): CodeIgniter\Model->doFindAll(0, 0)
#6 C:\xampp\htdocs\ASKIFY- NEW\app\Controllers\MessageController.php(13): CodeIgniter\BaseModel->findAll()
#7 C:\xampp\htdocs\ASKIFY- NEW\system\CodeIgniter.php(934): App\Controllers\MessageController->index()
#8 C:\xampp\htdocs\ASKIFY- NEW\system\CodeIgniter.php(499): CodeIgniter\CodeIgniter->runController(Object(App\Controllers\MessageController))
#9 C:\xampp\htdocs\ASKIFY- NEW\system\CodeIgniter.php(368): CodeIgniter\CodeIgniter->handleRequest(NULL, Object(Config\Cache), false)
#10 C:\xampp\htdocs\ASKIFY- NEW\public\index.php(67): CodeIgniter\CodeIgniter->run()
#11 C:\xampp\htdocs\ASKIFY- NEW\system\Commands\Server\rewrite.php(47): require_once('C:\\xampp\\htdocs...')
#12 {main}
CRITICAL - 2024-01-18 06:59:13 --> Table 'project.messages' doesn't exist
in SYSTEMPATH\Database\BaseConnection.php on line 645.
 1 SYSTEMPATH\Database\BaseBuilder.php(1601): CodeIgniter\Database\BaseConnection->query('SELECT *
FROM `messages`', [], false)
 2 SYSTEMPATH\Model.php(240): CodeIgniter\Database\BaseBuilder->get()
 3 SYSTEMPATH\BaseModel.php(618): CodeIgniter\Model->doFindAll(0, 0)
 4 APPPATH\Controllers\MessageController.php(13): CodeIgniter\BaseModel->findAll()
 5 SYSTEMPATH\CodeIgniter.php(934): App\Controllers\MessageController->index()
 6 SYSTEMPATH\CodeIgniter.php(499): CodeIgniter\CodeIgniter->runController(Object(App\Controllers\MessageController))
 7 SYSTEMPATH\CodeIgniter.php(368): CodeIgniter\CodeIgniter->handleRequest(null, Object(Config\Cache), false)
 8 FCPATH\index.php(67): CodeIgniter\CodeIgniter->run()
 9 SYSTEMPATH\Commands\Server\rewrite.php(47): require_once('FCPATH\\index.php')
CRITICAL - 2024-01-18 07:00:55 --> Invalid file: "messages/index.php"
in SYSTEMPATH\Exceptions\FrameworkException.php on line 33.
 1 SYSTEMPATH\View\View.php(201): CodeIgniter\Exceptions\FrameworkException::forInvalidFile('messages/index.php')
 2 SYSTEMPATH\Common.php(1177): CodeIgniter\View\View->render('messages/index', [], true)
 3 APPPATH\Controllers\MessageController.php(15): view('messages/index', [...])
 4 SYSTEMPATH\CodeIgniter.php(934): App\Controllers\MessageController->index()
 5 SYSTEMPATH\CodeIgniter.php(499): CodeIgniter\CodeIgniter->runController(Object(App\Controllers\MessageController))
 6 SYSTEMPATH\CodeIgniter.php(368): CodeIgniter\CodeIgniter->handleRequest(null, Object(Config\Cache), false)
 7 FCPATH\index.php(67): CodeIgniter\CodeIgniter->run()
 8 SYSTEMPATH\Commands\Server\rewrite.php(47): require_once('FCPATH\\index.php')
CRITICAL - 2024-01-18 07:00:56 --> Invalid file: "messages/index.php"
in SYSTEMPATH\Exceptions\FrameworkException.php on line 33.
 1 SYSTEMPATH\View\View.php(201): CodeIgniter\Exceptions\FrameworkException::forInvalidFile('messages/index.php')
 2 SYSTEMPATH\Common.php(1177): CodeIgniter\View\View->render('messages/index', [], true)
 3 APPPATH\Controllers\MessageController.php(15): view('messages/index', [...])
 4 SYSTEMPATH\CodeIgniter.php(934): App\Controllers\MessageController->index()
 5 SYSTEMPATH\CodeIgniter.php(499): CodeIgniter\CodeIgniter->runController(Object(App\Controllers\MessageController))
 6 SYSTEMPATH\CodeIgniter.php(368): CodeIgniter\CodeIgniter->handleRequest(null, Object(Config\Cache), false)
 7 FCPATH\index.php(67): CodeIgniter\CodeIgniter->run()
 8 SYSTEMPATH\Commands\Server\rewrite.php(47): require_once('FCPATH\\index.php')
CRITICAL - 2024-01-18 07:00:56 --> Invalid file: "messages/index.php"
in SYSTEMPATH\Exceptions\FrameworkException.php on line 33.
 1 SYSTEMPATH\View\View.php(201): CodeIgniter\Exceptions\FrameworkException::forInvalidFile('messages/index.php')
 2 SYSTEMPATH\Common.php(1177): CodeIgniter\View\View->render('messages/index', [], true)
 3 APPPATH\Controllers\MessageController.php(15): view('messages/index', [...])
 4 SYSTEMPATH\CodeIgniter.php(934): App\Controllers\MessageController->index()
 5 SYSTEMPATH\CodeIgniter.php(499): CodeIgniter\CodeIgniter->runController(Object(App\Controllers\MessageController))
 6 SYSTEMPATH\CodeIgniter.php(368): CodeIgniter\CodeIgniter->handleRequest(null, Object(Config\Cache), false)
 7 FCPATH\index.php(67): CodeIgniter\CodeIgniter->run()
 8 SYSTEMPATH\Commands\Server\rewrite.php(47): require_once('FCPATH\\index.php')
CRITICAL - 2024-01-18 07:00:56 --> Invalid file: "messages/index.php"
in SYSTEMPATH\Exceptions\FrameworkException.php on line 33.
 1 SYSTEMPATH\View\View.php(201): CodeIgniter\Exceptions\FrameworkException::forInvalidFile('messages/index.php')
 2 SYSTEMPATH\Common.php(1177): CodeIgniter\View\View->render('messages/index', [], true)
 3 APPPATH\Controllers\MessageController.php(15): view('messages/index', [...])
 4 SYSTEMPATH\CodeIgniter.php(934): App\Controllers\MessageController->index()
 5 SYSTEMPATH\CodeIgniter.php(499): CodeIgniter\CodeIgniter->runController(Object(App\Controllers\MessageController))
 6 SYSTEMPATH\CodeIgniter.php(368): CodeIgniter\CodeIgniter->handleRequest(null, Object(Config\Cache), false)
 7 FCPATH\index.php(67): CodeIgniter\CodeIgniter->run()
 8 SYSTEMPATH\Commands\Server\rewrite.php(47): require_once('FCPATH\\index.php')
CRITICAL - 2024-01-18 07:00:56 --> Invalid file: "messages/index.php"
in SYSTEMPATH\Exceptions\FrameworkException.php on line 33.
 1 SYSTEMPATH\View\View.php(201): CodeIgniter\Exceptions\FrameworkException::forInvalidFile('messages/index.php')
 2 SYSTEMPATH\Common.php(1177): CodeIgniter\View\View->render('messages/index', [], true)
 3 APPPATH\Controllers\MessageController.php(15): view('messages/index', [...])
 4 SYSTEMPATH\CodeIgniter.php(934): App\Controllers\MessageController->index()
 5 SYSTEMPATH\CodeIgniter.php(499): CodeIgniter\CodeIgniter->runController(Object(App\Controllers\MessageController))
 6 SYSTEMPATH\CodeIgniter.php(368): CodeIgniter\CodeIgniter->handleRequest(null, Object(Config\Cache), false)
 7 FCPATH\index.php(67): CodeIgniter\CodeIgniter->run()
 8 SYSTEMPATH\Commands\Server\rewrite.php(47): require_once('FCPATH\\index.php')
CRITICAL - 2024-01-18 07:00:56 --> Invalid file: "messages/index.php"
in SYSTEMPATH\Exceptions\FrameworkException.php on line 33.
 1 SYSTEMPATH\View\View.php(201): CodeIgniter\Exceptions\FrameworkException::forInvalidFile('messages/index.php')
 2 SYSTEMPATH\Common.php(1177): CodeIgniter\View\View->render('messages/index', [], true)
 3 APPPATH\Controllers\MessageController.php(15): view('messages/index', [...])
 4 SYSTEMPATH\CodeIgniter.php(934): App\Controllers\MessageController->index()
 5 SYSTEMPATH\CodeIgniter.php(499): CodeIgniter\CodeIgniter->runController(Object(App\Controllers\MessageController))
 6 SYSTEMPATH\CodeIgniter.php(368): CodeIgniter\CodeIgniter->handleRequest(null, Object(Config\Cache), false)
 7 FCPATH\index.php(67): CodeIgniter\CodeIgniter->run()
 8 SYSTEMPATH\Commands\Server\rewrite.php(47): require_once('FCPATH\\index.php')
CRITICAL - 2024-01-18 07:00:57 --> Invalid file: "messages/index.php"
in SYSTEMPATH\Exceptions\FrameworkException.php on line 33.
 1 SYSTEMPATH\View\View.php(201): CodeIgniter\Exceptions\FrameworkException::forInvalidFile('messages/index.php')
 2 SYSTEMPATH\Common.php(1177): CodeIgniter\View\View->render('messages/index', [], true)
 3 APPPATH\Controllers\MessageController.php(15): view('messages/index', [...])
 4 SYSTEMPATH\CodeIgniter.php(934): App\Controllers\MessageController->index()
 5 SYSTEMPATH\CodeIgniter.php(499): CodeIgniter\CodeIgniter->runController(Object(App\Controllers\MessageController))
 6 SYSTEMPATH\CodeIgniter.php(368): CodeIgniter\CodeIgniter->handleRequest(null, Object(Config\Cache), false)
 7 FCPATH\index.php(67): CodeIgniter\CodeIgniter->run()
 8 SYSTEMPATH\Commands\Server\rewrite.php(47): require_once('FCPATH\\index.php')
CRITICAL - 2024-01-18 07:02:07 --> Undefined array key "media"
in APPPATH\Views\user\messages\index.php on line 43.
 1 APPPATH\Views\user\messages\index.php(43): CodeIgniter\Debug\Exceptions->errorHandler(2, 'Undefined array key "media"', 'APPPATH\\Views\\user\\messages\\index.php', 43)
 2 SYSTEMPATH\View\View.php(213): include('APPPATH\\Views\\user\\messages\\index.php')
 3 SYSTEMPATH\View\View.php(216): CodeIgniter\View\View->CodeIgniter\View\{closure}()
 4 SYSTEMPATH\Common.php(1177): CodeIgniter\View\View->render('user/messages/index', [], true)
 5 APPPATH\Controllers\MessageController.php(15): view('user/messages/index', [...])
 6 SYSTEMPATH\CodeIgniter.php(934): App\Controllers\MessageController->index()
 7 SYSTEMPATH\CodeIgniter.php(499): CodeIgniter\CodeIgniter->runController(Object(App\Controllers\MessageController))
 8 SYSTEMPATH\CodeIgniter.php(368): CodeIgniter\CodeIgniter->handleRequest(null, Object(Config\Cache), false)
 9 FCPATH\index.php(67): CodeIgniter\CodeIgniter->run()
10 SYSTEMPATH\Commands\Server\rewrite.php(47): require_once('FCPATH\\index.php')
CRITICAL - 2024-01-18 07:02:08 --> Undefined array key "media"
in APPPATH\Views\user\messages\index.php on line 43.
 1 APPPATH\Views\user\messages\index.php(43): CodeIgniter\Debug\Exceptions->errorHandler(2, 'Undefined array key "media"', 'APPPATH\\Views\\user\\messages\\index.php', 43)
 2 SYSTEMPATH\View\View.php(213): include('APPPATH\\Views\\user\\messages\\index.php')
 3 SYSTEMPATH\View\View.php(216): CodeIgniter\View\View->CodeIgniter\View\{closure}()
 4 SYSTEMPATH\Common.php(1177): CodeIgniter\View\View->render('user/messages/index', [], true)
 5 APPPATH\Controllers\MessageController.php(15): view('user/messages/index', [...])
 6 SYSTEMPATH\CodeIgniter.php(934): App\Controllers\MessageController->index()
 7 SYSTEMPATH\CodeIgniter.php(499): CodeIgniter\CodeIgniter->runController(Object(App\Controllers\MessageController))
 8 SYSTEMPATH\CodeIgniter.php(368): CodeIgniter\CodeIgniter->handleRequest(null, Object(Config\Cache), false)
 9 FCPATH\index.php(67): CodeIgniter\CodeIgniter->run()
10 SYSTEMPATH\Commands\Server\rewrite.php(47): require_once('FCPATH\\index.php')
CRITICAL - 2024-01-18 07:02:08 --> Undefined array key "media"
in APPPATH\Views\user\messages\index.php on line 43.
 1 APPPATH\Views\user\messages\index.php(43): CodeIgniter\Debug\Exceptions->errorHandler(2, 'Undefined array key "media"', 'APPPATH\\Views\\user\\messages\\index.php', 43)
 2 SYSTEMPATH\View\View.php(213): include('APPPATH\\Views\\user\\messages\\index.php')
 3 SYSTEMPATH\View\View.php(216): CodeIgniter\View\View->CodeIgniter\View\{closure}()
 4 SYSTEMPATH\Common.php(1177): CodeIgniter\View\View->render('user/messages/index', [], true)
 5 APPPATH\Controllers\MessageController.php(15): view('user/messages/index', [...])
 6 SYSTEMPATH\CodeIgniter.php(934): App\Controllers\MessageController->index()
 7 SYSTEMPATH\CodeIgniter.php(499): CodeIgniter\CodeIgniter->runController(Object(App\Controllers\MessageController))
 8 SYSTEMPATH\CodeIgniter.php(368): CodeIgniter\CodeIgniter->handleRequest(null, Object(Config\Cache), false)
 9 FCPATH\index.php(67): CodeIgniter\CodeIgniter->run()
10 SYSTEMPATH\Commands\Server\rewrite.php(47): require_once('FCPATH\\index.php')
CRITICAL - 2024-01-18 07:02:08 --> Undefined array key "media"
in APPPATH\Views\user\messages\index.php on line 43.
 1 APPPATH\Views\user\messages\index.php(43): CodeIgniter\Debug\Exceptions->errorHandler(2, 'Undefined array key "media"', 'APPPATH\\Views\\user\\messages\\index.php', 43)
 2 SYSTEMPATH\View\View.php(213): include('APPPATH\\Views\\user\\messages\\index.php')
 3 SYSTEMPATH\View\View.php(216): CodeIgniter\View\View->CodeIgniter\View\{closure}()
 4 SYSTEMPATH\Common.php(1177): CodeIgniter\View\View->render('user/messages/index', [], true)
 5 APPPATH\Controllers\MessageController.php(15): view('user/messages/index', [...])
 6 SYSTEMPATH\CodeIgniter.php(934): App\Controllers\MessageController->index()
 7 SYSTEMPATH\CodeIgniter.php(499): CodeIgniter\CodeIgniter->runController(Object(App\Controllers\MessageController))
 8 SYSTEMPATH\CodeIgniter.php(368): CodeIgniter\CodeIgniter->handleRequest(null, Object(Config\Cache), false)
 9 FCPATH\index.php(67): CodeIgniter\CodeIgniter->run()
10 SYSTEMPATH\Commands\Server\rewrite.php(47): require_once('FCPATH\\index.php')
CRITICAL - 2024-01-18 07:02:33 --> Undefined array key "media"
in APPPATH\Views\user\messages\index.php on line 43.
 1 APPPATH\Views\user\messages\index.php(43): CodeIgniter\Debug\Exceptions->errorHandler(2, 'Undefined array key "media"', 'APPPATH\\Views\\user\\messages\\index.php', 43)
 2 SYSTEMPATH\View\View.php(213): include('APPPATH\\Views\\user\\messages\\index.php')
 3 SYSTEMPATH\View\View.php(216): CodeIgniter\View\View->CodeIgniter\View\{closure}()
 4 SYSTEMPATH\Common.php(1177): CodeIgniter\View\View->render('user/messages/index', [], true)
 5 APPPATH\Controllers\MessageController.php(15): view('user/messages/index', [...])
 6 SYSTEMPATH\CodeIgniter.php(934): App\Controllers\MessageController->index()
 7 SYSTEMPATH\CodeIgniter.php(499): CodeIgniter\CodeIgniter->runController(Object(App\Controllers\MessageController))
 8 SYSTEMPATH\CodeIgniter.php(368): CodeIgniter\CodeIgniter->handleRequest(null, Object(Config\Cache), false)
 9 FCPATH\index.php(67): CodeIgniter\CodeIgniter->run()
10 SYSTEMPATH\Commands\Server\rewrite.php(47): require_once('FCPATH\\index.php')
CRITICAL - 2024-01-18 07:12:00 --> Call to undefined function form_open()
in APPPATH\Views\user\messages\create.php on line 11.
 1 SYSTEMPATH\View\View.php(213): include()
 2 SYSTEMPATH\View\View.php(216): CodeIgniter\View\View->CodeIgniter\View\{closure}()
 3 SYSTEMPATH\Common.php(1177): CodeIgniter\View\View->render('user/messages/create', [], true)
 4 APPPATH\Controllers\MessageController.php(20): view('user/messages/create')
 5 SYSTEMPATH\CodeIgniter.php(934): App\Controllers\MessageController->create()
 6 SYSTEMPATH\CodeIgniter.php(499): CodeIgniter\CodeIgniter->runController(Object(App\Controllers\MessageController))
 7 SYSTEMPATH\CodeIgniter.php(368): CodeIgniter\CodeIgniter->handleRequest(null, Object(Config\Cache), false)
 8 FCPATH\index.php(67): CodeIgniter\CodeIgniter->run()
 9 SYSTEMPATH\Commands\Server\rewrite.php(47): require_once('FCPATH\\index.php')
CRITICAL - 2024-01-18 07:13:46 --> Call to undefined function form_open()
in APPPATH\Views\user\messages\create.php on line 13.
 1 SYSTEMPATH\View\View.php(213): include()
 2 SYSTEMPATH\View\View.php(216): CodeIgniter\View\View->CodeIgniter\View\{closure}()
 3 SYSTEMPATH\Common.php(1177): CodeIgniter\View\View->render('user/messages/create', [], true)
 4 APPPATH\Controllers\MessageController.php(20): view('user/messages/create')
 5 SYSTEMPATH\CodeIgniter.php(934): App\Controllers\MessageController->create()
 6 SYSTEMPATH\CodeIgniter.php(499): CodeIgniter\CodeIgniter->runController(Object(App\Controllers\MessageController))
 7 SYSTEMPATH\CodeIgniter.php(368): CodeIgniter\CodeIgniter->handleRequest(null, Object(Config\Cache), false)
 8 FCPATH\index.php(67): CodeIgniter\CodeIgniter->run()
 9 SYSTEMPATH\Commands\Server\rewrite.php(47): require_once('FCPATH\\index.php')
