ERROR - 2024-01-09 17:59:04 --> Error connecting to the database: mysqli_sql_exception: No connection could be made because the target machine actively refused it in C:\xampp\htdocs\ASKIFY- NEW\system\Database\MySQLi\Connection.php:173
Stack trace:
#0 C:\xampp\htdocs\ASKIFY- NEW\system\Database\MySQLi\Connection.php(173): mysqli->real_connect('localhost', 'root', Object(SensitiveParameterValue), 'project', 3306, '', 0)
#1 C:\xampp\htdocs\ASKIFY- NEW\system\Database\BaseConnection.php(391): CodeIgniter\Database\MySQLi\Connection->connect(false)
#2 C:\xampp\htdocs\ASKIFY- NEW\system\Database\BaseConnection.php(573): CodeIgniter\Database\BaseConnection->initialize()
#3 C:\xampp\htdocs\ASKIFY- NEW\system\Database\BaseBuilder.php(1601): CodeIgniter\Database\BaseConnection->query('SELECT *\nFROM `...', Array, false)
#4 C:\xampp\htdocs\ASKIFY- NEW\system\Model.php(240): CodeIgniter\Database\BaseBuilder->get()
#5 C:\xampp\htdocs\ASKIFY- NEW\system\BaseModel.php(618): CodeIgniter\Model->doFindAll(0, 0)
#6 C:\xampp\htdocs\ASKIFY- NEW\app\Controllers\HomepageController.php(24): CodeIgniter\BaseModel->findAll()
#7 C:\xampp\htdocs\ASKIFY- NEW\system\CodeIgniter.php(934): App\Controllers\HomepageController->getQuestions()
#8 C:\xampp\htdocs\ASKIFY- NEW\system\CodeIgniter.php(499): CodeIgniter\CodeIgniter->runController(Object(App\Controllers\HomepageController))
#9 C:\xampp\htdocs\ASKIFY- NEW\system\CodeIgniter.php(368): CodeIgniter\CodeIgniter->handleRequest(NULL, Object(Config\Cache), false)
#10 C:\xampp\htdocs\ASKIFY- NEW\public\index.php(67): CodeIgniter\CodeIgniter->run()
#11 C:\xampp\htdocs\ASKIFY- NEW\system\Commands\Server\rewrite.php(47): require_once('C:\\xampp\\htdocs...')
#12 {main}

Next CodeIgniter\Database\Exceptions\DatabaseException: No connection could be made because the target machine actively refused it in C:\xampp\htdocs\ASKIFY- NEW\system\Database\MySQLi\Connection.php:218
Stack trace:
#0 C:\xampp\htdocs\ASKIFY- NEW\system\Database\BaseConnection.php(391): CodeIgniter\Database\MySQLi\Connection->connect(false)
#1 C:\xampp\htdocs\ASKIFY- NEW\system\Database\BaseConnection.php(573): CodeIgniter\Database\BaseConnection->initialize()
#2 C:\xampp\htdocs\ASKIFY- NEW\system\Database\BaseBuilder.php(1601): CodeIgniter\Database\BaseConnection->query('SELECT *\nFROM `...', Array, false)
#3 C:\xampp\htdocs\ASKIFY- NEW\system\Model.php(240): CodeIgniter\Database\BaseBuilder->get()
#4 C:\xampp\htdocs\ASKIFY- NEW\system\BaseModel.php(618): CodeIgniter\Model->doFindAll(0, 0)
#5 C:\xampp\htdocs\ASKIFY- NEW\app\Controllers\HomepageController.php(24): CodeIgniter\BaseModel->findAll()
#6 C:\xampp\htdocs\ASKIFY- NEW\system\CodeIgniter.php(934): App\Controllers\HomepageController->getQuestions()
#7 C:\xampp\htdocs\ASKIFY- NEW\system\CodeIgniter.php(499): CodeIgniter\CodeIgniter->runController(Object(App\Controllers\HomepageController))
#8 C:\xampp\htdocs\ASKIFY- NEW\system\CodeIgniter.php(368): CodeIgniter\CodeIgniter->handleRequest(NULL, Object(Config\Cache), false)
#9 C:\xampp\htdocs\ASKIFY- NEW\public\index.php(67): CodeIgniter\CodeIgniter->run()
#10 C:\xampp\htdocs\ASKIFY- NEW\system\Commands\Server\rewrite.php(47): require_once('C:\\xampp\\htdocs...')
#11 {main}
CRITICAL - 2024-01-09 17:59:04 --> Unable to connect to the database.
Main connection [MySQLi]: No connection could be made because the target machine actively refused it
in SYSTEMPATH\Database\BaseConnection.php on line 427.
 1 SYSTEMPATH\Database\BaseConnection.php(573): CodeIgniter\Database\BaseConnection->initialize()
 2 SYSTEMPATH\Database\BaseBuilder.php(1601): CodeIgniter\Database\BaseConnection->query('SELECT *
FROM `question`', [], false)
 3 SYSTEMPATH\Model.php(240): CodeIgniter\Database\BaseBuilder->get()
 4 SYSTEMPATH\BaseModel.php(618): CodeIgniter\Model->doFindAll(0, 0)
 5 APPPATH\Controllers\HomepageController.php(24): CodeIgniter\BaseModel->findAll()
 6 SYSTEMPATH\CodeIgniter.php(934): App\Controllers\HomepageController->getQuestions()
 7 SYSTEMPATH\CodeIgniter.php(499): CodeIgniter\CodeIgniter->runController(Object(App\Controllers\HomepageController))
 8 SYSTEMPATH\CodeIgniter.php(368): CodeIgniter\CodeIgniter->handleRequest(null, Object(Config\Cache), false)
 9 FCPATH\index.php(67): CodeIgniter\CodeIgniter->run()
10 SYSTEMPATH\Commands\Server\rewrite.php(47): require_once('FCPATH\\index.php')
CRITICAL - 2024-01-09 18:30:21 --> Undefined variable $categories
in APPPATH\Views\user\choosecategory.php on line 19.
 1 APPPATH\Views\user\choosecategory.php(19): CodeIgniter\Debug\Exceptions->errorHandler(2, 'Undefined variable $categories', 'APPPATH\\Views\\user\\choosecategory.php', 19)
 2 SYSTEMPATH\View\View.php(213): include('APPPATH\\Views\\user\\choosecategory.php')
 3 SYSTEMPATH\View\View.php(216): CodeIgniter\View\View->CodeIgniter\View\{closure}()
 4 SYSTEMPATH\Common.php(1177): CodeIgniter\View\View->render('user/choosecategory', [], true)
 5 APPPATH\Controllers\ProfileController.php(19): view('user/choosecategory')
 6 SYSTEMPATH\CodeIgniter.php(934): App\Controllers\ProfileController->choosecategory()
 7 SYSTEMPATH\CodeIgniter.php(499): CodeIgniter\CodeIgniter->runController(Object(App\Controllers\ProfileController))
 8 SYSTEMPATH\CodeIgniter.php(368): CodeIgniter\CodeIgniter->handleRequest(null, Object(Config\Cache), false)
 9 FCPATH\index.php(67): CodeIgniter\CodeIgniter->run()
10 SYSTEMPATH\Commands\Server\rewrite.php(47): require_once('FCPATH\\index.php')
CRITICAL - 2024-01-09 18:30:21 --> Undefined variable $categories
in APPPATH\Views\user\choosecategory.php on line 19.
 1 APPPATH\Views\user\choosecategory.php(19): CodeIgniter\Debug\Exceptions->errorHandler(2, 'Undefined variable $categories', 'APPPATH\\Views\\user\\choosecategory.php', 19)
 2 SYSTEMPATH\View\View.php(213): include('APPPATH\\Views\\user\\choosecategory.php')
 3 SYSTEMPATH\View\View.php(216): CodeIgniter\View\View->CodeIgniter\View\{closure}()
 4 SYSTEMPATH\Common.php(1177): CodeIgniter\View\View->render('user/choosecategory', [], true)
 5 APPPATH\Controllers\ProfileController.php(19): view('user/choosecategory')
 6 SYSTEMPATH\CodeIgniter.php(934): App\Controllers\ProfileController->choosecategory()
 7 SYSTEMPATH\CodeIgniter.php(499): CodeIgniter\CodeIgniter->runController(Object(App\Controllers\ProfileController))
 8 SYSTEMPATH\CodeIgniter.php(368): CodeIgniter\CodeIgniter->handleRequest(null, Object(Config\Cache), false)
 9 FCPATH\index.php(67): CodeIgniter\CodeIgniter->run()
10 SYSTEMPATH\Commands\Server\rewrite.php(47): require_once('FCPATH\\index.php')
CRITICAL - 2024-01-09 18:30:21 --> Undefined variable $categories
in APPPATH\Views\user\choosecategory.php on line 19.
 1 APPPATH\Views\user\choosecategory.php(19): CodeIgniter\Debug\Exceptions->errorHandler(2, 'Undefined variable $categories', 'APPPATH\\Views\\user\\choosecategory.php', 19)
 2 SYSTEMPATH\View\View.php(213): include('APPPATH\\Views\\user\\choosecategory.php')
 3 SYSTEMPATH\View\View.php(216): CodeIgniter\View\View->CodeIgniter\View\{closure}()
 4 SYSTEMPATH\Common.php(1177): CodeIgniter\View\View->render('user/choosecategory', [], true)
 5 APPPATH\Controllers\ProfileController.php(19): view('user/choosecategory')
 6 SYSTEMPATH\CodeIgniter.php(934): App\Controllers\ProfileController->choosecategory()
 7 SYSTEMPATH\CodeIgniter.php(499): CodeIgniter\CodeIgniter->runController(Object(App\Controllers\ProfileController))
 8 SYSTEMPATH\CodeIgniter.php(368): CodeIgniter\CodeIgniter->handleRequest(null, Object(Config\Cache), false)
 9 FCPATH\index.php(67): CodeIgniter\CodeIgniter->run()
10 SYSTEMPATH\Commands\Server\rewrite.php(47): require_once('FCPATH\\index.php')
