ERROR - 2024-01-27 06:53:50 --> Error connecting to the database: mysqli_sql_exception: No connection could be made because the target machine actively refused it in C:\xampp\htdocs\ASKIFY BLOB\system\Database\MySQLi\Connection.php:173
Stack trace:
#0 C:\xampp\htdocs\ASKIFY BLOB\system\Database\MySQLi\Connection.php(173): mysqli->real_connect('localhost', 'root', Object(SensitiveParameterValue), 'project', 3306, '', 0)
#1 C:\xampp\htdocs\ASKIFY BLOB\system\Database\BaseConnection.php(391): CodeIgniter\Database\MySQLi\Connection->connect(false)
#2 C:\xampp\htdocs\ASKIFY BLOB\system\Database\BaseConnection.php(573): CodeIgniter\Database\BaseConnection->initialize()
#3 C:\xampp\htdocs\ASKIFY BLOB\system\Database\BaseBuilder.php(1601): CodeIgniter\Database\BaseConnection->query('SELECT *\nFROM `...', Array, false)
#4 C:\xampp\htdocs\ASKIFY BLOB\system\Model.php(240): CodeIgniter\Database\BaseBuilder->get()
#5 C:\xampp\htdocs\ASKIFY BLOB\system\BaseModel.php(618): CodeIgniter\Model->doFindAll(0, 0)
#6 C:\xampp\htdocs\ASKIFY BLOB\app\Controllers\Home.php(11): CodeIgniter\BaseModel->findAll()
#7 C:\xampp\htdocs\ASKIFY BLOB\system\CodeIgniter.php(934): App\Controllers\Home->index()
#8 C:\xampp\htdocs\ASKIFY BLOB\system\CodeIgniter.php(499): CodeIgniter\CodeIgniter->runController(Object(App\Controllers\Home))
#9 C:\xampp\htdocs\ASKIFY BLOB\system\CodeIgniter.php(368): CodeIgniter\CodeIgniter->handleRequest(NULL, Object(Config\Cache), false)
#10 C:\xampp\htdocs\ASKIFY BLOB\public\index.php(67): CodeIgniter\CodeIgniter->run()
#11 C:\xampp\htdocs\ASKIFY BLOB\system\Commands\Server\rewrite.php(47): require_once('C:\\xampp\\htdocs...')
#12 {main}

Next CodeIgniter\Database\Exceptions\DatabaseException: No connection could be made because the target machine actively refused it in C:\xampp\htdocs\ASKIFY BLOB\system\Database\MySQLi\Connection.php:218
Stack trace:
#0 C:\xampp\htdocs\ASKIFY BLOB\system\Database\BaseConnection.php(391): CodeIgniter\Database\MySQLi\Connection->connect(false)
#1 C:\xampp\htdocs\ASKIFY BLOB\system\Database\BaseConnection.php(573): CodeIgniter\Database\BaseConnection->initialize()
#2 C:\xampp\htdocs\ASKIFY BLOB\system\Database\BaseBuilder.php(1601): CodeIgniter\Database\BaseConnection->query('SELECT *\nFROM `...', Array, false)
#3 C:\xampp\htdocs\ASKIFY BLOB\system\Model.php(240): CodeIgniter\Database\BaseBuilder->get()
#4 C:\xampp\htdocs\ASKIFY BLOB\system\BaseModel.php(618): CodeIgniter\Model->doFindAll(0, 0)
#5 C:\xampp\htdocs\ASKIFY BLOB\app\Controllers\Home.php(11): CodeIgniter\BaseModel->findAll()
#6 C:\xampp\htdocs\ASKIFY BLOB\system\CodeIgniter.php(934): App\Controllers\Home->index()
#7 C:\xampp\htdocs\ASKIFY BLOB\system\CodeIgniter.php(499): CodeIgniter\CodeIgniter->runController(Object(App\Controllers\Home))
#8 C:\xampp\htdocs\ASKIFY BLOB\system\CodeIgniter.php(368): CodeIgniter\CodeIgniter->handleRequest(NULL, Object(Config\Cache), false)
#9 C:\xampp\htdocs\ASKIFY BLOB\public\index.php(67): CodeIgniter\CodeIgniter->run()
#10 C:\xampp\htdocs\ASKIFY BLOB\system\Commands\Server\rewrite.php(47): require_once('C:\\xampp\\htdocs...')
#11 {main}
CRITICAL - 2024-01-27 06:53:50 --> Unable to connect to the database.
Main connection [MySQLi]: No connection could be made because the target machine actively refused it
in SYSTEMPATH\Database\BaseConnection.php on line 427.
 1 SYSTEMPATH\Database\BaseConnection.php(573): CodeIgniter\Database\BaseConnection->initialize()
 2 SYSTEMPATH\Database\BaseBuilder.php(1601): CodeIgniter\Database\BaseConnection->query('SELECT *
FROM `categories`', [], false)
 3 SYSTEMPATH\Model.php(240): CodeIgniter\Database\BaseBuilder->get()
 4 SYSTEMPATH\BaseModel.php(618): CodeIgniter\Model->doFindAll(0, 0)
 5 APPPATH\Controllers\Home.php(11): CodeIgniter\BaseModel->findAll()
 6 SYSTEMPATH\CodeIgniter.php(934): App\Controllers\Home->index()
 7 SYSTEMPATH\CodeIgniter.php(499): CodeIgniter\CodeIgniter->runController(Object(App\Controllers\Home))
 8 SYSTEMPATH\CodeIgniter.php(368): CodeIgniter\CodeIgniter->handleRequest(null, Object(Config\Cache), false)
 9 FCPATH\index.php(67): CodeIgniter\CodeIgniter->run()
10 SYSTEMPATH\Commands\Server\rewrite.php(47): require_once('FCPATH\\index.php')
ERROR - 2024-01-27 08:25:04 --> Error connecting to the database: mysqli_sql_exception: No connection could be made because the target machine actively refused it in C:\xampp\htdocs\ASKIFY BLOB\system\Database\MySQLi\Connection.php:173
Stack trace:
#0 C:\xampp\htdocs\ASKIFY BLOB\system\Database\MySQLi\Connection.php(173): mysqli->real_connect('localhost', 'root', Object(SensitiveParameterValue), 'project', 3306, '', 0)
#1 C:\xampp\htdocs\ASKIFY BLOB\system\Database\BaseConnection.php(391): CodeIgniter\Database\MySQLi\Connection->connect(false)
#2 C:\xampp\htdocs\ASKIFY BLOB\system\Database\BaseConnection.php(573): CodeIgniter\Database\BaseConnection->initialize()
#3 C:\xampp\htdocs\ASKIFY BLOB\system\Database\BaseBuilder.php(1601): CodeIgniter\Database\BaseConnection->query('SELECT *\nFROM `...', Array, false)
#4 C:\xampp\htdocs\ASKIFY BLOB\system\Model.php(240): CodeIgniter\Database\BaseBuilder->get()
#5 C:\xampp\htdocs\ASKIFY BLOB\system\BaseModel.php(618): CodeIgniter\Model->doFindAll(0, 0)
#6 C:\xampp\htdocs\ASKIFY BLOB\app\Controllers\HomepageController.php(16): CodeIgniter\BaseModel->findAll()
#7 C:\xampp\htdocs\ASKIFY BLOB\system\CodeIgniter.php(934): App\Controllers\HomepageController->index()
#8 C:\xampp\htdocs\ASKIFY BLOB\system\CodeIgniter.php(499): CodeIgniter\CodeIgniter->runController(Object(App\Controllers\HomepageController))
#9 C:\xampp\htdocs\ASKIFY BLOB\system\CodeIgniter.php(368): CodeIgniter\CodeIgniter->handleRequest(NULL, Object(Config\Cache), false)
#10 C:\xampp\htdocs\ASKIFY BLOB\public\index.php(67): CodeIgniter\CodeIgniter->run()
#11 C:\xampp\htdocs\ASKIFY BLOB\system\Commands\Server\rewrite.php(47): require_once('C:\\xampp\\htdocs...')
#12 {main}

Next CodeIgniter\Database\Exceptions\DatabaseException: No connection could be made because the target machine actively refused it in C:\xampp\htdocs\ASKIFY BLOB\system\Database\MySQLi\Connection.php:218
Stack trace:
#0 C:\xampp\htdocs\ASKIFY BLOB\system\Database\BaseConnection.php(391): CodeIgniter\Database\MySQLi\Connection->connect(false)
#1 C:\xampp\htdocs\ASKIFY BLOB\system\Database\BaseConnection.php(573): CodeIgniter\Database\BaseConnection->initialize()
#2 C:\xampp\htdocs\ASKIFY BLOB\system\Database\BaseBuilder.php(1601): CodeIgniter\Database\BaseConnection->query('SELECT *\nFROM `...', Array, false)
#3 C:\xampp\htdocs\ASKIFY BLOB\system\Model.php(240): CodeIgniter\Database\BaseBuilder->get()
#4 C:\xampp\htdocs\ASKIFY BLOB\system\BaseModel.php(618): CodeIgniter\Model->doFindAll(0, 0)
#5 C:\xampp\htdocs\ASKIFY BLOB\app\Controllers\HomepageController.php(16): CodeIgniter\BaseModel->findAll()
#6 C:\xampp\htdocs\ASKIFY BLOB\system\CodeIgniter.php(934): App\Controllers\HomepageController->index()
#7 C:\xampp\htdocs\ASKIFY BLOB\system\CodeIgniter.php(499): CodeIgniter\CodeIgniter->runController(Object(App\Controllers\HomepageController))
#8 C:\xampp\htdocs\ASKIFY BLOB\system\CodeIgniter.php(368): CodeIgniter\CodeIgniter->handleRequest(NULL, Object(Config\Cache), false)
#9 C:\xampp\htdocs\ASKIFY BLOB\public\index.php(67): CodeIgniter\CodeIgniter->run()
#10 C:\xampp\htdocs\ASKIFY BLOB\system\Commands\Server\rewrite.php(47): require_once('C:\\xampp\\htdocs...')
#11 {main}
CRITICAL - 2024-01-27 08:25:04 --> Unable to connect to the database.
Main connection [MySQLi]: No connection could be made because the target machine actively refused it
in SYSTEMPATH\Database\BaseConnection.php on line 427.
 1 SYSTEMPATH\Database\BaseConnection.php(573): CodeIgniter\Database\BaseConnection->initialize()
 2 SYSTEMPATH\Database\BaseBuilder.php(1601): CodeIgniter\Database\BaseConnection->query('SELECT *
FROM `categories`', [], false)
 3 SYSTEMPATH\Model.php(240): CodeIgniter\Database\BaseBuilder->get()
 4 SYSTEMPATH\BaseModel.php(618): CodeIgniter\Model->doFindAll(0, 0)
 5 APPPATH\Controllers\HomepageController.php(16): CodeIgniter\BaseModel->findAll()
 6 SYSTEMPATH\CodeIgniter.php(934): App\Controllers\HomepageController->index()
 7 SYSTEMPATH\CodeIgniter.php(499): CodeIgniter\CodeIgniter->runController(Object(App\Controllers\HomepageController))
 8 SYSTEMPATH\CodeIgniter.php(368): CodeIgniter\CodeIgniter->handleRequest(null, Object(Config\Cache), false)
 9 FCPATH\index.php(67): CodeIgniter\CodeIgniter->run()
10 SYSTEMPATH\Commands\Server\rewrite.php(47): require_once('FCPATH\\index.php')
ERROR - 2024-01-27 08:25:17 --> Error connecting to the database: mysqli_sql_exception: No connection could be made because the target machine actively refused it in C:\xampp\htdocs\ASKIFY BLOB\system\Database\MySQLi\Connection.php:173
Stack trace:
#0 C:\xampp\htdocs\ASKIFY BLOB\system\Database\MySQLi\Connection.php(173): mysqli->real_connect('localhost', 'root', Object(SensitiveParameterValue), 'project', 3306, '', 0)
#1 C:\xampp\htdocs\ASKIFY BLOB\system\Database\BaseConnection.php(391): CodeIgniter\Database\MySQLi\Connection->connect(false)
#2 C:\xampp\htdocs\ASKIFY BLOB\system\Database\BaseConnection.php(573): CodeIgniter\Database\BaseConnection->initialize()
#3 C:\xampp\htdocs\ASKIFY BLOB\system\Database\BaseBuilder.php(1601): CodeIgniter\Database\BaseConnection->query('SELECT *\nFROM `...', Array, false)
#4 C:\xampp\htdocs\ASKIFY BLOB\system\Model.php(240): CodeIgniter\Database\BaseBuilder->get()
#5 C:\xampp\htdocs\ASKIFY BLOB\system\BaseModel.php(618): CodeIgniter\Model->doFindAll(0, 0)
#6 C:\xampp\htdocs\ASKIFY BLOB\app\Controllers\HomepageController.php(16): CodeIgniter\BaseModel->findAll()
#7 C:\xampp\htdocs\ASKIFY BLOB\system\CodeIgniter.php(934): App\Controllers\HomepageController->index()
#8 C:\xampp\htdocs\ASKIFY BLOB\system\CodeIgniter.php(499): CodeIgniter\CodeIgniter->runController(Object(App\Controllers\HomepageController))
#9 C:\xampp\htdocs\ASKIFY BLOB\system\CodeIgniter.php(368): CodeIgniter\CodeIgniter->handleRequest(NULL, Object(Config\Cache), false)
#10 C:\xampp\htdocs\ASKIFY BLOB\public\index.php(67): CodeIgniter\CodeIgniter->run()
#11 C:\xampp\htdocs\ASKIFY BLOB\system\Commands\Server\rewrite.php(47): require_once('C:\\xampp\\htdocs...')
#12 {main}

Next CodeIgniter\Database\Exceptions\DatabaseException: No connection could be made because the target machine actively refused it in C:\xampp\htdocs\ASKIFY BLOB\system\Database\MySQLi\Connection.php:218
Stack trace:
#0 C:\xampp\htdocs\ASKIFY BLOB\system\Database\BaseConnection.php(391): CodeIgniter\Database\MySQLi\Connection->connect(false)
#1 C:\xampp\htdocs\ASKIFY BLOB\system\Database\BaseConnection.php(573): CodeIgniter\Database\BaseConnection->initialize()
#2 C:\xampp\htdocs\ASKIFY BLOB\system\Database\BaseBuilder.php(1601): CodeIgniter\Database\BaseConnection->query('SELECT *\nFROM `...', Array, false)
#3 C:\xampp\htdocs\ASKIFY BLOB\system\Model.php(240): CodeIgniter\Database\BaseBuilder->get()
#4 C:\xampp\htdocs\ASKIFY BLOB\system\BaseModel.php(618): CodeIgniter\Model->doFindAll(0, 0)
#5 C:\xampp\htdocs\ASKIFY BLOB\app\Controllers\HomepageController.php(16): CodeIgniter\BaseModel->findAll()
#6 C:\xampp\htdocs\ASKIFY BLOB\system\CodeIgniter.php(934): App\Controllers\HomepageController->index()
#7 C:\xampp\htdocs\ASKIFY BLOB\system\CodeIgniter.php(499): CodeIgniter\CodeIgniter->runController(Object(App\Controllers\HomepageController))
#8 C:\xampp\htdocs\ASKIFY BLOB\system\CodeIgniter.php(368): CodeIgniter\CodeIgniter->handleRequest(NULL, Object(Config\Cache), false)
#9 C:\xampp\htdocs\ASKIFY BLOB\public\index.php(67): CodeIgniter\CodeIgniter->run()
#10 C:\xampp\htdocs\ASKIFY BLOB\system\Commands\Server\rewrite.php(47): require_once('C:\\xampp\\htdocs...')
#11 {main}
CRITICAL - 2024-01-27 08:25:17 --> Unable to connect to the database.
Main connection [MySQLi]: No connection could be made because the target machine actively refused it
in SYSTEMPATH\Database\BaseConnection.php on line 427.
 1 SYSTEMPATH\Database\BaseConnection.php(573): CodeIgniter\Database\BaseConnection->initialize()
 2 SYSTEMPATH\Database\BaseBuilder.php(1601): CodeIgniter\Database\BaseConnection->query('SELECT *
FROM `categories`', [], false)
 3 SYSTEMPATH\Model.php(240): CodeIgniter\Database\BaseBuilder->get()
 4 SYSTEMPATH\BaseModel.php(618): CodeIgniter\Model->doFindAll(0, 0)
 5 APPPATH\Controllers\HomepageController.php(16): CodeIgniter\BaseModel->findAll()
 6 SYSTEMPATH\CodeIgniter.php(934): App\Controllers\HomepageController->index()
 7 SYSTEMPATH\CodeIgniter.php(499): CodeIgniter\CodeIgniter->runController(Object(App\Controllers\HomepageController))
 8 SYSTEMPATH\CodeIgniter.php(368): CodeIgniter\CodeIgniter->handleRequest(null, Object(Config\Cache), false)
 9 FCPATH\index.php(67): CodeIgniter\CodeIgniter->run()
10 SYSTEMPATH\Commands\Server\rewrite.php(47): require_once('FCPATH\\index.php')
ERROR - 2024-01-27 08:25:21 --> Error connecting to the database: mysqli_sql_exception: No connection could be made because the target machine actively refused it in C:\xampp\htdocs\ASKIFY BLOB\system\Database\MySQLi\Connection.php:173
Stack trace:
#0 C:\xampp\htdocs\ASKIFY BLOB\system\Database\MySQLi\Connection.php(173): mysqli->real_connect('localhost', 'root', Object(SensitiveParameterValue), 'project', 3306, '', 0)
#1 C:\xampp\htdocs\ASKIFY BLOB\system\Database\BaseConnection.php(391): CodeIgniter\Database\MySQLi\Connection->connect(false)
#2 C:\xampp\htdocs\ASKIFY BLOB\system\Database\BaseConnection.php(573): CodeIgniter\Database\BaseConnection->initialize()
#3 C:\xampp\htdocs\ASKIFY BLOB\system\Database\BaseBuilder.php(1601): CodeIgniter\Database\BaseConnection->query('SELECT *\nFROM `...', Array, false)
#4 C:\xampp\htdocs\ASKIFY BLOB\system\Model.php(240): CodeIgniter\Database\BaseBuilder->get()
#5 C:\xampp\htdocs\ASKIFY BLOB\system\BaseModel.php(618): CodeIgniter\Model->doFindAll(0, 0)
#6 C:\xampp\htdocs\ASKIFY BLOB\app\Controllers\HomepageController.php(16): CodeIgniter\BaseModel->findAll()
#7 C:\xampp\htdocs\ASKIFY BLOB\system\CodeIgniter.php(934): App\Controllers\HomepageController->index()
#8 C:\xampp\htdocs\ASKIFY BLOB\system\CodeIgniter.php(499): CodeIgniter\CodeIgniter->runController(Object(App\Controllers\HomepageController))
#9 C:\xampp\htdocs\ASKIFY BLOB\system\CodeIgniter.php(368): CodeIgniter\CodeIgniter->handleRequest(NULL, Object(Config\Cache), false)
#10 C:\xampp\htdocs\ASKIFY BLOB\public\index.php(67): CodeIgniter\CodeIgniter->run()
#11 C:\xampp\htdocs\ASKIFY BLOB\system\Commands\Server\rewrite.php(47): require_once('C:\\xampp\\htdocs...')
#12 {main}

Next CodeIgniter\Database\Exceptions\DatabaseException: No connection could be made because the target machine actively refused it in C:\xampp\htdocs\ASKIFY BLOB\system\Database\MySQLi\Connection.php:218
Stack trace:
#0 C:\xampp\htdocs\ASKIFY BLOB\system\Database\BaseConnection.php(391): CodeIgniter\Database\MySQLi\Connection->connect(false)
#1 C:\xampp\htdocs\ASKIFY BLOB\system\Database\BaseConnection.php(573): CodeIgniter\Database\BaseConnection->initialize()
#2 C:\xampp\htdocs\ASKIFY BLOB\system\Database\BaseBuilder.php(1601): CodeIgniter\Database\BaseConnection->query('SELECT *\nFROM `...', Array, false)
#3 C:\xampp\htdocs\ASKIFY BLOB\system\Model.php(240): CodeIgniter\Database\BaseBuilder->get()
#4 C:\xampp\htdocs\ASKIFY BLOB\system\BaseModel.php(618): CodeIgniter\Model->doFindAll(0, 0)
#5 C:\xampp\htdocs\ASKIFY BLOB\app\Controllers\HomepageController.php(16): CodeIgniter\BaseModel->findAll()
#6 C:\xampp\htdocs\ASKIFY BLOB\system\CodeIgniter.php(934): App\Controllers\HomepageController->index()
#7 C:\xampp\htdocs\ASKIFY BLOB\system\CodeIgniter.php(499): CodeIgniter\CodeIgniter->runController(Object(App\Controllers\HomepageController))
#8 C:\xampp\htdocs\ASKIFY BLOB\system\CodeIgniter.php(368): CodeIgniter\CodeIgniter->handleRequest(NULL, Object(Config\Cache), false)
#9 C:\xampp\htdocs\ASKIFY BLOB\public\index.php(67): CodeIgniter\CodeIgniter->run()
#10 C:\xampp\htdocs\ASKIFY BLOB\system\Commands\Server\rewrite.php(47): require_once('C:\\xampp\\htdocs...')
#11 {main}
CRITICAL - 2024-01-27 08:25:21 --> Unable to connect to the database.
Main connection [MySQLi]: No connection could be made because the target machine actively refused it
in SYSTEMPATH\Database\BaseConnection.php on line 427.
 1 SYSTEMPATH\Database\BaseConnection.php(573): CodeIgniter\Database\BaseConnection->initialize()
 2 SYSTEMPATH\Database\BaseBuilder.php(1601): CodeIgniter\Database\BaseConnection->query('SELECT *
FROM `categories`', [], false)
 3 SYSTEMPATH\Model.php(240): CodeIgniter\Database\BaseBuilder->get()
 4 SYSTEMPATH\BaseModel.php(618): CodeIgniter\Model->doFindAll(0, 0)
 5 APPPATH\Controllers\HomepageController.php(16): CodeIgniter\BaseModel->findAll()
 6 SYSTEMPATH\CodeIgniter.php(934): App\Controllers\HomepageController->index()
 7 SYSTEMPATH\CodeIgniter.php(499): CodeIgniter\CodeIgniter->runController(Object(App\Controllers\HomepageController))
 8 SYSTEMPATH\CodeIgniter.php(368): CodeIgniter\CodeIgniter->handleRequest(null, Object(Config\Cache), false)
 9 FCPATH\index.php(67): CodeIgniter\CodeIgniter->run()
10 SYSTEMPATH\Commands\Server\rewrite.php(47): require_once('FCPATH\\index.php')
CRITICAL - 2024-01-27 08:46:04 --> Undefined variable $questions
in APPPATH\Views\user\homepage.php on line 216.
 1 APPPATH\Views\user\homepage.php(216): CodeIgniter\Debug\Exceptions->errorHandler(2, 'Undefined variable $questions', 'APPPATH\\Views\\user\\homepage.php', 216)
 2 SYSTEMPATH\View\View.php(213): include('APPPATH\\Views\\user\\homepage.php')
 3 SYSTEMPATH\View\View.php(216): CodeIgniter\View\View->CodeIgniter\View\{closure}()
 4 SYSTEMPATH\Common.php(1177): CodeIgniter\View\View->render('user/homepage', [], true)
 5 APPPATH\Controllers\HomepageController.php(19): view('user/homepage', [...])
 6 SYSTEMPATH\CodeIgniter.php(934): App\Controllers\HomepageController->index()
 7 SYSTEMPATH\CodeIgniter.php(499): CodeIgniter\CodeIgniter->runController(Object(App\Controllers\HomepageController))
 8 SYSTEMPATH\CodeIgniter.php(368): CodeIgniter\CodeIgniter->handleRequest(null, Object(Config\Cache), false)
 9 FCPATH\index.php(67): CodeIgniter\CodeIgniter->run()
10 SYSTEMPATH\Commands\Server\rewrite.php(47): require_once('FCPATH\\index.php')
CRITICAL - 2024-01-27 08:46:04 --> Undefined variable $questions
in APPPATH\Views\user\homepage.php on line 216.
 1 APPPATH\Views\user\homepage.php(216): CodeIgniter\Debug\Exceptions->errorHandler(2, 'Undefined variable $questions', 'APPPATH\\Views\\user\\homepage.php', 216)
 2 SYSTEMPATH\View\View.php(213): include('APPPATH\\Views\\user\\homepage.php')
 3 SYSTEMPATH\View\View.php(216): CodeIgniter\View\View->CodeIgniter\View\{closure}()
 4 SYSTEMPATH\Common.php(1177): CodeIgniter\View\View->render('user/homepage', [], true)
 5 APPPATH\Controllers\HomepageController.php(19): view('user/homepage', [...])
 6 SYSTEMPATH\CodeIgniter.php(934): App\Controllers\HomepageController->index()
 7 SYSTEMPATH\CodeIgniter.php(499): CodeIgniter\CodeIgniter->runController(Object(App\Controllers\HomepageController))
 8 SYSTEMPATH\CodeIgniter.php(368): CodeIgniter\CodeIgniter->handleRequest(null, Object(Config\Cache), false)
 9 FCPATH\index.php(67): CodeIgniter\CodeIgniter->run()
10 SYSTEMPATH\Commands\Server\rewrite.php(47): require_once('FCPATH\\index.php')
CRITICAL - 2024-01-27 08:46:05 --> Undefined variable $questions
in APPPATH\Views\user\homepage.php on line 216.
 1 APPPATH\Views\user\homepage.php(216): CodeIgniter\Debug\Exceptions->errorHandler(2, 'Undefined variable $questions', 'APPPATH\\Views\\user\\homepage.php', 216)
 2 SYSTEMPATH\View\View.php(213): include('APPPATH\\Views\\user\\homepage.php')
 3 SYSTEMPATH\View\View.php(216): CodeIgniter\View\View->CodeIgniter\View\{closure}()
 4 SYSTEMPATH\Common.php(1177): CodeIgniter\View\View->render('user/homepage', [], true)
 5 APPPATH\Controllers\HomepageController.php(19): view('user/homepage', [...])
 6 SYSTEMPATH\CodeIgniter.php(934): App\Controllers\HomepageController->index()
 7 SYSTEMPATH\CodeIgniter.php(499): CodeIgniter\CodeIgniter->runController(Object(App\Controllers\HomepageController))
 8 SYSTEMPATH\CodeIgniter.php(368): CodeIgniter\CodeIgniter->handleRequest(null, Object(Config\Cache), false)
 9 FCPATH\index.php(67): CodeIgniter\CodeIgniter->run()
10 SYSTEMPATH\Commands\Server\rewrite.php(47): require_once('FCPATH\\index.php')
CRITICAL - 2024-01-27 08:46:38 --> Undefined array key "profile_photo"
in APPPATH\Views\user\homepage.php on line 220.
 1 APPPATH\Views\user\homepage.php(220): CodeIgniter\Debug\Exceptions->errorHandler(2, 'Undefined array key "profile_photo"', 'APPPATH\\Views\\user\\homepage.php', 220)
 2 SYSTEMPATH\View\View.php(213): include('APPPATH\\Views\\user\\homepage.php')
 3 SYSTEMPATH\View\View.php(216): CodeIgniter\View\View->CodeIgniter\View\{closure}()
 4 SYSTEMPATH\Common.php(1177): CodeIgniter\View\View->render('user/homepage', [], true)
 5 APPPATH\Controllers\HomepageController.php(19): view('user/homepage', [...])
 6 SYSTEMPATH\CodeIgniter.php(934): App\Controllers\HomepageController->index()
 7 SYSTEMPATH\CodeIgniter.php(499): CodeIgniter\CodeIgniter->runController(Object(App\Controllers\HomepageController))
 8 SYSTEMPATH\CodeIgniter.php(368): CodeIgniter\CodeIgniter->handleRequest(null, Object(Config\Cache), false)
 9 FCPATH\index.php(67): CodeIgniter\CodeIgniter->run()
10 SYSTEMPATH\Commands\Server\rewrite.php(47): require_once('FCPATH\\index.php')
CRITICAL - 2024-01-27 08:46:38 --> Undefined array key "profile_photo"
in APPPATH\Views\user\homepage.php on line 220.
 1 APPPATH\Views\user\homepage.php(220): CodeIgniter\Debug\Exceptions->errorHandler(2, 'Undefined array key "profile_photo"', 'APPPATH\\Views\\user\\homepage.php', 220)
 2 SYSTEMPATH\View\View.php(213): include('APPPATH\\Views\\user\\homepage.php')
 3 SYSTEMPATH\View\View.php(216): CodeIgniter\View\View->CodeIgniter\View\{closure}()
 4 SYSTEMPATH\Common.php(1177): CodeIgniter\View\View->render('user/homepage', [], true)
 5 APPPATH\Controllers\HomepageController.php(19): view('user/homepage', [...])
 6 SYSTEMPATH\CodeIgniter.php(934): App\Controllers\HomepageController->index()
 7 SYSTEMPATH\CodeIgniter.php(499): CodeIgniter\CodeIgniter->runController(Object(App\Controllers\HomepageController))
 8 SYSTEMPATH\CodeIgniter.php(368): CodeIgniter\CodeIgniter->handleRequest(null, Object(Config\Cache), false)
 9 FCPATH\index.php(67): CodeIgniter\CodeIgniter->run()
10 SYSTEMPATH\Commands\Server\rewrite.php(47): require_once('FCPATH\\index.php')
CRITICAL - 2024-01-27 08:46:39 --> Undefined array key "profile_photo"
in APPPATH\Views\user\homepage.php on line 220.
 1 APPPATH\Views\user\homepage.php(220): CodeIgniter\Debug\Exceptions->errorHandler(2, 'Undefined array key "profile_photo"', 'APPPATH\\Views\\user\\homepage.php', 220)
 2 SYSTEMPATH\View\View.php(213): include('APPPATH\\Views\\user\\homepage.php')
 3 SYSTEMPATH\View\View.php(216): CodeIgniter\View\View->CodeIgniter\View\{closure}()
 4 SYSTEMPATH\Common.php(1177): CodeIgniter\View\View->render('user/homepage', [], true)
 5 APPPATH\Controllers\HomepageController.php(19): view('user/homepage', [...])
 6 SYSTEMPATH\CodeIgniter.php(934): App\Controllers\HomepageController->index()
 7 SYSTEMPATH\CodeIgniter.php(499): CodeIgniter\CodeIgniter->runController(Object(App\Controllers\HomepageController))
 8 SYSTEMPATH\CodeIgniter.php(368): CodeIgniter\CodeIgniter->handleRequest(null, Object(Config\Cache), false)
 9 FCPATH\index.php(67): CodeIgniter\CodeIgniter->run()
10 SYSTEMPATH\Commands\Server\rewrite.php(47): require_once('FCPATH\\index.php')
CRITICAL - 2024-01-27 08:46:39 --> Undefined array key "profile_photo"
in APPPATH\Views\user\homepage.php on line 220.
 1 APPPATH\Views\user\homepage.php(220): CodeIgniter\Debug\Exceptions->errorHandler(2, 'Undefined array key "profile_photo"', 'APPPATH\\Views\\user\\homepage.php', 220)
 2 SYSTEMPATH\View\View.php(213): include('APPPATH\\Views\\user\\homepage.php')
 3 SYSTEMPATH\View\View.php(216): CodeIgniter\View\View->CodeIgniter\View\{closure}()
 4 SYSTEMPATH\Common.php(1177): CodeIgniter\View\View->render('user/homepage', [], true)
 5 APPPATH\Controllers\HomepageController.php(19): view('user/homepage', [...])
 6 SYSTEMPATH\CodeIgniter.php(934): App\Controllers\HomepageController->index()
 7 SYSTEMPATH\CodeIgniter.php(499): CodeIgniter\CodeIgniter->runController(Object(App\Controllers\HomepageController))
 8 SYSTEMPATH\CodeIgniter.php(368): CodeIgniter\CodeIgniter->handleRequest(null, Object(Config\Cache), false)
 9 FCPATH\index.php(67): CodeIgniter\CodeIgniter->run()
10 SYSTEMPATH\Commands\Server\rewrite.php(47): require_once('FCPATH\\index.php')
CRITICAL - 2024-01-27 08:46:39 --> Undefined array key "profile_photo"
in APPPATH\Views\user\homepage.php on line 220.
 1 APPPATH\Views\user\homepage.php(220): CodeIgniter\Debug\Exceptions->errorHandler(2, 'Undefined array key "profile_photo"', 'APPPATH\\Views\\user\\homepage.php', 220)
 2 SYSTEMPATH\View\View.php(213): include('APPPATH\\Views\\user\\homepage.php')
 3 SYSTEMPATH\View\View.php(216): CodeIgniter\View\View->CodeIgniter\View\{closure}()
 4 SYSTEMPATH\Common.php(1177): CodeIgniter\View\View->render('user/homepage', [], true)
 5 APPPATH\Controllers\HomepageController.php(19): view('user/homepage', [...])
 6 SYSTEMPATH\CodeIgniter.php(934): App\Controllers\HomepageController->index()
 7 SYSTEMPATH\CodeIgniter.php(499): CodeIgniter\CodeIgniter->runController(Object(App\Controllers\HomepageController))
 8 SYSTEMPATH\CodeIgniter.php(368): CodeIgniter\CodeIgniter->handleRequest(null, Object(Config\Cache), false)
 9 FCPATH\index.php(67): CodeIgniter\CodeIgniter->run()
10 SYSTEMPATH\Commands\Server\rewrite.php(47): require_once('FCPATH\\index.php')
CRITICAL - 2024-01-27 08:46:39 --> Undefined array key "profile_photo"
in APPPATH\Views\user\homepage.php on line 220.
 1 APPPATH\Views\user\homepage.php(220): CodeIgniter\Debug\Exceptions->errorHandler(2, 'Undefined array key "profile_photo"', 'APPPATH\\Views\\user\\homepage.php', 220)
 2 SYSTEMPATH\View\View.php(213): include('APPPATH\\Views\\user\\homepage.php')
 3 SYSTEMPATH\View\View.php(216): CodeIgniter\View\View->CodeIgniter\View\{closure}()
 4 SYSTEMPATH\Common.php(1177): CodeIgniter\View\View->render('user/homepage', [], true)
 5 APPPATH\Controllers\HomepageController.php(19): view('user/homepage', [...])
 6 SYSTEMPATH\CodeIgniter.php(934): App\Controllers\HomepageController->index()
 7 SYSTEMPATH\CodeIgniter.php(499): CodeIgniter\CodeIgniter->runController(Object(App\Controllers\HomepageController))
 8 SYSTEMPATH\CodeIgniter.php(368): CodeIgniter\CodeIgniter->handleRequest(null, Object(Config\Cache), false)
 9 FCPATH\index.php(67): CodeIgniter\CodeIgniter->run()
10 SYSTEMPATH\Commands\Server\rewrite.php(47): require_once('FCPATH\\index.php')
CRITICAL - 2024-01-27 08:46:42 --> Undefined array key "profile_photo"
in APPPATH\Views\user\homepage.php on line 220.
 1 APPPATH\Views\user\homepage.php(220): CodeIgniter\Debug\Exceptions->errorHandler(2, 'Undefined array key "profile_photo"', 'APPPATH\\Views\\user\\homepage.php', 220)
 2 SYSTEMPATH\View\View.php(213): include('APPPATH\\Views\\user\\homepage.php')
 3 SYSTEMPATH\View\View.php(216): CodeIgniter\View\View->CodeIgniter\View\{closure}()
 4 SYSTEMPATH\Common.php(1177): CodeIgniter\View\View->render('user/homepage', [], true)
 5 APPPATH\Controllers\HomepageController.php(19): view('user/homepage', [...])
 6 SYSTEMPATH\CodeIgniter.php(934): App\Controllers\HomepageController->index()
 7 SYSTEMPATH\CodeIgniter.php(499): CodeIgniter\CodeIgniter->runController(Object(App\Controllers\HomepageController))
 8 SYSTEMPATH\CodeIgniter.php(368): CodeIgniter\CodeIgniter->handleRequest(null, Object(Config\Cache), false)
 9 FCPATH\index.php(67): CodeIgniter\CodeIgniter->run()
10 SYSTEMPATH\Commands\Server\rewrite.php(47): require_once('FCPATH\\index.php')
CRITICAL - 2024-01-27 08:46:43 --> Undefined array key "profile_photo"
in APPPATH\Views\user\homepage.php on line 220.
 1 APPPATH\Views\user\homepage.php(220): CodeIgniter\Debug\Exceptions->errorHandler(2, 'Undefined array key "profile_photo"', 'APPPATH\\Views\\user\\homepage.php', 220)
 2 SYSTEMPATH\View\View.php(213): include('APPPATH\\Views\\user\\homepage.php')
 3 SYSTEMPATH\View\View.php(216): CodeIgniter\View\View->CodeIgniter\View\{closure}()
 4 SYSTEMPATH\Common.php(1177): CodeIgniter\View\View->render('user/homepage', [], true)
 5 APPPATH\Controllers\HomepageController.php(19): view('user/homepage', [...])
 6 SYSTEMPATH\CodeIgniter.php(934): App\Controllers\HomepageController->index()
 7 SYSTEMPATH\CodeIgniter.php(499): CodeIgniter\CodeIgniter->runController(Object(App\Controllers\HomepageController))
 8 SYSTEMPATH\CodeIgniter.php(368): CodeIgniter\CodeIgniter->handleRequest(null, Object(Config\Cache), false)
 9 FCPATH\index.php(67): CodeIgniter\CodeIgniter->run()
10 SYSTEMPATH\Commands\Server\rewrite.php(47): require_once('FCPATH\\index.php')
CRITICAL - 2024-01-27 08:46:43 --> Undefined array key "profile_photo"
in APPPATH\Views\user\homepage.php on line 220.
 1 APPPATH\Views\user\homepage.php(220): CodeIgniter\Debug\Exceptions->errorHandler(2, 'Undefined array key "profile_photo"', 'APPPATH\\Views\\user\\homepage.php', 220)
 2 SYSTEMPATH\View\View.php(213): include('APPPATH\\Views\\user\\homepage.php')
 3 SYSTEMPATH\View\View.php(216): CodeIgniter\View\View->CodeIgniter\View\{closure}()
 4 SYSTEMPATH\Common.php(1177): CodeIgniter\View\View->render('user/homepage', [], true)
 5 APPPATH\Controllers\HomepageController.php(19): view('user/homepage', [...])
 6 SYSTEMPATH\CodeIgniter.php(934): App\Controllers\HomepageController->index()
 7 SYSTEMPATH\CodeIgniter.php(499): CodeIgniter\CodeIgniter->runController(Object(App\Controllers\HomepageController))
 8 SYSTEMPATH\CodeIgniter.php(368): CodeIgniter\CodeIgniter->handleRequest(null, Object(Config\Cache), false)
 9 FCPATH\index.php(67): CodeIgniter\CodeIgniter->run()
10 SYSTEMPATH\Commands\Server\rewrite.php(47): require_once('FCPATH\\index.php')
CRITICAL - 2024-01-27 08:47:00 --> Undefined array key "profile_photo"
in APPPATH\Views\user\homepage.php on line 220.
 1 APPPATH\Views\user\homepage.php(220): CodeIgniter\Debug\Exceptions->errorHandler(2, 'Undefined array key "profile_photo"', 'APPPATH\\Views\\user\\homepage.php', 220)
 2 SYSTEMPATH\View\View.php(213): include('APPPATH\\Views\\user\\homepage.php')
 3 SYSTEMPATH\View\View.php(216): CodeIgniter\View\View->CodeIgniter\View\{closure}()
 4 SYSTEMPATH\Common.php(1177): CodeIgniter\View\View->render('user/homepage', [], true)
 5 APPPATH\Controllers\HomepageController.php(19): view('user/homepage', [...])
 6 SYSTEMPATH\CodeIgniter.php(934): App\Controllers\HomepageController->index()
 7 SYSTEMPATH\CodeIgniter.php(499): CodeIgniter\CodeIgniter->runController(Object(App\Controllers\HomepageController))
 8 SYSTEMPATH\CodeIgniter.php(368): CodeIgniter\CodeIgniter->handleRequest(null, Object(Config\Cache), false)
 9 FCPATH\index.php(67): CodeIgniter\CodeIgniter->run()
10 SYSTEMPATH\Commands\Server\rewrite.php(47): require_once('FCPATH\\index.php')
CRITICAL - 2024-01-27 08:47:00 --> Undefined array key "profile_photo"
in APPPATH\Views\user\homepage.php on line 220.
 1 APPPATH\Views\user\homepage.php(220): CodeIgniter\Debug\Exceptions->errorHandler(2, 'Undefined array key "profile_photo"', 'APPPATH\\Views\\user\\homepage.php', 220)
 2 SYSTEMPATH\View\View.php(213): include('APPPATH\\Views\\user\\homepage.php')
 3 SYSTEMPATH\View\View.php(216): CodeIgniter\View\View->CodeIgniter\View\{closure}()
 4 SYSTEMPATH\Common.php(1177): CodeIgniter\View\View->render('user/homepage', [], true)
 5 APPPATH\Controllers\HomepageController.php(19): view('user/homepage', [...])
 6 SYSTEMPATH\CodeIgniter.php(934): App\Controllers\HomepageController->index()
 7 SYSTEMPATH\CodeIgniter.php(499): CodeIgniter\CodeIgniter->runController(Object(App\Controllers\HomepageController))
 8 SYSTEMPATH\CodeIgniter.php(368): CodeIgniter\CodeIgniter->handleRequest(null, Object(Config\Cache), false)
 9 FCPATH\index.php(67): CodeIgniter\CodeIgniter->run()
10 SYSTEMPATH\Commands\Server\rewrite.php(47): require_once('FCPATH\\index.php')
CRITICAL - 2024-01-27 08:47:38 --> Undefined array key "profile_photo"
in APPPATH\Views\user\homepage.php on line 220.
 1 APPPATH\Views\user\homepage.php(220): CodeIgniter\Debug\Exceptions->errorHandler(2, 'Undefined array key "profile_photo"', 'APPPATH\\Views\\user\\homepage.php', 220)
 2 SYSTEMPATH\View\View.php(213): include('APPPATH\\Views\\user\\homepage.php')
 3 SYSTEMPATH\View\View.php(216): CodeIgniter\View\View->CodeIgniter\View\{closure}()
 4 SYSTEMPATH\Common.php(1177): CodeIgniter\View\View->render('user/homepage', [], true)
 5 APPPATH\Controllers\HomepageController.php(19): view('user/homepage', [...])
 6 SYSTEMPATH\CodeIgniter.php(934): App\Controllers\HomepageController->index()
 7 SYSTEMPATH\CodeIgniter.php(499): CodeIgniter\CodeIgniter->runController(Object(App\Controllers\HomepageController))
 8 SYSTEMPATH\CodeIgniter.php(368): CodeIgniter\CodeIgniter->handleRequest(null, Object(Config\Cache), false)
 9 FCPATH\index.php(67): CodeIgniter\CodeIgniter->run()
10 SYSTEMPATH\Commands\Server\rewrite.php(47): require_once('FCPATH\\index.php')
CRITICAL - 2024-01-27 08:47:38 --> Undefined array key "username"
in APPPATH\Views\user\homepage.php on line 223.
 1 APPPATH\Views\user\homepage.php(223): CodeIgniter\Debug\Exceptions->errorHandler(2, 'Undefined array key "username"', 'APPPATH\\Views\\user\\homepage.php', 223)
 2 SYSTEMPATH\View\View.php(213): include('APPPATH\\Views\\user\\homepage.php')
 3 SYSTEMPATH\View\View.php(216): CodeIgniter\View\View->CodeIgniter\View\{closure}()
 4 SYSTEMPATH\Common.php(1177): CodeIgniter\View\View->render('user/homepage', [], true)
 5 APPPATH\Controllers\HomepageController.php(19): view('user/homepage', [...])
 6 SYSTEMPATH\CodeIgniter.php(934): App\Controllers\HomepageController->index()
 7 SYSTEMPATH\CodeIgniter.php(499): CodeIgniter\CodeIgniter->runController(Object(App\Controllers\HomepageController))
 8 SYSTEMPATH\CodeIgniter.php(368): CodeIgniter\CodeIgniter->handleRequest(null, Object(Config\Cache), false)
 9 FCPATH\index.php(67): CodeIgniter\CodeIgniter->run()
10 SYSTEMPATH\Commands\Server\rewrite.php(47): require_once('FCPATH\\index.php')
CRITICAL - 2024-01-27 08:47:38 --> Undefined array key "username"
in APPPATH\Views\user\homepage.php on line 223.
 1 APPPATH\Views\user\homepage.php(223): CodeIgniter\Debug\Exceptions->errorHandler(2, 'Undefined array key "username"', 'APPPATH\\Views\\user\\homepage.php', 223)
 2 SYSTEMPATH\View\View.php(213): include('APPPATH\\Views\\user\\homepage.php')
 3 SYSTEMPATH\View\View.php(216): CodeIgniter\View\View->CodeIgniter\View\{closure}()
 4 SYSTEMPATH\Common.php(1177): CodeIgniter\View\View->render('user/homepage', [], true)
 5 APPPATH\Controllers\HomepageController.php(19): view('user/homepage', [...])
 6 SYSTEMPATH\CodeIgniter.php(934): App\Controllers\HomepageController->index()
 7 SYSTEMPATH\CodeIgniter.php(499): CodeIgniter\CodeIgniter->runController(Object(App\Controllers\HomepageController))
 8 SYSTEMPATH\CodeIgniter.php(368): CodeIgniter\CodeIgniter->handleRequest(null, Object(Config\Cache), false)
 9 FCPATH\index.php(67): CodeIgniter\CodeIgniter->run()
10 SYSTEMPATH\Commands\Server\rewrite.php(47): require_once('FCPATH\\index.php')
CRITICAL - 2024-01-27 08:47:38 --> Undefined array key "username"
in APPPATH\Views\user\homepage.php on line 223.
 1 APPPATH\Views\user\homepage.php(223): CodeIgniter\Debug\Exceptions->errorHandler(2, 'Undefined array key "username"', 'APPPATH\\Views\\user\\homepage.php', 223)
 2 SYSTEMPATH\View\View.php(213): include('APPPATH\\Views\\user\\homepage.php')
 3 SYSTEMPATH\View\View.php(216): CodeIgniter\View\View->CodeIgniter\View\{closure}()
 4 SYSTEMPATH\Common.php(1177): CodeIgniter\View\View->render('user/homepage', [], true)
 5 APPPATH\Controllers\HomepageController.php(19): view('user/homepage', [...])
 6 SYSTEMPATH\CodeIgniter.php(934): App\Controllers\HomepageController->index()
 7 SYSTEMPATH\CodeIgniter.php(499): CodeIgniter\CodeIgniter->runController(Object(App\Controllers\HomepageController))
 8 SYSTEMPATH\CodeIgniter.php(368): CodeIgniter\CodeIgniter->handleRequest(null, Object(Config\Cache), false)
 9 FCPATH\index.php(67): CodeIgniter\CodeIgniter->run()
10 SYSTEMPATH\Commands\Server\rewrite.php(47): require_once('FCPATH\\index.php')
